Log file open, 05/24/17 14:34:11
LogInit:Display: Running engine for game: Robotizer808
LogPlatformFile: Not using cached read wrapper
LogInit:Display: RandInit(-1603619874) SRandInit(-1603619874).
LogTaskGraph: Started task graph with 5 named threads and 10 total threads with 1 sets of task threads.
LogStats: Stats thread started at 0.120765
LogInit: Using libcurl 7.47.1
LogInit:  - built for x86_64-pc-win32
LogInit:  - supports SSL with OpenSSL/1.0.2g
LogInit:  - supports HTTP deflate (compression) using libz 1.2.8
LogInit:  - other features:
LogInit:      CURL_VERSION_SSL
LogInit:      CURL_VERSION_LIBZ
LogInit:      CURL_VERSION_IPV6
LogInit:      CURL_VERSION_ASYNCHDNS
LogInit:      CURL_VERSION_LARGEFILE
LogInit:      CURL_VERSION_IDN
LogInit:  CurlRequestOptions (configurable via config and command line):
LogInit:  - bVerifyPeer = false  - Libcurl will NOT verify peer certificate
LogInit:  - bUseHttpProxy = false  - Libcurl will NOT use HTTP proxy
LogInit:  - bDontReuseConnections = false  - Libcurl will reuse connections
LogInit:  - CertBundlePath = nullptr  - Libcurl will use whatever was configured at build time.
LogInit: Build: ++UE4+Release-4.15-CL-3416026
LogInit: Engine Version: 4.15.2-3416026+++UE4+Release-4.15
LogInit: Compatible Engine Version: 4.15.0-3299760+++UE4+Release-4.15
LogInit: Net CL: 3299760
LogDevObjectVersion: Number of dev versions registered: 14
LogDevObjectVersion:   Dev-Blueprints (B0D832E4-1F89-4F0D-ACCF-7EB736FD4AA2): 8
LogDevObjectVersion:   Dev-Build (E1C64328-A22C-4D53-A36C-8E866417BD8C): 0
LogDevObjectVersion:   Dev-Core (375EC13C-06E4-48FB-B500-84F0262A717E): 2
LogDevObjectVersion:   Dev-Editor (E4B068ED-F494-42E9-A231-DA0B2E46BB41): 14
LogDevObjectVersion:   Dev-Framework (CFFC743F-43B0-4480-9391-14DF171D2073): 22
LogDevObjectVersion:   Dev-Mobile (B02B49B5-BB20-44E9-A304-32B752E40360): 0
LogDevObjectVersion:   Dev-Networking (A4E4105C-59A1-49B5-A7C5-40C4547EDFEE): 0
LogDevObjectVersion:   Dev-Online (39C831C9-5AE6-47DC-9A44-9C173E1C8E7C): 0
LogDevObjectVersion:   Dev-Physics (78F01B33-EBEA-4F98-B9B4-84EACCB95AA2): 0
LogDevObjectVersion:   Dev-Platform (6631380F-2D4D-43E0-8009-CF276956A95A): 0
LogDevObjectVersion:   Dev-Rendering (12F88B9F-8875-4AFC-A67C-D90C383ABD29): 12
LogDevObjectVersion:   Dev-Sequencer (7B5AE74C-D270-4C10-A958-57980B212A5A): 3
LogDevObjectVersion:   Dev-VR (D7296918-1DD6-4BDD-9DE2-64A83CC13884): 0
LogDevObjectVersion:   Dev-LoadTimes (C2A15278-BFE7-4AFE-6C17-90FF531DF755): 1
LogInit: Compiled (64-bit): May  1 2017 13:11:28
LogInit: Compiled with Visual C++: 19.00.23026.00
LogInit: Build Configuration: Development
LogInit: Branch Name: ++UE4+Release-4.15
LogInit: Command line:  
LogInit: Base directory: C:/Program Files/Epic Games/UE_4.15/Engine/Binaries/Win64/
LogInit: Installed Engine Build: 1
LogInit: Presizing for max 8388607 objects, including 0 objects not considered by GC, pre-allocating 0 bytes for permanent pool.
LogInit: Object subsystem initialized
[2017.05.24-12.34.12:837][  0]LogInit: Selected Device Profile: [Windows]
[2017.05.24-12.34.12:837][  0]LogInit: Applying CVar settings loaded from the selected device profile: [Windows]
[2017.05.24-12.34.12:845][  0]LogInit: Computer: RONSWANSON
[2017.05.24-12.34.12:845][  0]LogInit: User: borisignjatovic
[2017.05.24-12.34.12:845][  0]LogInit: CPU Page size=65536, Cores=6
[2017.05.24-12.34.12:845][  0]LogInit: High frequency timer resolution =3.415995 MHz
[2017.05.24-12.34.12:846][  0]LogMemory: Memory total: Physical=63.9GB (64GB approx)
[2017.05.24-12.34.12:846][  0]LogMemory: Platform Memory Stats for Windows
[2017.05.24-12.34.12:846][  0]LogMemory: Process Physical Memory: 264.60 MB used, 264.60 MB peak
[2017.05.24-12.34.12:846][  0]LogMemory: Process Virtual Memory: 259.86 MB used, 259.86 MB peak
[2017.05.24-12.34.12:846][  0]LogMemory: Physical Memory: 6697.18 MB used,  58740.65 MB free, 65437.84 MB total
[2017.05.24-12.34.12:846][  0]LogMemory: Virtual Memory: 644.54 MB used,  58740.65 MB free, 134217728.00 MB total
[2017.05.24-12.34.13:335][  0]LogTextLocalizationManager: No specific translations for ('en-US') exist, so ('en') translations will be used.
[2017.05.24-12.34.14:079][  0]LogD3D11RHI: D3D11 adapters:
[2017.05.24-12.34.14:108][  0]LogD3D11RHI:    0. 'NVIDIA GeForce GTX 1080' (Feature Level 11_0)
[2017.05.24-12.34.14:108][  0]LogD3D11RHI:       8144/0/32718 MB DedicatedVideo/DedicatedSystem/SharedSystem, Outputs:2, VendorId:0x10de
[2017.05.24-12.34.14:140][  0]LogD3D11RHI:    1. 'NVIDIA GeForce GTX 1080' (Feature Level 11_0)
[2017.05.24-12.34.14:140][  0]LogD3D11RHI:       8144/0/32718 MB DedicatedVideo/DedicatedSystem/SharedSystem, Outputs:0, VendorId:0x10de
[2017.05.24-12.34.14:145][  0]LogD3D11RHI:    2. 'Microsoft Basic Render Driver' (Feature Level 11_0)
[2017.05.24-12.34.14:145][  0]LogD3D11RHI:       0/0/32718 MB DedicatedVideo/DedicatedSystem/SharedSystem, Outputs:0, VendorId:0x1414
[2017.05.24-12.34.14:145][  0]LogD3D11RHI: Chosen D3D11 Adapter: 0
[2017.05.24-12.34.14:151][  0]LogD3D11RHI: Creating new Direct3DDevice
[2017.05.24-12.34.14:151][  0]LogD3D11RHI:     GPU DeviceId: 0x1b80 (for the marketing name, search the web for "GPU Device Id")
[2017.05.24-12.34.14:151][  0]LogWindows: EnumDisplayDevices:
[2017.05.24-12.34.14:151][  0]LogWindows:    0. 'NVIDIA GeForce GTX 1080' (P:1 D:1)
[2017.05.24-12.34.14:152][  0]LogWindows:    1. 'NVIDIA GeForce GTX 1080' (P:0 D:1)
[2017.05.24-12.34.14:152][  0]LogWindows:    2. 'NVIDIA GeForce GTX 1080' (P:0 D:0)
[2017.05.24-12.34.14:152][  0]LogWindows:    3. 'NVIDIA GeForce GTX 1080' (P:0 D:0)
[2017.05.24-12.34.14:152][  0]LogWindows:    4. 'NVIDIA GeForce GTX 1080' (P:0 D:0)
[2017.05.24-12.34.14:152][  0]LogWindows:    5. 'NVIDIA GeForce GTX 1080' (P:0 D:0)
[2017.05.24-12.34.14:152][  0]LogWindows:    6. 'NVIDIA GeForce GTX 1080' (P:0 D:0)
[2017.05.24-12.34.14:152][  0]LogWindows:    7. 'NVIDIA GeForce GTX 1080' (P:0 D:0)
[2017.05.24-12.34.14:153][  0]LogWindows: DebugString: FoundDriverCount:8 
[2017.05.24-12.34.14:153][  0]LogD3D11RHI:     Adapter Name: NVIDIA GeForce GTX 1080
[2017.05.24-12.34.14:153][  0]LogD3D11RHI:   Driver Version: 376.53 (internal:21.21.13.7653, unified:376.53)
[2017.05.24-12.34.14:153][  0]LogD3D11RHI:      Driver Date: 12-29-2016
[2017.05.24-12.34.14:153][  0]LogRHI: Texture pool is 1361 MB (70% of 1945 MB)
[2017.05.24-12.34.14:167][  0]LogD3D11RHI: [Aftermath] Aftermath enabled but failed to initialize due to reason: DriverVersionNotSupported
[2017.05.24-12.34.14:167][  0]LogD3D11RHI: Async texture creation enabled
[2017.05.24-12.34.14:177][  0]LogD3D11RHI: GPU Timing Frequency: 1000.000000 (Debug: 2 1)
[2017.05.24-12.34.14:261][  0]LogShaderCompilers: Guid format shader working directory is -13 characters bigger than the processId version (../../../../../../LocalWork/UnrealTests/Robotizer808Repo/Robotizer808/Intermediate/Shaders/WorkingDirectory/13580/).
[2017.05.24-12.34.14:261][  0]LogShaderCompilers: Cleaned the shader compiler working directory 'C:/Users/boris.ignjatovic/AppData/Local/Temp/UnrealShaderWorkingDir/8E6C159B48D27A6E344EA0A70DAAFEAA/'.
[2017.05.24-12.34.14:261][  0]LogShaderCompilers:Display: Using Local Shader Compiler.
[2017.05.24-12.34.15:779][  0]LogTemp:Display: Loaded TP AllDesktopTargetPlatform
[2017.05.24-12.34.15:870][  0]LogTemp:Display: Loaded TP MacClientTargetPlatform
[2017.05.24-12.34.15:960][  0]LogTemp:Display: Loaded TP MacNoEditorTargetPlatform
[2017.05.24-12.34.16:051][  0]LogTemp:Display: Loaded TP MacServerTargetPlatform
[2017.05.24-12.34.16:141][  0]LogTemp:Display: Loaded TP MacTargetPlatform
[2017.05.24-12.34.16:231][  0]LogTemp:Display: Loaded TP WindowsClientTargetPlatform
[2017.05.24-12.34.16:323][  0]LogTemp:Display: Loaded TP WindowsNoEditorTargetPlatform
[2017.05.24-12.34.16:414][  0]LogTemp:Display: Loaded TP WindowsServerTargetPlatform
[2017.05.24-12.34.16:495][  0]LogTemp:Display: Loaded TP WindowsTargetPlatform
[2017.05.24-12.34.16:585][  0]LogTemp:Display: Loaded TP AndroidTargetPlatform
[2017.05.24-12.34.16:673][  0]LogTemp:Display: Loaded TP Android_ASTCTargetPlatform
[2017.05.24-12.34.16:762][  0]LogTemp:Display: Loaded TP Android_ATCTargetPlatform
[2017.05.24-12.34.16:851][  0]LogTemp:Display: Loaded TP Android_DXTTargetPlatform
[2017.05.24-12.34.16:941][  0]LogTemp:Display: Loaded TP Android_ETC1TargetPlatform
[2017.05.24-12.34.17:031][  0]LogTemp:Display: Loaded TP Android_ETC2TargetPlatform
[2017.05.24-12.34.17:210][  0]LogTemp:Display: Loaded TP Android_MultiTargetPlatform
[2017.05.24-12.34.17:210][  0]LogTemp:Display: Loaded TP Android_PVRTCTargetPlatform
[2017.05.24-12.34.17:285][  0]LogTemp:Display: Loaded TP HTML5TargetPlatform
[2017.05.24-12.34.17:441][  0]LogTemp:Display: Loaded TP IOSTargetPlatform
[2017.05.24-12.34.17:496][  0]LogTemp:Display: Loaded TP TVOSTargetPlatform
[2017.05.24-12.34.17:587][  0]LogTemp:Display: Loaded TP LinuxClientTargetPlatform
[2017.05.24-12.34.17:677][  0]LogTemp:Display: Loaded TP LinuxNoEditorTargetPlatform
[2017.05.24-12.34.17:766][  0]LogTemp:Display: Loaded TP LinuxServerTargetPlatform
[2017.05.24-12.34.17:857][  0]LogTemp:Display: Loaded TP LinuxTargetPlatform
[2017.05.24-12.34.17:857][  0]LogTargetPlatformManager:Display: Building Assets For Windows
[2017.05.24-12.34.18:794][  0]LogDerivedDataCache:Display: Max Cache Size: 512 MB
[2017.05.24-12.34.18:843][  0]LogDerivedDataCache: Loaded boot cache 0.05s 50MB C:/Users/boris.ignjatovic/AppData/Local/UnrealEngine/4.15/DerivedDataCache/Boot.ddc.
[2017.05.24-12.34.18:844][  0]LogDerivedDataCache:Display: Loaded Boot cache: C:/Users/boris.ignjatovic/AppData/Local/UnrealEngine/4.15/DerivedDataCache/Boot.ddc
[2017.05.24-12.34.18:844][  0]LogDerivedDataCache: FDerivedDataBackendGraph:  Pak pak cache file ../../../../../../LocalWork/UnrealTests/Robotizer808Repo/Robotizer808/DerivedDataCache/DDC.ddp not found, will not use a pak cache.
[2017.05.24-12.34.18:844][  0]LogDerivedDataCache: Unable to find inner node Pak for hierarchical cache Hierarchy.
[2017.05.24-12.34.18:844][  0]LogDerivedDataCache: FDerivedDataBackendGraph:  CompressedPak pak cache file ../../../../../../LocalWork/UnrealTests/Robotizer808Repo/Robotizer808/DerivedDataCache/Compressed.ddp not found, will not use a pak cache.
[2017.05.24-12.34.18:844][  0]LogDerivedDataCache: Unable to find inner node CompressedPak for hierarchical cache Hierarchy.
[2017.05.24-12.34.18:859][  0]LogDerivedDataCache:Display: Pak cache opened for reading ../../../Engine/DerivedDataCache/Compressed.ddp.
[2017.05.24-12.34.18:872][  0]LogDerivedDataCache: Using Local data cache path C:/Users/boris.ignjatovic/AppData/Local/UnrealEngine/Common/DerivedDataCache: Writable
[2017.05.24-12.34.18:880][  0]LogSlate: Using Freetype 2.6.0
[2017.05.24-12.34.18:881][  0]LogSlate: SlateFontCache - WITH_FREETYPE: 1, WITH_HARFBUZZ: 1
[2017.05.24-12.34.18:881][  0]LogSlate: SlateFontCache - WITH_FREETYPE: 1, WITH_HARFBUZZ: 1
[2017.05.24-12.34.19:157][  0]LogInit: Selected Device Profile: [Windows]
[2017.05.24-12.34.19:159][  0]LogContentStreaming: Texture pool size is 0.00 MB
[2017.05.24-12.34.19:457][  0]LogMeshUtilities: Using QuadricMeshReduction for automatic static mesh reduction
[2017.05.24-12.34.19:539][  0]LogSimplygon: Simplygon DLL not present - disabling.
[2017.05.24-12.34.19:628][  0]LogMeshUtilities: Using SimplygonSwarm for distributed automatic mesh merging
[2017.05.24-12.34.19:628][  0]LogMeshUtilities: No automatic skeletal mesh reduction module available
[2017.05.24-12.34.19:628][  0]LogMeshUtilities: No automatic mesh merging module available
[2017.05.24-12.34.20:238][  0]LogNetVersion: GetLocalNetworkVersion: CL: 3299760, ProjectName: robotizer808, ProjectVersion: , EngineNetworkVersion: 2, GameNetworkVersion: 0, NetworkChecksum: 3630192969
[2017.05.24-12.34.20:305][  0]LogAssetRegistry: FAssetRegistry took 0.0224 seconds to start up
[2017.05.24-12.34.20:369][  0]LogPackageLocalizationCache: Processed 3 localized package path(s) for 2 prioritized culture(s) in 0.025351 seconds
[2017.05.24-12.34.20:373][  0]LogUObjectArray: 32493 objects as part of root set at end of initial load.
[2017.05.24-12.34.20:373][  0]LogUObjectAllocator: 7077024 out of 0 bytes used by permanent object pool.
[2017.05.24-12.34.20:373][  0]LogUObjectArray: CloseDisregardForGC: 0/0 objects in disregard for GC pool
[2017.05.24-12.34.20:492][  0]LogInit: WinSock: version 1.1 (2.2), MaxSocks=32767, MaxUdp=65467
[2017.05.24-12.34.23:143][  0]LogTcpMessaging: Initializing TcpMessaging bridge
[2017.05.24-12.34.23:209][  0]LogUdpMessaging: Initializing bridge on interface 0.0.0.0:0 to multicast group 230.0.0.1:6666.
[2017.05.24-12.34.24:063][  0]LogMaterial: Uniform references updated for custom material expression Custom.
[2017.05.24-12.34.24:704][  0]SourceControl: Info Source control is disabled
[2017.05.24-12.34.24:801][  0]SourceControl: Info Source control is disabled
[2017.05.24-12.34.24:890][  0]SourceControl: Info Source control is disabled
[2017.05.24-12.34.24:981][  0]SourceControl: Info Source control is disabled
[2017.05.24-12.34.27:284][  0]LogEngine: Initializing Engine...
[2017.05.24-12.34.27:768][  0]LogHMD: Failed to initialize OpenVR with code 108
[2017.05.24-12.34.27:874][  0]LogStats: UGameplayTagsManager::ConstructGameplayTagTree: Construct from data asset -  0.000 s
[2017.05.24-12.34.27:874][  0]LogStats: UGameplayTagsManager::ConstructGameplayTagTree: GameplayTagTreeChangedEvent.Broadcast -  0.000 s
[2017.05.24-12.34.28:104][  0]LogAIModule: Creating AISystem for world Untitled
[2017.05.24-12.34.28:123][  0]LogInit: XAudio2 using 'EV2416W-4 (2- NVIDIA High Definition Audio)' : 2 channels at 48 kHz using 16 bits per sample (channel mask 0x3)
[2017.05.24-12.34.28:193][  0]LogInit: FAudioDevice initialized.
[2017.05.24-12.34.28:218][  0]LogDerivedDataCache: Saved boot cache 0.03s 50MB C:/Users/boris.ignjatovic/AppData/Local/UnrealEngine/4.15/DerivedDataCache/Boot.ddc.
[2017.05.24-12.34.28:222][  0]LogInit: Texture streaming: Enabled
[2017.05.24-12.34.28:413][  0]LogEngineSessionManager: EngineSessionManager initialized
[2017.05.24-12.34.28:585][  0]LogInit: Transaction tracking system initialized
[2017.05.24-12.34.29:230][  0]BlueprintLog: New page: Editor Load
[2017.05.24-12.34.30:897][  0]LocalizationService: Info Localization service is disabled
[2017.05.24-12.34.32:397][  0]LogConsoleResponse:Display: 
[2017.05.24-12.34.32:540][  0]LogCook:Display: Max memory allowance for cook 16384mb min free memory 0mb
[2017.05.24-12.34.32:540][  0]LogCook:Display: Mobile HDR setting 1
[2017.05.24-12.34.33:434][  0]LogFileCache: Scanning file cache for directory 'C:/LocalWork/UnrealTests/Robotizer808Repo/Robotizer808/Content/' took 0.02s
[2017.05.24-12.34.34:504][  0]SourceControl: Info Source control is disabled
[2017.05.24-12.34.34:504][  0]Cmd: MAP LOAD FILE="../../../../../../LocalWork/UnrealTests/Robotizer808Repo/Robotizer808/Content/SideScrollerBP/Maps/SideScrollerExampleMap.umap" TEMPLATE=0 SHOWPROGRESS=1 FEATURELEVEL=3
[2017.05.24-12.34.34:504][  0]LogEditorServer:Warning: Can't find file '../../../../../../LocalWork/UnrealTests/Robotizer808Repo/Robotizer808/Content/SideScrollerBP/Maps/SideScrollerExampleMap.umap'
[2017.05.24-12.34.34:504][  0]Cmd: MAP CHECKDEP NOCLEARLOG
[2017.05.24-12.34.34:574][  0]MapCheck: Info Map check complete: 0 Error(s), 0 Warning(s), took 70.246ms to complete.
[2017.05.24-12.34.34:574][  0]LogFileHelpers: Loading map 'SideScrollerExampleMap' took 0.071
[2017.05.24-12.34.34:802][  0]LogCollectionManager: Loaded 0 collections in 0.001742 seconds
[2017.05.24-12.34.34:920][  0]LogFileCache: Scanning file cache for directory 'C:/LocalWork/UnrealTests/Robotizer808Repo/Robotizer808/Saved/Collections/' took 0.01s
[2017.05.24-12.34.34:920][  0]LogFileCache: Scanning file cache for directory 'C:/LocalWork/UnrealTests/Robotizer808Repo/Robotizer808/Content/Developers/borisignjatovic/Collections/' took 0.01s
[2017.05.24-12.34.34:920][  0]LogFileCache: Scanning file cache for directory 'C:/LocalWork/UnrealTests/Robotizer808Repo/Robotizer808/Content/Collections/' took 0.01s
[2017.05.24-12.34.34:920][  0]LogCollectionManager: Rebuilt the GUID cache for 0 collections in 0.000001 seconds
[2017.05.24-12.34.34:928][  0]LogContentBrowser: Native class hierarchy populated in 0.0079 seconds. Added 2245 classes and 453 folders.
[2017.05.24-12.34.35:044][  0]LogContentBrowser: Native class hierarchy updated for 'WidgetCarousel' in 0.0005 seconds. Added 0 classes and 0 folders.
[2017.05.24-12.34.35:112][  0]LogContentBrowser: Native class hierarchy updated for 'AddContentDialog' in 0.0005 seconds. Added 0 classes and 0 folders.
[2017.05.24-12.34.35:205][  0]LogContentBrowser: Native class hierarchy updated for 'SceneOutliner' in 0.0006 seconds. Added 1 classes and 2 folders.
[2017.05.24-12.34.35:314][  0]LogCrashTracker: Crashtracker disabled due to settings.
[2017.05.24-12.34.35:319][  0]LogUObjectGlobals:Warning: Failed to find object 'Class None.'
[2017.05.24-12.34.35:429][  0]LogContentBrowser: Native class hierarchy updated for 'HierarchicalLODOutliner' in 0.0006 seconds. Added 1 classes and 2 folders.
[2017.05.24-12.34.35:429][  0]LogLoad: (Engine Initialization) Total time: 25.24 seconds
[2017.05.24-12.34.35:429][  0]LogLoad: (Engine Initialization) Total Blueprint compile time: 0.07 seconds
[2017.05.24-12.34.35:429][  0]LogExternalProfiler: Found external profiler: VSPerf
[2017.05.24-12.34.35:429][  0]LogExternalProfiler: Using external profiler: VSPerf
[2017.05.24-12.34.35:769][  0]LogOcInput: OculusInput pre-init called
[2017.05.24-12.34.35:789][  0]LogContentStreaming: Texture pool size now 1000 MB
[2017.05.24-12.34.35:790][  0]LogSlate: Took 0.000372 seconds to synchronously load lazily loaded font '../../../Engine/Content/Slate/Fonts/Roboto-Regular.ttf' (155K)
[2017.05.24-12.34.35:793][  0]LogSlate: Took 0.000307 seconds to synchronously load lazily loaded font '../../../Engine/Content/Slate/Fonts/Roboto-Bold.ttf' (160K)
[2017.05.24-12.34.35:798][  0]LogSlate: Took 0.000273 seconds to synchronously load lazily loaded font '../../../Engine/Content/Editor/Slate/Fonts/FontAwesome.ttf' (139K)
[2017.05.24-12.34.35:945][  0]LogRenderer: Reallocating scene render targets to support 1172x660 NumSamples 1 (Frame:2).
[2017.05.24-12.34.36:109][  1]LogAssetRegistry: Asset discovery search completed in 15.8260 seconds
[2017.05.24-12.34.36:109][  1]LogCollectionManager: Rebuilt the object cache for 0 collections in 0.000003 seconds (found 0 objects)
[2017.05.24-12.34.36:109][  1]LogCollectionManager: Fixed up redirectors for 0 collections in 0.000019 seconds (updated 0 objects)
[2017.05.24-12.34.40:110][ 13]LogSlate: Took 0.000300 seconds to synchronously load lazily loaded font '../../../Engine/Content/Slate/Fonts/Roboto-Light.ttf' (159K)
[2017.05.24-12.34.52:824][253]LogSlate: Took 0.000255 seconds to synchronously load lazily loaded font '../../../Engine/Content/Slate/Fonts/Roboto-Light.ttf' (159K)
[2017.05.24-12.34.53:454][253]LogAIModule: Creating AISystem for world Level_1
[2017.05.24-12.34.53:493][253]Cmd: MAP LOAD FILE="../../../../../../LocalWork/UnrealTests/Robotizer808Repo/Robotizer808/Content/SideScrollerBP/Maps/Level_1.umap" TEMPLATE=0 SHOWPROGRESS=1 FEATURELEVEL=3
[2017.05.24-12.34.53:493][253]LightingResults: New page: Lighting Build
[2017.05.24-12.34.53:567][253]LogContentBrowser: Native class hierarchy updated for 'StatsViewer' in 0.0006 seconds. Added 5 classes and 0 folders.
[2017.05.24-12.34.53:568][253]LoadErrors: New page: Loading map: Level_1.umap
[2017.05.24-12.34.53:569][253]MapCheck: New page: Map Check
[2017.05.24-12.34.53:569][253]LightingResults: New page: Lighting Build
[2017.05.24-12.34.53:649][253]LogEditorServer: Finished looking for orphan Actors (0.000 secs)
[2017.05.24-12.34.53:667][253]Cmd: MAP CHECKDEP NOCLEARLOG
[2017.05.24-12.34.53:754][253]MapCheck: Info Map check complete: 0 Error(s), 0 Warning(s), took 86.433ms to complete.
[2017.05.24-12.34.53:754][253]LogFileHelpers: Loading map 'Level_1' took 0.262
[2017.05.24-12.34.54:281][307]LogTemp: Repeting last play command: Selected Viewport
[2017.05.24-12.34.54:291][307]LogBlueprintUserMessages: Early PlayInEditor Detection: Level '/Game/SideScrollerBP/Maps/Level_1.Level_1:PersistentLevel' has LevelScriptBlueprint '/Game/SideScrollerBP/Maps/Level_1.Level_1:PersistentLevel.Level_1' with GeneratedClass '/Game/SideScrollerBP/Maps/Level_1.Level_1_C' with ClassGeneratedBy '/Game/SideScrollerBP/Maps/Level_1.Level_1:PersistentLevel.Level_1'
[2017.05.24-12.34.54:291][307]LogPlayLevel: PlayLevel: No blueprints needed recompiling
[2017.05.24-12.34.54:291][307]PIE: New page: PIE session: Level_1 (May 24, 2017, 4:34:54 PM)
[2017.05.24-12.34.54:291][307]LogPlayLevel: Creating play world package: /Game/SideScrollerBP/Maps/UEDPIE_0_Level_1
[2017.05.24-12.34.54:315][307]LogPlayLevel: PIE: StaticDuplicateObject took: (0.024192s)
[2017.05.24-12.34.54:316][307]LogAIModule: Creating AISystem for world Level_1
[2017.05.24-12.34.54:316][307]LogPlayLevel: PIE: World Init took: (0.000647s)
[2017.05.24-12.34.54:316][307]LogPlayLevel: PIE: Created PIE world by copying editor world from /Game/SideScrollerBP/Maps/Level_1.Level_1 to /Game/SideScrollerBP/Maps/UEDPIE_0_Level_1.Level_1 (0.025080s)
[2017.05.24-12.34.54:333][307]LogInit: XAudio2 using 'EV2416W-4 (2- NVIDIA High Definition Audio)' : 2 channels at 48 kHz using 16 bits per sample (channel mask 0x3)
[2017.05.24-12.34.54:337][307]LogInit: FAudioDevice initialized.
[2017.05.24-12.34.54:380][307]LogLoad: Game class is 'SideScrollerGameMode_C'
[2017.05.24-12.34.54:384][307]LogWorld: Bringing World /Game/SideScrollerBP/Maps/UEDPIE_0_Level_1.Level_1 up for play (max tick rate 0) at 2017.05.24-14.34.54
[2017.05.24-12.34.54:384][307]LogWorld: Bringing up level for play took: 0.002518
[2017.05.24-12.34.54:458][307]LogContentBrowser: Native class hierarchy updated for 'MovieSceneCapture' in 0.0006 seconds. Added 11 classes and 0 folders.
[2017.05.24-12.34.54:459][307]PIE: Info Play in editor start time for /Game/SideScrollerBP/Maps/UEDPIE_0_Level_1 0.879
[2017.05.24-12.34.54:459][307]LogBlueprintUserMessages: Late PlayInEditor Detection: Level '/Game/SideScrollerBP/Maps/Level_1.Level_1:PersistentLevel' has LevelScriptBlueprint '/Game/SideScrollerBP/Maps/Level_1.Level_1:PersistentLevel.Level_1' with GeneratedClass '/Game/SideScrollerBP/Maps/Level_1.Level_1_C' with ClassGeneratedBy '/Game/SideScrollerBP/Maps/Level_1.Level_1:PersistentLevel.Level_1'
[2017.05.24-12.35.22:295][640]LogNet: Browse: /Game/SideScrollerBP/Maps/Level_2
[2017.05.24-12.35.22:295][640]LogLoad: LoadMap: /Game/SideScrollerBP/Maps/Level_2
[2017.05.24-12.35.22:305][640]Cmd: MEM
[2017.05.24-12.35.22:312][640]LogMemory: Platform Memory Stats for Windows
[2017.05.24-12.35.22:312][640]LogMemory: Process Physical Memory: 1069.92 MB used, 1148.34 MB peak
[2017.05.24-12.35.22:312][640]LogMemory: Process Virtual Memory: 1727.94 MB used, 1804.07 MB peak
[2017.05.24-12.35.22:312][640]LogMemory: Physical Memory: 7537.14 MB used,  57900.70 MB free, 65437.84 MB total
[2017.05.24-12.35.22:312][640]LogMemory: Virtual Memory: 2568.80 MB used,  57900.70 MB free, 134217728.00 MB total
[2017.05.24-12.35.22:312][640]LogMemory: 
[2017.05.24-12.35.22:312][640]Allocator Stats for TBB: (not implemented)
[2017.05.24-12.35.22:643][640]LogAIModule: Creating AISystem for world Level_2
[2017.05.24-12.35.22:643][640]LogLoad: Game class is 'SideScrollerGameMode_C'
[2017.05.24-12.35.22:655][640]LogWorld: Bringing World /Game/SideScrollerBP/Maps/UEDPIE_0_Level_2.Level_2 up for play (max tick rate 0) at 2017.05.24-14.35.22
[2017.05.24-12.35.22:656][640]LogWorld: Bringing up level for play took: 0.011952
[2017.05.24-12.35.22:657][640]LogScriptCore:Warning: Script Msg: Attempted to access index 3 from array TextureArray of length 3!
[2017.05.24-12.35.22:657][640]LogScriptCore:Warning: Script Msg: Attempted to access index 3 from array TextureArray of length 3!
[2017.05.24-12.35.22:657][640]LogLoad: Took 0.361731 seconds to LoadMap(/Game/SideScrollerBP/Maps/Level_2)
[2017.05.24-12.35.40:336][752]LogBlueprintUserMessages: Early EndPlayMap Detection: Level '/Game/SideScrollerBP/Maps/Level_1.Level_1:PersistentLevel' has LevelScriptBlueprint '/Game/SideScrollerBP/Maps/Level_1.Level_1:PersistentLevel.Level_1' with GeneratedClass '/Game/SideScrollerBP/Maps/Level_1.Level_1_C' with ClassGeneratedBy '/Game/SideScrollerBP/Maps/Level_1.Level_1:PersistentLevel.Level_1'
[2017.05.24-12.35.40:371][752]LogBlueprintUserMessages: Late EndPlayMap Detection: Level '/Game/SideScrollerBP/Maps/Level_1.Level_1:PersistentLevel' has LevelScriptBlueprint '/Game/SideScrollerBP/Maps/Level_1.Level_1:PersistentLevel.Level_1' with GeneratedClass '/Game/SideScrollerBP/Maps/Level_1.Level_1_C' with ClassGeneratedBy '/Game/SideScrollerBP/Maps/Level_1.Level_1:PersistentLevel.Level_1'
[2017.05.24-12.35.58:025][796]LogContentBrowser: Native class hierarchy updated for 'BlueprintGraph' in 0.0009 seconds. Added 112 classes and 0 folders.
[2017.05.24-12.35.58:563][796]LogSlate: Took 0.000256 seconds to synchronously load lazily loaded font '../../../Engine/Content/Slate/Fonts/Roboto-Regular.ttf' (155K)
[2017.05.24-12.35.58:641][796]LogSlate: Took 0.000343 seconds to synchronously load lazily loaded font '../../../Engine/Content/Editor/Slate/Fonts/Roboto-BoldCondensed.ttf' (158K)
[2017.05.24-12.35.59:034][797]LogSlate: Took 0.000325 seconds to synchronously load lazily loaded font '../../../Engine/Content/Editor/Slate/Fonts/Roboto-Italic.ttf' (157K)
[2017.05.24-12.36.51:078][710]BlueprintLog: New page: Compile SideScrollerCharacter
[2017.05.24-12.36.52:063][775]LogSavePackage: Save=43.49ms
[2017.05.24-12.36.52:063][775]LogSavePackage: Moving '../../../../../../LocalWork/UnrealTests/Robotizer808Repo/Robotizer808/Saved/SideScrollerCharacter1A8064F34D36FCCD51F00896C8CA5D39.tmp' to '../../../../../../LocalWork/UnrealTests/Robotizer808Repo/Robotizer808/Content/SideScrollerBP/Blueprints/SideScrollerCharacter.uasset'
[2017.05.24-12.36.52:067][775]LogSavePackage:Display: Finished SavePackage ../../../../../../LocalWork/UnrealTests/Robotizer808Repo/Robotizer808/Content/SideScrollerBP/Blueprints/SideScrollerCharacter.uasset
[2017.05.24-12.38.32:467][ 29]LogEditorViewport: Clicking on Actor (LMB): Sky_C (Sky)
[2017.05.24-12.38.33:202][ 82]LogEditorViewport: Clicking on Actor (LMB): Transit_C (Transit)
[2017.05.24-12.39.07:718][  3]LogSlate: Took 0.000352 seconds to synchronously load lazily loaded font '../../../Engine/Content/Editor/Slate/Fonts/Roboto-BoldCondensedItalic.ttf' (160K)
[2017.05.24-12.39.18:242][912]BlueprintLog: New page: Compile Transit
[2017.05.24-12.39.23:332][321]BlueprintLog: New page: Compile Transit
[2017.05.24-12.39.54:802][984]BlueprintLog: New page: Compile Transit
[2017.05.24-12.39.55:269][  7]LogSavePackage: Save=15.82ms
[2017.05.24-12.39.55:270][  7]LogSavePackage: Moving '../../../../../../LocalWork/UnrealTests/Robotizer808Repo/Robotizer808/Saved/Transit98099B90476DF7A16E651AA17FFC8BF6.tmp' to '../../../../../../LocalWork/UnrealTests/Robotizer808Repo/Robotizer808/Content/SideScrollerBP/Blueprints/Transit.uasset'
[2017.05.24-12.39.55:273][  7]LogSavePackage:Display: Finished SavePackage ../../../../../../LocalWork/UnrealTests/Robotizer808Repo/Robotizer808/Content/SideScrollerBP/Blueprints/Transit.uasset
[2017.05.24-12.41.41:240][909]BlueprintLog: New page: Compile SideScrollerCharacter
[2017.05.24-12.41.41:813][934]LogSavePackage: Save=44.38ms
[2017.05.24-12.41.41:813][934]LogSavePackage: Moving '../../../../../../LocalWork/UnrealTests/Robotizer808Repo/Robotizer808/Saved/SideScrollerCharacter7C8FB5474AA9F636C9EB91A39332779E.tmp' to '../../../../../../LocalWork/UnrealTests/Robotizer808Repo/Robotizer808/Content/SideScrollerBP/Blueprints/SideScrollerCharacter.uasset'
[2017.05.24-12.41.41:817][934]LogSavePackage:Display: Finished SavePackage ../../../../../../LocalWork/UnrealTests/Robotizer808Repo/Robotizer808/Content/SideScrollerBP/Blueprints/SideScrollerCharacter.uasset
[2017.05.24-12.43.47:969][668]LogEditorViewport: Clicking on Actor (LMB): Transit_C (Transit)
[2017.05.24-12.44.20:065][151]LogSlate: Took 0.000307 seconds to synchronously load lazily loaded font '../../../Engine/Content/Slate/Fonts/Roboto-Light.ttf' (159K)
[2017.05.24-12.45.30:765][492]LogEditorTransaction: Undo Add Execution Pin
[2017.05.24-12.47.22:276][139]LogMetaData: Removing '/Game/SideScrollerBP/Sound/waveforms/shapes/Transit_Cue.Transit_Cue:SoundCueGraph_0.SoundCueGraphNode_Root_0' ref from Metadata '/Game/SideScrollerBP/Sound/waveforms/shapes/NewSoundCue.PackageMetaData'
[2017.05.24-12.47.22:300][139]LogSavePackage: Save=3.69ms
[2017.05.24-12.47.22:300][139]LogSavePackage: Moving '../../../../../../LocalWork/UnrealTests/Robotizer808Repo/Robotizer808/Saved/Transit_CueA65DE33B4F8C2703375B4BBF5319D8FE.tmp' to '../../../../../../LocalWork/UnrealTests/Robotizer808Repo/Robotizer808/Content/SideScrollerBP/Sound/waveforms/shapes/Transit_Cue.uasset'
[2017.05.24-12.47.22:303][139]LogSavePackage:Display: Finished SavePackage ../../../../../../LocalWork/UnrealTests/Robotizer808Repo/Robotizer808/Content/SideScrollerBP/Sound/waveforms/shapes/Transit_Cue.uasset
[2017.05.24-12.49.47:045][127]LogSavePackage: Save=242.46ms
[2017.05.24-12.49.47:045][127]LogSavePackage: Moving '../../../../../../LocalWork/UnrealTests/Robotizer808Repo/Robotizer808/Saved/Level_1_Auto179D0BD6643A0D5E59225DAB2AAF6FC50.tmp' to '../../../../../../LocalWork/UnrealTests/Robotizer808Repo/Robotizer808/Saved/Autosaves/Game/SideScrollerBP/Maps/Level_1_Auto1.umap'
[2017.05.24-12.49.47:046][127]LogSavePackage:Display: Finished SavePackage ../../../../../../LocalWork/UnrealTests/Robotizer808Repo/Robotizer808/Saved/Autosaves/Game/SideScrollerBP/Maps/Level_1_Auto1.umap
[2017.05.24-12.49.47:048][127]LogFileHelpers: Editor autosave (incl. sublevels) for '/Game/SideScrollerBP/Maps/Level_1' took 0.284
[2017.05.24-12.49.47:048][127]LogFileHelpers: Editor autosave (incl. sublevels) for all levels took 0.284
[2017.05.24-12.49.47:050][127]OBJ SavePackage: Generating thumbnails for [1] asset(s) in package [/Game/SideScrollerBP/Blueprints/SideScrollerCharacter] ([1] browsable assets)...
[2017.05.24-12.49.47:067][127]OBJ SavePackage:     Rendered thumbnail for [Blueprint /Game/SideScrollerBP/Blueprints/SideScrollerCharacter.SideScrollerCharacter]
[2017.05.24-12.49.47:067][127]OBJ SavePackage: Finished generating thumbnails for package [/Game/SideScrollerBP/Blueprints/SideScrollerCharacter]
[2017.05.24-12.49.47:122][127]LogSavePackage: Save=47.11ms
[2017.05.24-12.49.47:122][127]LogSavePackage: Moving '../../../../../../LocalWork/UnrealTests/Robotizer808Repo/Robotizer808/Saved/SideScrollerCharacter_Auto101E986474D0BEF40771EB5A4E37646C0.tmp' to '../../../../../../LocalWork/UnrealTests/Robotizer808Repo/Robotizer808/Saved/Autosaves/Game/SideScrollerBP/Blueprints/SideScrollerCharacter_Auto1.uasset'
[2017.05.24-12.49.47:124][127]LogSavePackage:Display: Finished SavePackage ../../../../../../LocalWork/UnrealTests/Robotizer808Repo/Robotizer808/Saved/Autosaves/Game/SideScrollerBP/Blueprints/SideScrollerCharacter_Auto1.uasset
[2017.05.24-12.49.47:128][127]LogSavePackage: Save=1.31ms
[2017.05.24-12.49.47:128][127]LogSavePackage: Moving '../../../../../../LocalWork/UnrealTests/Robotizer808Repo/Robotizer808/Saved/NewSoundCue_Auto15075E75C4A65291C403C298A02E4B1A1.tmp' to '../../../../../../LocalWork/UnrealTests/Robotizer808Repo/Robotizer808/Saved/Autosaves/Game/SideScrollerBP/Sound/waveforms/shapes/NewSoundCue_Auto1.uasset'
[2017.05.24-12.49.47:130][127]LogSavePackage:Display: Finished SavePackage ../../../../../../LocalWork/UnrealTests/Robotizer808Repo/Robotizer808/Saved/Autosaves/Game/SideScrollerBP/Sound/waveforms/shapes/NewSoundCue_Auto1.uasset
[2017.05.24-12.49.47:130][127]LogFileHelpers: Auto-saving content packages took 0.081
[2017.05.24-12.51.00:442][618]LogEditorViewport: Clicking on Actor (LMB): Transit_C (Transit)
[2017.05.24-12.51.39:150][518]BlueprintLog: New page: Compile SideScrollerCharacter
[2017.05.24-12.51.40:002][567]LogSavePackage: Save=44.99ms
[2017.05.24-12.51.40:002][567]LogSavePackage: Moving '../../../../../../LocalWork/UnrealTests/Robotizer808Repo/Robotizer808/Saved/SideScrollerCharacter3FFE75C149061D855A1C8CB6619A326C.tmp' to '../../../../../../LocalWork/UnrealTests/Robotizer808Repo/Robotizer808/Content/SideScrollerBP/Blueprints/SideScrollerCharacter.uasset'
[2017.05.24-12.51.40:006][567]LogSavePackage:Display: Finished SavePackage ../../../../../../LocalWork/UnrealTests/Robotizer808Repo/Robotizer808/Content/SideScrollerBP/Blueprints/SideScrollerCharacter.uasset
[2017.05.24-12.51.41:042][645]LogTemp: Repeting last play command: Selected Viewport
[2017.05.24-12.51.41:053][645]LogBlueprintUserMessages: Early PlayInEditor Detection: Level '/Game/SideScrollerBP/Maps/Level_1.Level_1:PersistentLevel' has LevelScriptBlueprint '/Game/SideScrollerBP/Maps/Level_1.Level_1:PersistentLevel.Level_1' with GeneratedClass '/Game/SideScrollerBP/Maps/Level_1.Level_1_C' with ClassGeneratedBy '/Game/SideScrollerBP/Maps/Level_1.Level_1:PersistentLevel.Level_1'
[2017.05.24-12.51.41:053][645]LogPlayLevel: PlayLevel: No blueprints needed recompiling
[2017.05.24-12.51.41:053][645]PIE: New page: PIE session: Level_1 (May 24, 2017, 4:51:41 PM)
[2017.05.24-12.51.41:053][645]LogPlayLevel: Creating play world package: /Game/SideScrollerBP/Maps/UEDPIE_0_Level_1
[2017.05.24-12.51.41:073][645]LogPlayLevel: PIE: StaticDuplicateObject took: (0.020218s)
[2017.05.24-12.51.41:074][645]LogAIModule: Creating AISystem for world Level_1
[2017.05.24-12.51.41:074][645]LogPlayLevel: PIE: World Init took: (0.000732s)
[2017.05.24-12.51.41:074][645]LogPlayLevel: PIE: Created PIE world by copying editor world from /Game/SideScrollerBP/Maps/Level_1.Level_1 to /Game/SideScrollerBP/Maps/UEDPIE_0_Level_1.Level_1 (0.021192s)
[2017.05.24-12.51.41:100][645]LogInit: XAudio2 using 'EV2416W-4 (2- NVIDIA High Definition Audio)' : 2 channels at 48 kHz using 16 bits per sample (channel mask 0x3)
[2017.05.24-12.51.41:104][645]LogInit: FAudioDevice initialized.
[2017.05.24-12.51.41:134][645]LogLoad: Game class is 'SideScrollerGameMode_C'
[2017.05.24-12.51.41:137][645]LogWorld: Bringing World /Game/SideScrollerBP/Maps/UEDPIE_0_Level_1.Level_1 up for play (max tick rate 0) at 2017.05.24-14.51.41
[2017.05.24-12.51.41:138][645]LogWorld: Bringing up level for play took: 0.002600
[2017.05.24-12.51.41:139][645]PIE: Info Play in editor start time for /Game/SideScrollerBP/Maps/UEDPIE_0_Level_1 -0.441
[2017.05.24-12.51.41:139][645]LogBlueprintUserMessages: Late PlayInEditor Detection: Level '/Game/SideScrollerBP/Maps/Level_1.Level_1:PersistentLevel' has LevelScriptBlueprint '/Game/SideScrollerBP/Maps/Level_1.Level_1:PersistentLevel.Level_1' with GeneratedClass '/Game/SideScrollerBP/Maps/Level_1.Level_1_C' with ClassGeneratedBy '/Game/SideScrollerBP/Maps/Level_1.Level_1:PersistentLevel.Level_1'
[2017.05.24-12.51.58:318][205]LogBlueprintUserMessages: Early EndPlayMap Detection: Level '/Game/SideScrollerBP/Maps/Level_1.Level_1:PersistentLevel' has LevelScriptBlueprint '/Game/SideScrollerBP/Maps/Level_1.Level_1:PersistentLevel.Level_1' with GeneratedClass '/Game/SideScrollerBP/Maps/Level_1.Level_1_C' with ClassGeneratedBy '/Game/SideScrollerBP/Maps/Level_1.Level_1:PersistentLevel.Level_1'
[2017.05.24-12.51.58:400][205]LogBlueprintUserMessages: Late EndPlayMap Detection: Level '/Game/SideScrollerBP/Maps/Level_1.Level_1:PersistentLevel' has LevelScriptBlueprint '/Game/SideScrollerBP/Maps/Level_1.Level_1:PersistentLevel.Level_1' with GeneratedClass '/Game/SideScrollerBP/Maps/Level_1.Level_1_C' with ClassGeneratedBy '/Game/SideScrollerBP/Maps/Level_1.Level_1:PersistentLevel.Level_1'
[2017.05.24-12.52.21:885][944]BlueprintLog: New page: Compile SideScrollerCharacter
[2017.05.24-12.52.21:913][944]LogBlueprint:Error: [Compiler SideScrollerCharacter] Error This blueprint (self) is not a AudioComponent, therefore ' Target ' must have a connection.
[2017.05.24-12.52.22:078][944]BlueprintEditorCompileResults:Error: Error This blueprint (self) is not a AudioComponent, therefore ' Target ' must have a connection.
[2017.05.24-12.52.22:079][944]LogBlueprint:Warning: [Compiler SideScrollerCharacter] Warning [1091.89] Compile of SideScrollerCharacter failed. 1 Fatal Issue(s) 0 Warning(s) [in 193 ms] (/Game/SideScrollerBP/Blueprints/SideScrollerCharacter.SideScrollerCharacter)
[2017.05.24-12.52.39:267][255]BlueprintLog: New page: Compile SideScrollerCharacter
[2017.05.24-12.52.39:807][280]LogSavePackage: Save=46.05ms
[2017.05.24-12.52.39:807][280]LogSavePackage: Moving '../../../../../../LocalWork/UnrealTests/Robotizer808Repo/Robotizer808/Saved/SideScrollerCharacter1EDF6D2C4BBCF7D22C20BC9C928D708E.tmp' to '../../../../../../LocalWork/UnrealTests/Robotizer808Repo/Robotizer808/Content/SideScrollerBP/Blueprints/SideScrollerCharacter.uasset'
[2017.05.24-12.52.39:811][280]LogSavePackage:Display: Finished SavePackage ../../../../../../LocalWork/UnrealTests/Robotizer808Repo/Robotizer808/Content/SideScrollerBP/Blueprints/SideScrollerCharacter.uasset
[2017.05.24-12.52.41:125][381]LogTemp: Repeting last play command: Selected Viewport
[2017.05.24-12.52.41:136][381]LogBlueprintUserMessages: Early PlayInEditor Detection: Level '/Game/SideScrollerBP/Maps/Level_1.Level_1:PersistentLevel' has LevelScriptBlueprint '/Game/SideScrollerBP/Maps/Level_1.Level_1:PersistentLevel.Level_1' with GeneratedClass '/Game/SideScrollerBP/Maps/Level_1.Level_1_C' with ClassGeneratedBy '/Game/SideScrollerBP/Maps/Level_1.Level_1:PersistentLevel.Level_1'
[2017.05.24-12.52.41:136][381]LogPlayLevel: PlayLevel: No blueprints needed recompiling
[2017.05.24-12.52.41:136][381]PIE: New page: PIE session: Level_1 (May 24, 2017, 4:52:41 PM)
[2017.05.24-12.52.41:136][381]LogPlayLevel: Creating play world package: /Game/SideScrollerBP/Maps/UEDPIE_0_Level_1
[2017.05.24-12.52.41:155][381]LogPlayLevel: PIE: StaticDuplicateObject took: (0.019369s)
[2017.05.24-12.52.41:156][381]LogAIModule: Creating AISystem for world Level_1
[2017.05.24-12.52.41:156][381]LogPlayLevel: PIE: World Init took: (0.000633s)
[2017.05.24-12.52.41:156][381]LogPlayLevel: PIE: Created PIE world by copying editor world from /Game/SideScrollerBP/Maps/Level_1.Level_1 to /Game/SideScrollerBP/Maps/UEDPIE_0_Level_1.Level_1 (0.020258s)
[2017.05.24-12.52.41:182][381]LogInit: XAudio2 using 'EV2416W-4 (2- NVIDIA High Definition Audio)' : 2 channels at 48 kHz using 16 bits per sample (channel mask 0x3)
[2017.05.24-12.52.41:186][381]LogInit: FAudioDevice initialized.
[2017.05.24-12.52.41:214][381]LogLoad: Game class is 'SideScrollerGameMode_C'
[2017.05.24-12.52.41:217][381]LogWorld: Bringing World /Game/SideScrollerBP/Maps/UEDPIE_0_Level_1.Level_1 up for play (max tick rate 0) at 2017.05.24-14.52.41
[2017.05.24-12.52.41:217][381]LogWorld: Bringing up level for play took: 0.002534
[2017.05.24-12.52.41:218][381]PIE: Info Play in editor start time for /Game/SideScrollerBP/Maps/UEDPIE_0_Level_1 -0.362
[2017.05.24-12.52.41:219][381]LogBlueprintUserMessages: Late PlayInEditor Detection: Level '/Game/SideScrollerBP/Maps/Level_1.Level_1:PersistentLevel' has LevelScriptBlueprint '/Game/SideScrollerBP/Maps/Level_1.Level_1:PersistentLevel.Level_1' with GeneratedClass '/Game/SideScrollerBP/Maps/Level_1.Level_1_C' with ClassGeneratedBy '/Game/SideScrollerBP/Maps/Level_1.Level_1:PersistentLevel.Level_1'
[2017.05.24-12.52.56:695][592]LogScript:Warning: Attempted to access Collider via property K2Node_ComponentBoundEvent_OtherComp, but Collider is pending kill
	SideScrollerCharacter_C /Game/SideScrollerBP/Maps/UEDPIE_0_Level_1.Level_1:PersistentLevel.SideScrollerCharacter_78
	Function /Game/SideScrollerBP/Blueprints/SideScrollerCharacter.SideScrollerCharacter_C:ExecuteUbergraph_SideScrollerCharacter:0644
[2017.05.24-12.52.56:695][592]PIE:Error: Error Blueprint Runtime Error: Attempted to access Collider via property K2Node_ComponentBoundEvent_OtherComp, but Collider is pending kill from function: 'ExecuteUbergraph_SideScrollerCharacter' from node: Branch in graph: EventGraph in object: SideScrollerCharacter with description: Attempted to access Collider via property K2Node_ComponentBoundEvent_OtherComp, but Collider is pending kill
[2017.05.24-12.52.56:695][592]LogScript:Warning: Attempted to access Collider via property K2Node_ComponentBoundEvent_OtherComp, but Collider is pending kill
	SideScrollerCharacter_C /Game/SideScrollerBP/Maps/UEDPIE_0_Level_1.Level_1:PersistentLevel.SideScrollerCharacter_78
	Function /Game/SideScrollerBP/Blueprints/SideScrollerCharacter.SideScrollerCharacter_C:ExecuteUbergraph_SideScrollerCharacter:04ED
[2017.05.24-12.52.56:695][592]PIE:Error: Error Blueprint Runtime Error: Attempted to access Collider via property K2Node_ComponentBoundEvent_OtherComp, but Collider is pending kill from function: 'ExecuteUbergraph_SideScrollerCharacter' from node: Branch in graph: EventGraph in object: SideScrollerCharacter with description: Attempted to access Collider via property K2Node_ComponentBoundEvent_OtherComp, but Collider is pending kill
[2017.05.24-12.52.57:803][672]LogNet: Browse: /Game/SideScrollerBP/Maps/Level_2
[2017.05.24-12.52.57:803][672]LogLoad: LoadMap: /Game/SideScrollerBP/Maps/Level_2
[2017.05.24-12.52.57:820][672]Cmd: MEM
[2017.05.24-12.52.57:834][672]LogMemory: Platform Memory Stats for Windows
[2017.05.24-12.52.57:834][672]LogMemory: Process Physical Memory: 1933.95 MB used, 1977.41 MB peak
[2017.05.24-12.52.57:834][672]LogMemory: Process Virtual Memory: 3023.46 MB used, 3204.28 MB peak
[2017.05.24-12.52.57:834][672]LogMemory: Physical Memory: 8356.91 MB used,  57080.92 MB free, 65437.84 MB total
[2017.05.24-12.52.57:834][672]LogMemory: Virtual Memory: 3898.93 MB used,  57080.92 MB free, 134217728.00 MB total
[2017.05.24-12.52.57:834][672]LogMemory: 
[2017.05.24-12.52.57:834][672]Allocator Stats for TBB: (not implemented)
[2017.05.24-12.52.58:158][672]LogStats: FPlatformStackWalk::StackWalkAndDump -  0.183 s
[2017.05.24-12.52.58:158][672]LogOutputDevice:Error: === Handled ensure: ===
[2017.05.24-12.52.58:158][672]LogOutputDevice:Error: 
[2017.05.24-12.52.58:158][672]LogOutputDevice:Error: Ensure condition failed: IsObjectValidForDatabase(AssetObject) [File:D:\Build\++UE4+Release-4.15+Compile\Sync\Engine\Source\Editor\BlueprintGraph\Private\BlueprintActionDatabase.cpp] [Line: 1282]
[2017.05.24-12.52.58:158][672]LogOutputDevice:Error: 
[2017.05.24-12.52.58:158][672]LogOutputDevice:Error: Stack: 
[2017.05.24-12.52.58:158][672]LogOutputDevice:Error: UE4Editor-Core.dll!0x00000000532E95E6
[2017.05.24-12.52.58:158][672]LogOutputDevice:Error: UE4Editor-Core.dll!0x0000000053099B82
[2017.05.24-12.52.58:158][672]LogOutputDevice:Error: UE4Editor-Core.dll!0x00000000530AB666
[2017.05.24-12.52.58:158][672]LogOutputDevice:Error: UE4Editor-BlueprintGraph.dll!0x000000004BE5B7A7
[2017.05.24-12.52.58:158][672]LogOutputDevice:Error: UE4Editor-BlueprintGraph.dll!0x000000004BE2BFCD
[2017.05.24-12.52.58:158][672]LogOutputDevice:Error: UE4Editor-CoreUObject.dll!0x0000000056A90DFA
[2017.05.24-12.52.58:158][672]LogOutputDevice:Error: UE4Editor-CoreUObject.dll!0x0000000056CC158A
[2017.05.24-12.52.58:158][672]LogOutputDevice:Error: UE4Editor-CoreUObject.dll!0x0000000056CD4DC0
[2017.05.24-12.52.58:158][672]LogOutputDevice:Error: UE4Editor-CoreUObject.dll!0x0000000056CD42B7
[2017.05.24-12.52.58:158][672]LogOutputDevice:Error: UE4Editor-Engine.dll!0x00000000421B890D
[2017.05.24-12.52.58:158][672]LogOutputDevice:Error: UE4Editor-Engine.dll!0x000000004216E08E
[2017.05.24-12.52.58:158][672]LogOutputDevice:Error: UE4Editor-Engine.dll!0x00000000421DC890
[2017.05.24-12.52.58:158][672]LogOutputDevice:Error: UE4Editor-UnrealEd.dll!0x000000003E7E637F
[2017.05.24-12.52.58:158][672]LogOutputDevice:Error: UE4Editor-UnrealEd.dll!0x000000003EFF2156
[2017.05.24-12.52.58:158][672]LogOutputDevice:Error: UE4Editor.exe!0x0000000067E3DEE3
[2017.05.24-12.52.58:158][672]LogOutputDevice:Error: UE4Editor.exe!0x0000000067E2EB40
[2017.05.24-12.52.58:158][672]LogOutputDevice:Error: UE4Editor.exe!0x0000000067E2EBBA
[2017.05.24-12.52.58:158][672]LogOutputDevice:Error: UE4Editor.exe!0x0000000067E40A29
[2017.05.24-12.52.58:158][672]LogOutputDevice:Error: UE4Editor.exe!0x0000000067E422B6
[2017.05.24-12.52.58:158][672]LogOutputDevice:Error: KERNEL32.DLL!0x0000000094552774
[2017.05.24-12.52.58:158][672]LogOutputDevice:Error: ntdll.dll!0x0000000094720D61
[2017.05.24-12.52.58:158][672]LogOutputDevice:Error: 
[2017.05.24-12.52.58:167][672]LogStats:                SubmitErrorReport -  0.000 s
