Log file open, 05/23/17 11:46:01
LogInit:Display: Running engine for game: Robotizer808
LogPlatformFile: Not using cached read wrapper
LogInit:Display: RandInit(-502151802) SRandInit(-502151802).
LogTaskGraph: Started task graph with 5 named threads and 10 total threads with 1 sets of task threads.
LogStats: Stats thread started at 0.109795
LogInit: Using libcurl 7.47.1
LogInit:  - built for x86_64-pc-win32
LogInit:  - supports SSL with OpenSSL/1.0.2g
LogInit:  - supports HTTP deflate (compression) using libz 1.2.8
LogInit:  - other features:
LogInit:      CURL_VERSION_SSL
LogInit:      CURL_VERSION_LIBZ
LogInit:      CURL_VERSION_IPV6
LogInit:      CURL_VERSION_ASYNCHDNS
LogInit:      CURL_VERSION_LARGEFILE
LogInit:      CURL_VERSION_IDN
LogInit:  CurlRequestOptions (configurable via config and command line):
LogInit:  - bVerifyPeer = false  - Libcurl will NOT verify peer certificate
LogInit:  - bUseHttpProxy = false  - Libcurl will NOT use HTTP proxy
LogInit:  - bDontReuseConnections = false  - Libcurl will reuse connections
LogInit:  - CertBundlePath = nullptr  - Libcurl will use whatever was configured at build time.
LogInit: Build: ++UE4+Release-4.15-CL-3416026
LogInit: Engine Version: 4.15.2-3416026+++UE4+Release-4.15
LogInit: Compatible Engine Version: 4.15.0-3299760+++UE4+Release-4.15
LogInit: Net CL: 3299760
LogDevObjectVersion: Number of dev versions registered: 14
LogDevObjectVersion:   Dev-Blueprints (B0D832E4-1F89-4F0D-ACCF-7EB736FD4AA2): 8
LogDevObjectVersion:   Dev-Build (E1C64328-A22C-4D53-A36C-8E866417BD8C): 0
LogDevObjectVersion:   Dev-Core (375EC13C-06E4-48FB-B500-84F0262A717E): 2
LogDevObjectVersion:   Dev-Editor (E4B068ED-F494-42E9-A231-DA0B2E46BB41): 14
LogDevObjectVersion:   Dev-Framework (CFFC743F-43B0-4480-9391-14DF171D2073): 22
LogDevObjectVersion:   Dev-Mobile (B02B49B5-BB20-44E9-A304-32B752E40360): 0
LogDevObjectVersion:   Dev-Networking (A4E4105C-59A1-49B5-A7C5-40C4547EDFEE): 0
LogDevObjectVersion:   Dev-Online (39C831C9-5AE6-47DC-9A44-9C173E1C8E7C): 0
LogDevObjectVersion:   Dev-Physics (78F01B33-EBEA-4F98-B9B4-84EACCB95AA2): 0
LogDevObjectVersion:   Dev-Platform (6631380F-2D4D-43E0-8009-CF276956A95A): 0
LogDevObjectVersion:   Dev-Rendering (12F88B9F-8875-4AFC-A67C-D90C383ABD29): 12
LogDevObjectVersion:   Dev-Sequencer (7B5AE74C-D270-4C10-A958-57980B212A5A): 3
LogDevObjectVersion:   Dev-VR (D7296918-1DD6-4BDD-9DE2-64A83CC13884): 0
LogDevObjectVersion:   Dev-LoadTimes (C2A15278-BFE7-4AFE-6C17-90FF531DF755): 1
LogInit: Compiled (64-bit): May  1 2017 13:11:28
LogInit: Compiled with Visual C++: 19.00.23026.00
LogInit: Build Configuration: Development
LogInit: Branch Name: ++UE4+Release-4.15
LogInit: Command line:  
LogInit: Base directory: C:/Program Files/Epic Games/UE_4.15/Engine/Binaries/Win64/
LogInit: Installed Engine Build: 1
LogInit: Presizing for max 8388607 objects, including 0 objects not considered by GC, pre-allocating 0 bytes for permanent pool.
LogInit: Object subsystem initialized
[2017.05.23-09.46.02:530][  0]LogInit: Selected Device Profile: [Windows]
[2017.05.23-09.46.02:530][  0]LogInit: Applying CVar settings loaded from the selected device profile: [Windows]
[2017.05.23-09.46.02:539][  0]LogInit: Computer: RONSWANSON
[2017.05.23-09.46.02:539][  0]LogInit: User: borisignjatovic
[2017.05.23-09.46.02:539][  0]LogInit: CPU Page size=65536, Cores=6
[2017.05.23-09.46.02:539][  0]LogInit: High frequency timer resolution =3.415995 MHz
[2017.05.23-09.46.02:539][  0]LogMemory: Memory total: Physical=63.9GB (64GB approx)
[2017.05.23-09.46.02:539][  0]LogMemory: Platform Memory Stats for Windows
[2017.05.23-09.46.02:539][  0]LogMemory: Process Physical Memory: 264.04 MB used, 264.04 MB peak
[2017.05.23-09.46.02:539][  0]LogMemory: Process Virtual Memory: 259.84 MB used, 259.84 MB peak
[2017.05.23-09.46.02:539][  0]LogMemory: Physical Memory: 8082.86 MB used,  57354.97 MB free, 65437.84 MB total
[2017.05.23-09.46.02:539][  0]LogMemory: Virtual Memory: 644.54 MB used,  57354.97 MB free, 134217728.00 MB total
[2017.05.23-09.46.03:047][  0]LogTextLocalizationManager: No specific translations for ('en-US') exist, so ('en') translations will be used.
[2017.05.23-09.46.03:821][  0]LogD3D11RHI: D3D11 adapters:
[2017.05.23-09.46.03:845][  0]LogD3D11RHI:    0. 'NVIDIA GeForce GTX 1080' (Feature Level 11_0)
[2017.05.23-09.46.03:845][  0]LogD3D11RHI:       8144/0/32718 MB DedicatedVideo/DedicatedSystem/SharedSystem, Outputs:2, VendorId:0x10de
[2017.05.23-09.46.03:872][  0]LogD3D11RHI:    1. 'NVIDIA GeForce GTX 1080' (Feature Level 11_0)
[2017.05.23-09.46.03:872][  0]LogD3D11RHI:       8144/0/32718 MB DedicatedVideo/DedicatedSystem/SharedSystem, Outputs:0, VendorId:0x10de
[2017.05.23-09.46.03:877][  0]LogD3D11RHI:    2. 'Microsoft Basic Render Driver' (Feature Level 11_0)
[2017.05.23-09.46.03:877][  0]LogD3D11RHI:       0/0/32718 MB DedicatedVideo/DedicatedSystem/SharedSystem, Outputs:0, VendorId:0x1414
[2017.05.23-09.46.03:877][  0]LogD3D11RHI: Chosen D3D11 Adapter: 0
[2017.05.23-09.46.03:883][  0]LogD3D11RHI: Creating new Direct3DDevice
[2017.05.23-09.46.03:883][  0]LogD3D11RHI:     GPU DeviceId: 0x1b80 (for the marketing name, search the web for "GPU Device Id")
[2017.05.23-09.46.03:883][  0]LogWindows: EnumDisplayDevices:
[2017.05.23-09.46.03:883][  0]LogWindows:    0. 'NVIDIA GeForce GTX 1080' (P:1 D:1)
[2017.05.23-09.46.03:883][  0]LogWindows:    1. 'NVIDIA GeForce GTX 1080' (P:0 D:1)
[2017.05.23-09.46.03:883][  0]LogWindows:    2. 'NVIDIA GeForce GTX 1080' (P:0 D:0)
[2017.05.23-09.46.03:884][  0]LogWindows:    3. 'NVIDIA GeForce GTX 1080' (P:0 D:0)
[2017.05.23-09.46.03:884][  0]LogWindows:    4. 'NVIDIA GeForce GTX 1080' (P:0 D:0)
[2017.05.23-09.46.03:884][  0]LogWindows:    5. 'NVIDIA GeForce GTX 1080' (P:0 D:0)
[2017.05.23-09.46.03:884][  0]LogWindows:    6. 'NVIDIA GeForce GTX 1080' (P:0 D:0)
[2017.05.23-09.46.03:884][  0]LogWindows:    7. 'NVIDIA GeForce GTX 1080' (P:0 D:0)
[2017.05.23-09.46.03:884][  0]LogWindows: DebugString: FoundDriverCount:8 
[2017.05.23-09.46.03:884][  0]LogD3D11RHI:     Adapter Name: NVIDIA GeForce GTX 1080
[2017.05.23-09.46.03:884][  0]LogD3D11RHI:   Driver Version: 376.53 (internal:21.21.13.7653, unified:376.53)
[2017.05.23-09.46.03:884][  0]LogD3D11RHI:      Driver Date: 12-29-2016
[2017.05.23-09.46.03:884][  0]LogRHI: Texture pool is 1361 MB (70% of 1945 MB)
[2017.05.23-09.46.03:900][  0]LogD3D11RHI: [Aftermath] Aftermath enabled but failed to initialize due to reason: DriverVersionNotSupported
[2017.05.23-09.46.03:900][  0]LogD3D11RHI: Async texture creation enabled
[2017.05.23-09.46.03:911][  0]LogD3D11RHI: GPU Timing Frequency: 1000.000000 (Debug: 2 1)
[2017.05.23-09.46.03:995][  0]LogShaderCompilers: Guid format shader working directory is -13 characters bigger than the processId version (../../../../../../LocalWork/UnrealTests/Robotizer808Repo/Robotizer808/Intermediate/Shaders/WorkingDirectory/12964/).
[2017.05.23-09.46.03:995][  0]LogShaderCompilers: Cleaned the shader compiler working directory 'C:/Users/boris.ignjatovic/AppData/Local/Temp/UnrealShaderWorkingDir/1C05D69A4106D508EC25FFB90D58DF23/'.
[2017.05.23-09.46.03:995][  0]LogShaderCompilers:Display: Using Local Shader Compiler.
[2017.05.23-09.46.05:565][  0]LogTemp:Display: Loaded TP AllDesktopTargetPlatform
[2017.05.23-09.46.05:660][  0]LogTemp:Display: Loaded TP MacClientTargetPlatform
[2017.05.23-09.46.05:755][  0]LogTemp:Display: Loaded TP MacNoEditorTargetPlatform
[2017.05.23-09.46.05:852][  0]LogTemp:Display: Loaded TP MacServerTargetPlatform
[2017.05.23-09.46.05:951][  0]LogTemp:Display: Loaded TP MacTargetPlatform
[2017.05.23-09.46.06:047][  0]LogTemp:Display: Loaded TP WindowsClientTargetPlatform
[2017.05.23-09.46.06:143][  0]LogTemp:Display: Loaded TP WindowsNoEditorTargetPlatform
[2017.05.23-09.46.06:237][  0]LogTemp:Display: Loaded TP WindowsServerTargetPlatform
[2017.05.23-09.46.06:326][  0]LogTemp:Display: Loaded TP WindowsTargetPlatform
[2017.05.23-09.46.06:420][  0]LogTemp:Display: Loaded TP AndroidTargetPlatform
[2017.05.23-09.46.06:515][  0]LogTemp:Display: Loaded TP Android_ASTCTargetPlatform
[2017.05.23-09.46.06:609][  0]LogTemp:Display: Loaded TP Android_ATCTargetPlatform
[2017.05.23-09.46.06:704][  0]LogTemp:Display: Loaded TP Android_DXTTargetPlatform
[2017.05.23-09.46.06:800][  0]LogTemp:Display: Loaded TP Android_ETC1TargetPlatform
[2017.05.23-09.46.06:895][  0]LogTemp:Display: Loaded TP Android_ETC2TargetPlatform
[2017.05.23-09.46.07:086][  0]LogTemp:Display: Loaded TP Android_MultiTargetPlatform
[2017.05.23-09.46.07:086][  0]LogTemp:Display: Loaded TP Android_PVRTCTargetPlatform
[2017.05.23-09.46.07:164][  0]LogTemp:Display: Loaded TP HTML5TargetPlatform
[2017.05.23-09.46.07:325][  0]LogTemp:Display: Loaded TP IOSTargetPlatform
[2017.05.23-09.46.07:382][  0]LogTemp:Display: Loaded TP TVOSTargetPlatform
[2017.05.23-09.46.07:476][  0]LogTemp:Display: Loaded TP LinuxClientTargetPlatform
[2017.05.23-09.46.07:569][  0]LogTemp:Display: Loaded TP LinuxNoEditorTargetPlatform
[2017.05.23-09.46.07:665][  0]LogTemp:Display: Loaded TP LinuxServerTargetPlatform
[2017.05.23-09.46.07:757][  0]LogTemp:Display: Loaded TP LinuxTargetPlatform
[2017.05.23-09.46.07:757][  0]LogTargetPlatformManager:Display: Building Assets For Windows
[2017.05.23-09.46.08:763][  0]LogDerivedDataCache:Display: Max Cache Size: 512 MB
[2017.05.23-09.46.08:812][  0]LogDerivedDataCache: Loaded boot cache 0.05s 50MB C:/Users/boris.ignjatovic/AppData/Local/UnrealEngine/4.15/DerivedDataCache/Boot.ddc.
[2017.05.23-09.46.08:813][  0]LogDerivedDataCache:Display: Loaded Boot cache: C:/Users/boris.ignjatovic/AppData/Local/UnrealEngine/4.15/DerivedDataCache/Boot.ddc
[2017.05.23-09.46.08:813][  0]LogDerivedDataCache: FDerivedDataBackendGraph:  Pak pak cache file ../../../../../../LocalWork/UnrealTests/Robotizer808Repo/Robotizer808/DerivedDataCache/DDC.ddp not found, will not use a pak cache.
[2017.05.23-09.46.08:813][  0]LogDerivedDataCache: Unable to find inner node Pak for hierarchical cache Hierarchy.
[2017.05.23-09.46.08:813][  0]LogDerivedDataCache: FDerivedDataBackendGraph:  CompressedPak pak cache file ../../../../../../LocalWork/UnrealTests/Robotizer808Repo/Robotizer808/DerivedDataCache/Compressed.ddp not found, will not use a pak cache.
[2017.05.23-09.46.08:813][  0]LogDerivedDataCache: Unable to find inner node CompressedPak for hierarchical cache Hierarchy.
[2017.05.23-09.46.08:828][  0]LogDerivedDataCache:Display: Pak cache opened for reading ../../../Engine/DerivedDataCache/Compressed.ddp.
[2017.05.23-09.46.08:841][  0]LogDerivedDataCache: Using Local data cache path C:/Users/boris.ignjatovic/AppData/Local/UnrealEngine/Common/DerivedDataCache: Writable
[2017.05.23-09.46.08:849][  0]LogSlate: Using Freetype 2.6.0
[2017.05.23-09.46.08:850][  0]LogSlate: SlateFontCache - WITH_FREETYPE: 1, WITH_HARFBUZZ: 1
[2017.05.23-09.46.08:850][  0]LogSlate: SlateFontCache - WITH_FREETYPE: 1, WITH_HARFBUZZ: 1
[2017.05.23-09.46.09:131][  0]LogInit: Selected Device Profile: [Windows]
[2017.05.23-09.46.09:134][  0]LogContentStreaming: Texture pool size is 0.00 MB
[2017.05.23-09.46.09:449][  0]LogMeshUtilities: Using QuadricMeshReduction for automatic static mesh reduction
[2017.05.23-09.46.09:544][  0]LogSimplygon: Simplygon DLL not present - disabling.
[2017.05.23-09.46.09:638][  0]LogMeshUtilities: Using SimplygonSwarm for distributed automatic mesh merging
[2017.05.23-09.46.09:638][  0]LogMeshUtilities: No automatic skeletal mesh reduction module available
[2017.05.23-09.46.09:638][  0]LogMeshUtilities: No automatic mesh merging module available
[2017.05.23-09.46.10:288][  0]LogNetVersion: GetLocalNetworkVersion: CL: 3299760, ProjectName: robotizer808, ProjectVersion: , EngineNetworkVersion: 2, GameNetworkVersion: 0, NetworkChecksum: 3630192969
[2017.05.23-09.46.10:358][  0]LogAssetRegistry: FAssetRegistry took 0.0224 seconds to start up
[2017.05.23-09.46.10:427][  0]LogPackageLocalizationCache: Processed 3 localized package path(s) for 2 prioritized culture(s) in 0.026838 seconds
[2017.05.23-09.46.10:431][  0]LogUObjectArray: 32493 objects as part of root set at end of initial load.
[2017.05.23-09.46.10:431][  0]LogUObjectAllocator: 7077032 out of 0 bytes used by permanent object pool.
[2017.05.23-09.46.10:431][  0]LogUObjectArray: CloseDisregardForGC: 0/0 objects in disregard for GC pool
[2017.05.23-09.46.10:562][  0]LogInit: WinSock: version 1.1 (2.2), MaxSocks=32767, MaxUdp=65467
[2017.05.23-09.46.13:340][  0]LogTcpMessaging: Initializing TcpMessaging bridge
[2017.05.23-09.46.13:415][  0]LogUdpMessaging: Initializing bridge on interface 0.0.0.0:0 to multicast group 230.0.0.1:6666.
[2017.05.23-09.46.14:388][  0]LogMaterial: Uniform references updated for custom material expression Custom.
[2017.05.23-09.46.15:095][  0]SourceControl: Info Source control is disabled
[2017.05.23-09.46.15:190][  0]SourceControl: Info Source control is disabled
[2017.05.23-09.46.15:288][  0]SourceControl: Info Source control is disabled
[2017.05.23-09.46.15:387][  0]SourceControl: Info Source control is disabled
[2017.05.23-09.46.17:892][  0]LogEngine: Initializing Engine...
[2017.05.23-09.46.18:376][  0]LogHMD: Failed to initialize OpenVR with code 108
[2017.05.23-09.46.18:487][  0]LogStats: UGameplayTagsManager::ConstructGameplayTagTree: Construct from data asset -  0.000 s
[2017.05.23-09.46.18:487][  0]LogStats: UGameplayTagsManager::ConstructGameplayTagTree: GameplayTagTreeChangedEvent.Broadcast -  0.000 s
[2017.05.23-09.46.18:730][  0]LogAIModule: Creating AISystem for world Untitled
[2017.05.23-09.46.18:752][  0]LogInit: XAudio2 using 'EV2416W-8 (2- NVIDIA High Definition Audio)' : 2 channels at 48 kHz using 16 bits per sample (channel mask 0x3)
[2017.05.23-09.46.18:787][  0]LogInit: FAudioDevice initialized.
[2017.05.23-09.46.18:810][  0]LogDerivedDataCache: Saved boot cache 0.02s 50MB C:/Users/boris.ignjatovic/AppData/Local/UnrealEngine/4.15/DerivedDataCache/Boot.ddc.
[2017.05.23-09.46.18:814][  0]LogInit: Texture streaming: Enabled
[2017.05.23-09.46.19:037][  0]LogEngineSessionManager: EngineSessionManager initialized
[2017.05.23-09.46.19:224][  0]LogInit: Transaction tracking system initialized
[2017.05.23-09.46.19:937][  0]BlueprintLog: New page: Editor Load
[2017.05.23-09.46.21:808][  0]LocalizationService: Info Localization service is disabled
[2017.05.23-09.46.23:439][  0]LogConsoleResponse:Display: 
[2017.05.23-09.46.23:588][  0]LogCook:Display: Max memory allowance for cook 16384mb min free memory 0mb
[2017.05.23-09.46.23:588][  0]LogCook:Display: Mobile HDR setting 1
[2017.05.23-09.46.24:421][  0]LogFileCache: Scanning file cache for directory 'C:/LocalWork/UnrealTests/Robotizer808Repo/Robotizer808/Content/' took 0.02s
[2017.05.23-09.46.25:668][  0]SourceControl: Info Source control is disabled
[2017.05.23-09.46.25:668][  0]Cmd: MAP LOAD FILE="../../../../../../LocalWork/UnrealTests/Robotizer808Repo/Robotizer808/Content/SideScrollerBP/Maps/SideScrollerExampleMap.umap" TEMPLATE=0 SHOWPROGRESS=1 FEATURELEVEL=3
[2017.05.23-09.46.25:668][  0]LogEditorServer:Warning: Can't find file '../../../../../../LocalWork/UnrealTests/Robotizer808Repo/Robotizer808/Content/SideScrollerBP/Maps/SideScrollerExampleMap.umap'
[2017.05.23-09.46.25:668][  0]Cmd: MAP CHECKDEP NOCLEARLOG
[2017.05.23-09.46.25:741][  0]MapCheck: Info Map check complete: 0 Error(s), 0 Warning(s), took 73.012ms to complete.
[2017.05.23-09.46.25:741][  0]LogFileHelpers: Loading map 'SideScrollerExampleMap' took 0.073
[2017.05.23-09.46.25:811][  0]LogWindowsTextInputMethodSystem:Display: IME system now deactivated.
[2017.05.23-09.46.25:959][  0]LogCollectionManager: Loaded 0 collections in 0.001734 seconds
[2017.05.23-09.46.26:083][  0]LogFileCache: Scanning file cache for directory 'C:/LocalWork/UnrealTests/Robotizer808Repo/Robotizer808/Saved/Collections/' took 0.01s
[2017.05.23-09.46.26:083][  0]LogFileCache: Scanning file cache for directory 'C:/LocalWork/UnrealTests/Robotizer808Repo/Robotizer808/Content/Developers/borisignjatovic/Collections/' took 0.01s
[2017.05.23-09.46.26:083][  0]LogFileCache: Scanning file cache for directory 'C:/LocalWork/UnrealTests/Robotizer808Repo/Robotizer808/Content/Collections/' took 0.01s
[2017.05.23-09.46.26:083][  0]LogCollectionManager: Rebuilt the GUID cache for 0 collections in 0.000001 seconds
[2017.05.23-09.46.26:091][  0]LogContentBrowser: Native class hierarchy populated in 0.0078 seconds. Added 2245 classes and 453 folders.
[2017.05.23-09.46.26:222][  0]LogContentBrowser: Native class hierarchy updated for 'WidgetCarousel' in 0.0006 seconds. Added 0 classes and 0 folders.
[2017.05.23-09.46.26:289][  0]LogContentBrowser: Native class hierarchy updated for 'AddContentDialog' in 0.0005 seconds. Added 0 classes and 0 folders.
[2017.05.23-09.46.26:376][  0]LogContentBrowser: Native class hierarchy updated for 'SceneOutliner' in 0.0006 seconds. Added 1 classes and 2 folders.
[2017.05.23-09.46.26:487][  0]LogCrashTracker: Crashtracker disabled due to settings.
[2017.05.23-09.46.26:493][  0]LogUObjectGlobals:Warning: Failed to find object 'Class None.'
[2017.05.23-09.46.26:601][  0]LogContentBrowser: Native class hierarchy updated for 'HierarchicalLODOutliner' in 0.0009 seconds. Added 1 classes and 2 folders.
[2017.05.23-09.46.26:601][  0]LogLoad: (Engine Initialization) Total time: 26.89 seconds
[2017.05.23-09.46.26:601][  0]LogLoad: (Engine Initialization) Total Blueprint compile time: 0.08 seconds
[2017.05.23-09.46.26:601][  0]LogExternalProfiler: Found external profiler: VSPerf
[2017.05.23-09.46.26:601][  0]LogExternalProfiler: Using external profiler: VSPerf
[2017.05.23-09.46.26:612][  0]LogOcInput: OculusInput pre-init called
[2017.05.23-09.46.26:631][  0]LogContentStreaming: Texture pool size now 1000 MB
[2017.05.23-09.46.26:632][  0]LogSlate: Took 0.000259 seconds to synchronously load lazily loaded font '../../../Engine/Content/Slate/Fonts/Roboto-Regular.ttf' (155K)
[2017.05.23-09.46.26:636][  0]LogSlate: Took 0.000232 seconds to synchronously load lazily loaded font '../../../Engine/Content/Slate/Fonts/Roboto-Bold.ttf' (160K)
[2017.05.23-09.46.26:641][  0]LogSlate: Took 0.000224 seconds to synchronously load lazily loaded font '../../../Engine/Content/Editor/Slate/Fonts/FontAwesome.ttf' (139K)
[2017.05.23-09.46.26:750][  0]LogSlate: Took 0.000209 seconds to synchronously load lazily loaded font '../../../Engine/Content/Slate/Fonts/Roboto-Light.ttf' (159K)
[2017.05.23-09.46.26:783][  0]LogRenderer: Reallocating scene render targets to support 1172x660 NumSamples 1 (Frame:2).
[2017.05.23-09.46.26:829][  1]LogAssetRegistry: Asset discovery search completed in 16.4943 seconds
[2017.05.23-09.46.26:829][  1]LogCollectionManager: Rebuilt the object cache for 0 collections in 0.000004 seconds (found 0 objects)
[2017.05.23-09.46.26:829][  1]LogCollectionManager: Fixed up redirectors for 0 collections in 0.000024 seconds (updated 0 objects)
[2017.05.23-09.46.27:623][ 93]LogSlate: Took 0.000311 seconds to synchronously load lazily loaded font '../../../Engine/Content/Slate/Fonts/Roboto-Light.ttf' (159K)
[2017.05.23-09.46.35:136][991]LogSlate: Took 0.000209 seconds to synchronously load lazily loaded font '../../../Engine/Content/Slate/Fonts/Roboto-Light.ttf' (159K)
[2017.05.23-09.46.35:700][991]LogAIModule: Creating AISystem for world Level01
[2017.05.23-09.46.35:755][991]Cmd: MAP LOAD FILE="../../../../../../LocalWork/UnrealTests/Robotizer808Repo/Robotizer808/Content/SideScrollerBP/Maps/Level01.umap" TEMPLATE=0 SHOWPROGRESS=1 FEATURELEVEL=3
[2017.05.23-09.46.35:755][991]LightingResults: New page: Lighting Build
[2017.05.23-09.46.35:833][991]LogContentBrowser: Native class hierarchy updated for 'StatsViewer' in 0.0006 seconds. Added 5 classes and 0 folders.
[2017.05.23-09.46.35:834][991]LoadErrors: New page: Loading map: Level01.umap
[2017.05.23-09.46.35:835][991]MapCheck: New page: Map Check
[2017.05.23-09.46.35:835][991]LightingResults: New page: Lighting Build
[2017.05.23-09.46.35:917][991]LogEditorServer: Finished looking for orphan Actors (0.000 secs)
[2017.05.23-09.46.35:933][991]Cmd: MAP CHECKDEP NOCLEARLOG
[2017.05.23-09.46.36:024][991]MapCheck: Info Map check complete: 0 Error(s), 0 Warning(s), took 89.735ms to complete.
[2017.05.23-09.46.36:024][991]LogFileHelpers: Loading map 'Level01' took 0.270
[2017.05.23-09.46.52:768][806]LogSavePackage: Save=6.68ms
[2017.05.23-09.46.52:768][806]LogSavePackage: Moving '../../../../../../LocalWork/UnrealTests/Robotizer808Repo/Robotizer808/Saved/LevelDB0D063C7E468219AA0FECA682AB275FC4.tmp' to '../../../../../../LocalWork/UnrealTests/Robotizer808Repo/Robotizer808/Content/SideScrollerBP/Blueprints/LevelDB.uasset'
[2017.05.23-09.46.52:771][806]LogSavePackage:Display: Finished SavePackage ../../../../../../LocalWork/UnrealTests/Robotizer808Repo/Robotizer808/Content/SideScrollerBP/Blueprints/LevelDB.uasset
[2017.05.23-09.46.54:182][914]LogContentBrowser: Native class hierarchy updated for 'BlueprintGraph' in 0.0009 seconds. Added 112 classes and 0 folders.
[2017.05.23-09.46.54:730][914]LogSlate: Took 0.000222 seconds to synchronously load lazily loaded font '../../../Engine/Content/Slate/Fonts/Roboto-Regular.ttf' (155K)
[2017.05.23-09.46.54:872][914]LogRenderer: Reallocating scene render targets to support 1172x1032 NumSamples 1 (Frame:5386).
[2017.05.23-09.47.57:472][157]LogSlate: Took 0.000254 seconds to synchronously load lazily loaded font '../../../Engine/Content/Editor/Slate/Fonts/Roboto-Italic.ttf' (157K)
[2017.05.23-09.48.31:442][195]LogMetaData: Removing '/Game/SideScrollerBP/Blueprints/Collecatable.Collecatable:UserConstructionScript.K2Node_FunctionEntry_0' ref from Metadata '/Game/SideScrollerBP/Blueprints/LevelDB.PackageMetaData'
[2017.05.23-09.48.31:442][195]LogMetaData: Removing '/Game/SideScrollerBP/Blueprints/Collecatable.SKEL_Collecatable_C' ref from Metadata '/Game/SideScrollerBP/Blueprints/LevelDB.PackageMetaData'
[2017.05.23-09.48.31:442][195]LogMetaData: Removing '/Game/SideScrollerBP/Blueprints/Collecatable.Collecatable_C' ref from Metadata '/Game/SideScrollerBP/Blueprints/LevelDB.PackageMetaData'
[2017.05.23-09.48.31:442][195]LogMetaData: Removing '/Game/SideScrollerBP/Blueprints/Collecatable.Collecatable:EventGraph.K2Node_Event_0' ref from Metadata '/Game/SideScrollerBP/Blueprints/LevelDB.PackageMetaData'
[2017.05.23-09.48.31:442][195]LogMetaData: Removing '/Game/SideScrollerBP/Blueprints/Collecatable.Collecatable:EventGraph.K2Node_Event_1' ref from Metadata '/Game/SideScrollerBP/Blueprints/LevelDB.PackageMetaData'
[2017.05.23-09.48.31:442][195]LogMetaData: Removing '/Game/SideScrollerBP/Blueprints/Collecatable.Collecatable:EventGraph.K2Node_Event_2' ref from Metadata '/Game/SideScrollerBP/Blueprints/LevelDB.PackageMetaData'
[2017.05.23-09.48.31:467][195]LogSavePackage: Save=7.11ms
[2017.05.23-09.48.31:467][195]LogSavePackage: Moving '../../../../../../LocalWork/UnrealTests/Robotizer808Repo/Robotizer808/Saved/Collecatable9073A7F74CC6B95F86469787E2A7D734.tmp' to '../../../../../../LocalWork/UnrealTests/Robotizer808Repo/Robotizer808/Content/SideScrollerBP/Blueprints/Collecatable.uasset'
[2017.05.23-09.48.31:470][195]LogSavePackage:Display: Finished SavePackage ../../../../../../LocalWork/UnrealTests/Robotizer808Repo/Robotizer808/Content/SideScrollerBP/Blueprints/Collecatable.uasset
[2017.05.23-09.48.46:124][213]LogMetaData: Removing '/Game/SideScrollerBP/Blueprints/Collectible.Collectible_C' ref from Metadata '/Game/SideScrollerBP/Blueprints/Collecatable.PackageMetaData'
[2017.05.23-09.48.46:124][213]LogMetaData: Removing '/Game/SideScrollerBP/Blueprints/Collectible.SKEL_Collectible_C' ref from Metadata '/Game/SideScrollerBP/Blueprints/Collecatable.PackageMetaData'
[2017.05.23-09.48.46:124][213]LogMetaData: Removing '/Game/SideScrollerBP/Blueprints/Collectible.Collectible:UserConstructionScript.K2Node_FunctionEntry_0' ref from Metadata '/Game/SideScrollerBP/Blueprints/Collecatable.PackageMetaData'
[2017.05.23-09.48.46:124][213]LogMetaData: Removing '/Game/SideScrollerBP/Blueprints/Collectible.Collectible:EventGraph.K2Node_Event_0' ref from Metadata '/Game/SideScrollerBP/Blueprints/Collecatable.PackageMetaData'
[2017.05.23-09.48.46:124][213]LogMetaData: Removing '/Game/SideScrollerBP/Blueprints/Collectible.Collectible:EventGraph.K2Node_Event_1' ref from Metadata '/Game/SideScrollerBP/Blueprints/Collecatable.PackageMetaData'
[2017.05.23-09.48.46:124][213]LogMetaData: Removing '/Game/SideScrollerBP/Blueprints/Collectible.Collectible:EventGraph.K2Node_Event_2' ref from Metadata '/Game/SideScrollerBP/Blueprints/Collecatable.PackageMetaData'
[2017.05.23-09.48.46:149][213]LogSavePackage: Save=6.78ms
[2017.05.23-09.48.46:149][213]LogSavePackage: Moving '../../../../../../LocalWork/UnrealTests/Robotizer808Repo/Robotizer808/Saved/Collectible13CFC8D54E21272AF6FA3BB6D255CC4A.tmp' to '../../../../../../LocalWork/UnrealTests/Robotizer808Repo/Robotizer808/Content/SideScrollerBP/Blueprints/Collectible.uasset'
[2017.05.23-09.48.46:152][213]LogSavePackage:Display: Finished SavePackage ../../../../../../LocalWork/UnrealTests/Robotizer808Repo/Robotizer808/Content/SideScrollerBP/Blueprints/Collectible.uasset
[2017.05.23-09.48.52:900][623]LogSlate: Took 0.000275 seconds to synchronously load lazily loaded font '../../../Engine/Content/Editor/Slate/Fonts/Roboto-BoldCondensed.ttf' (158K)
[2017.05.23-09.49.50:280][139]BlueprintLog: New page: Compile Collectible
[2017.05.23-09.49.57:286][799]BlueprintLog: New page: Compile Collectible
[2017.05.23-09.49.57:908][841]LogSavePackage: Save=15.15ms
[2017.05.23-09.49.57:908][841]LogSavePackage: Moving '../../../../../../LocalWork/UnrealTests/Robotizer808Repo/Robotizer808/Saved/Collectible2260DE5C441966A0826EF080F6BD61CF.tmp' to '../../../../../../LocalWork/UnrealTests/Robotizer808Repo/Robotizer808/Content/SideScrollerBP/Blueprints/Collectible.uasset'
[2017.05.23-09.49.57:912][841]LogSavePackage:Display: Finished SavePackage ../../../../../../LocalWork/UnrealTests/Robotizer808Repo/Robotizer808/Content/SideScrollerBP/Blueprints/Collectible.uasset
[2017.05.23-09.51.13:413][979]LogSlate: Took 0.000396 seconds to synchronously load lazily loaded font '../../../Engine/Content/Editor/Slate/Fonts/Roboto-BoldCondensedItalic.ttf' (160K)
[2017.05.23-09.52.07:498][422]BlueprintLog: New page: Compile Collectible
[2017.05.23-09.52.10:920][749]LogSavePackage: Save=15.88ms
[2017.05.23-09.52.10:920][749]LogSavePackage: Moving '../../../../../../LocalWork/UnrealTests/Robotizer808Repo/Robotizer808/Saved/CollectibleF09629B741F288533A282E8633520AB4.tmp' to '../../../../../../LocalWork/UnrealTests/Robotizer808Repo/Robotizer808/Content/SideScrollerBP/Blueprints/Collectible.uasset'
[2017.05.23-09.52.10:924][749]LogSavePackage:Display: Finished SavePackage ../../../../../../LocalWork/UnrealTests/Robotizer808Repo/Robotizer808/Content/SideScrollerBP/Blueprints/Collectible.uasset
[2017.05.23-09.52.31:343][803]LogSavePackage: Save=8.38ms
[2017.05.23-09.52.31:344][803]LogSavePackage: Moving '../../../../../../LocalWork/UnrealTests/Robotizer808Repo/Robotizer808/Saved/Collectible039BDF224BA6B9DD4DB7DD96D3F566B5.tmp' to '../../../../../../LocalWork/UnrealTests/Robotizer808Repo/Robotizer808/Content/SideScrollerBP/Blueprints/Collectible.uasset'
[2017.05.23-09.52.31:345][803]LogSavePackage:Display: Finished SavePackage ../../../../../../LocalWork/UnrealTests/Robotizer808Repo/Robotizer808/Content/SideScrollerBP/Blueprints/Collectible.uasset
[2017.05.23-09.52.34:578][129]BlueprintLog: New page: Compile Collectible
[2017.05.23-09.52.35:558][209]LogSavePackage: Save=14.78ms
[2017.05.23-09.52.35:558][209]LogSavePackage: Moving '../../../../../../LocalWork/UnrealTests/Robotizer808Repo/Robotizer808/Saved/Collectible6F0C8E93446E1D9366593098BD8A0176.tmp' to '../../../../../../LocalWork/UnrealTests/Robotizer808Repo/Robotizer808/Content/SideScrollerBP/Blueprints/Collectible.uasset'
[2017.05.23-09.52.35:561][209]LogSavePackage:Display: Finished SavePackage ../../../../../../LocalWork/UnrealTests/Robotizer808Repo/Robotizer808/Content/SideScrollerBP/Blueprints/Collectible.uasset
[2017.05.23-09.52.56:268][311]BlueprintLog: New page: Compile Collectible
[2017.05.23-09.53.29:603][640]LogEditorViewport: Clicking on Actor (LMB): Sky_C (Sky)
[2017.05.23-09.54.08:075][979]BlueprintLog: New page: Compile PillarControl
[2017.05.23-09.54.09:506][ 32]LogSavePackage: Save=57.85ms
[2017.05.23-09.54.09:506][ 32]LogSavePackage: Moving '../../../../../../LocalWork/UnrealTests/Robotizer808Repo/Robotizer808/Saved/PillarControlBB301E9542C268FFA32A36B2ECE79D47.tmp' to '../../../../../../LocalWork/UnrealTests/Robotizer808Repo/Robotizer808/Content/SideScrollerBP/Blueprints/PillarControl.uasset'
[2017.05.23-09.54.09:510][ 32]LogSavePackage:Display: Finished SavePackage ../../../../../../LocalWork/UnrealTests/Robotizer808Repo/Robotizer808/Content/SideScrollerBP/Blueprints/PillarControl.uasset
[2017.05.23-09.54.25:382][305]LogSavePackage: Save=58.04ms
[2017.05.23-09.54.25:382][305]LogSavePackage: Moving '../../../../../../LocalWork/UnrealTests/Robotizer808Repo/Robotizer808/Saved/PillarControlEAAE850A4D742DAD535FA996D252E729.tmp' to '../../../../../../LocalWork/UnrealTests/Robotizer808Repo/Robotizer808/Content/SideScrollerBP/Blueprints/PillarControl.uasset'
[2017.05.23-09.54.25:384][305]LogSavePackage:Display: Finished SavePackage ../../../../../../LocalWork/UnrealTests/Robotizer808Repo/Robotizer808/Content/SideScrollerBP/Blueprints/PillarControl.uasset
[2017.05.23-09.54.27:535][417]LogEditorViewport: Clicking on Actor (LMB): Sky_C (Sky)
[2017.05.23-09.54.28:077][445]LogEditorViewport: Clicking on Actor (LMB): Block_C (Block)
[2017.05.23-09.54.28:919][487]LogEditorViewport: Clicking on Actor (LMB): Sky_C (Sky)
[2017.05.23-09.57.37:647][305]BlueprintLog: New page: Compile Collectible
[2017.05.23-09.57.38:674][363]LogSavePackage: Save=17.52ms
[2017.05.23-09.57.38:674][363]LogSavePackage: Moving '../../../../../../LocalWork/UnrealTests/Robotizer808Repo/Robotizer808/Saved/Collectible4458362A4CAC43F245DB7F9E8C580BA4.tmp' to '../../../../../../LocalWork/UnrealTests/Robotizer808Repo/Robotizer808/Content/SideScrollerBP/Blueprints/Collectible.uasset'
[2017.05.23-09.57.38:677][363]LogSavePackage:Display: Finished SavePackage ../../../../../../LocalWork/UnrealTests/Robotizer808Repo/Robotizer808/Content/SideScrollerBP/Blueprints/Collectible.uasset
[2017.05.23-09.59.26:620][995]BlueprintLog: New page: Compile Collectible
[2017.05.23-09.59.27:185][ 29]LogSavePackage: Save=18.58ms
[2017.05.23-09.59.27:185][ 29]LogSavePackage: Moving '../../../../../../LocalWork/UnrealTests/Robotizer808Repo/Robotizer808/Saved/CollectibleB2B653714466FFE333A6CFB825E468EE.tmp' to '../../../../../../LocalWork/UnrealTests/Robotizer808Repo/Robotizer808/Content/SideScrollerBP/Blueprints/Collectible.uasset'
[2017.05.23-09.59.27:189][ 29]LogSavePackage:Display: Finished SavePackage ../../../../../../LocalWork/UnrealTests/Robotizer808Repo/Robotizer808/Content/SideScrollerBP/Blueprints/Collectible.uasset
[2017.05.23-10.01.00:962][160]BlueprintLog: New page: Compile PillarControl
[2017.05.23-10.01.02:250][211]LogSavePackage: Save=58.03ms
[2017.05.23-10.01.02:250][211]LogSavePackage: Moving '../../../../../../LocalWork/UnrealTests/Robotizer808Repo/Robotizer808/Saved/PillarControl838FA6434C4AFECB3FC573A8E13948CE.tmp' to '../../../../../../LocalWork/UnrealTests/Robotizer808Repo/Robotizer808/Content/SideScrollerBP/Blueprints/PillarControl.uasset'
[2017.05.23-10.01.02:253][211]LogSavePackage:Display: Finished SavePackage ../../../../../../LocalWork/UnrealTests/Robotizer808Repo/Robotizer808/Content/SideScrollerBP/Blueprints/PillarControl.uasset
[2017.05.23-10.01.05:553][412]BlueprintLog: New page: Compile PillarControl
[2017.05.23-10.01.06:117][420]LogSavePackage: Save=57.33ms
[2017.05.23-10.01.06:117][420]LogSavePackage: Moving '../../../../../../LocalWork/UnrealTests/Robotizer808Repo/Robotizer808/Saved/PillarControl3BBF2E7D42AD4C61DECCCDB827068FDB.tmp' to '../../../../../../LocalWork/UnrealTests/Robotizer808Repo/Robotizer808/Content/SideScrollerBP/Blueprints/PillarControl.uasset'
[2017.05.23-10.01.06:121][420]LogSavePackage:Display: Finished SavePackage ../../../../../../LocalWork/UnrealTests/Robotizer808Repo/Robotizer808/Content/SideScrollerBP/Blueprints/PillarControl.uasset
[2017.05.23-10.01.24:601][535]BlueprintLog: New page: Compile PillarControl
[2017.05.23-10.01.25:574][579]LogSavePackage: Save=57.73ms
[2017.05.23-10.01.25:574][579]LogSavePackage: Moving '../../../../../../LocalWork/UnrealTests/Robotizer808Repo/Robotizer808/Saved/PillarControl4E12263944FA07DB4D7F94912989D7B6.tmp' to '../../../../../../LocalWork/UnrealTests/Robotizer808Repo/Robotizer808/Content/SideScrollerBP/Blueprints/PillarControl.uasset'
[2017.05.23-10.01.25:578][579]LogSavePackage:Display: Finished SavePackage ../../../../../../LocalWork/UnrealTests/Robotizer808Repo/Robotizer808/Content/SideScrollerBP/Blueprints/PillarControl.uasset
[2017.05.23-10.01.55:587][460]BlueprintLog: New page: Compile PillarControl
[2017.05.23-10.02.24:630][313]LogSavePackage: Save=231.18ms
[2017.05.23-10.02.24:630][313]LogSavePackage: Moving '../../../../../../LocalWork/UnrealTests/Robotizer808Repo/Robotizer808/Saved/Level01_Auto1E4E41B4B4A809F48F01A4685E2AB2043.tmp' to '../../../../../../LocalWork/UnrealTests/Robotizer808Repo/Robotizer808/Saved/Autosaves/Game/SideScrollerBP/Maps/Level01_Auto1.umap'
[2017.05.23-10.02.24:633][313]LogSavePackage:Display: Finished SavePackage ../../../../../../LocalWork/UnrealTests/Robotizer808Repo/Robotizer808/Saved/Autosaves/Game/SideScrollerBP/Maps/Level01_Auto1.umap
[2017.05.23-10.02.24:635][313]LogFileHelpers: Editor autosave (incl. sublevels) for '/Game/SideScrollerBP/Maps/Level01' took 0.269
[2017.05.23-10.02.24:635][313]LogFileHelpers: Editor autosave (incl. sublevels) for all levels took 0.269
[2017.05.23-10.02.24:637][313]OBJ SavePackage: Generating thumbnails for [1] asset(s) in package [/Game/SideScrollerBP/Blueprints/Collectible] ([1] browsable assets)...
[2017.05.23-10.02.24:650][313]OBJ SavePackage:     Rendered thumbnail for [Blueprint /Game/SideScrollerBP/Blueprints/Collectible.Collectible]
[2017.05.23-10.02.24:650][313]OBJ SavePackage: Finished generating thumbnails for package [/Game/SideScrollerBP/Blueprints/Collectible]
[2017.05.23-10.02.24:676][313]LogSavePackage: Save=18.41ms
[2017.05.23-10.02.24:676][313]LogSavePackage: Moving '../../../../../../LocalWork/UnrealTests/Robotizer808Repo/Robotizer808/Saved/Collectible_Auto1174A78BA4F7020BC3DC489818B2AF11A.tmp' to '../../../../../../LocalWork/UnrealTests/Robotizer808Repo/Robotizer808/Saved/Autosaves/Game/SideScrollerBP/Blueprints/Collectible_Auto1.uasset'
[2017.05.23-10.02.24:678][313]LogSavePackage:Display: Finished SavePackage ../../../../../../LocalWork/UnrealTests/Robotizer808Repo/Robotizer808/Saved/Autosaves/Game/SideScrollerBP/Blueprints/Collectible_Auto1.uasset
[2017.05.23-10.02.24:679][313]OBJ SavePackage: Generating thumbnails for [0] asset(s) in package [/Game/SideScrollerBP/Blueprints/PillarControl] ([1] browsable assets)...
[2017.05.23-10.02.24:679][313]OBJ SavePackage: Finished generating thumbnails for package [/Game/SideScrollerBP/Blueprints/PillarControl]
[2017.05.23-10.02.24:745][313]LogSavePackage: Save=57.72ms
[2017.05.23-10.02.24:745][313]LogSavePackage: Moving '../../../../../../LocalWork/UnrealTests/Robotizer808Repo/Robotizer808/Saved/PillarControl_Auto121124F1B4619A5434AD5B9906D30117D.tmp' to '../../../../../../LocalWork/UnrealTests/Robotizer808Repo/Robotizer808/Saved/Autosaves/Game/SideScrollerBP/Blueprints/PillarControl_Auto1.uasset'
[2017.05.23-10.02.24:747][313]LogSavePackage:Display: Finished SavePackage ../../../../../../LocalWork/UnrealTests/Robotizer808Repo/Robotizer808/Saved/Autosaves/Game/SideScrollerBP/Blueprints/PillarControl_Auto1.uasset
[2017.05.23-10.02.24:747][313]LogFileHelpers: Auto-saving content packages took 0.111
[2017.05.23-10.06.41:557][782]BlueprintLog: New page: Compile PillarControl
[2017.05.23-10.07.24:438][559]BlueprintLog: New page: Compile PillarControl
[2017.05.23-10.07.25:678][612]LogSavePackage: Save=66.21ms
[2017.05.23-10.07.25:678][612]LogSavePackage: Moving '../../../../../../LocalWork/UnrealTests/Robotizer808Repo/Robotizer808/Saved/PillarControl5C3382B84F58C8956B659EB891FB3BF8.tmp' to '../../../../../../LocalWork/UnrealTests/Robotizer808Repo/Robotizer808/Content/SideScrollerBP/Blueprints/PillarControl.uasset'
[2017.05.23-10.07.25:681][612]LogSavePackage:Display: Finished SavePackage ../../../../../../LocalWork/UnrealTests/Robotizer808Repo/Robotizer808/Content/SideScrollerBP/Blueprints/PillarControl.uasset
[2017.05.23-10.07.57:463][593]LogClass:Warning: Type mismatch in Variant of SKEL_Collectible_C - Previous (StrProperty) Current(IntProperty) for package:  FObjectReader
[2017.05.23-10.08.00:903][905]BlueprintLog: New page: Compile Collectible
[2017.05.23-10.08.00:911][905]LogClass:Warning: Type mismatch in Variant of Collectible_C - Previous (StrProperty) Current(IntProperty) for package:  FObjectReader
[2017.05.23-10.08.00:911][905]LogClass:Warning: Type mismatch in Variant of Collectible_C - Previous (StrProperty) Current(IntProperty) for package:  FObjectReader
[2017.05.23-10.08.01:738][946]LogSavePackage: Save=19.42ms
[2017.05.23-10.08.01:738][946]LogSavePackage: Moving '../../../../../../LocalWork/UnrealTests/Robotizer808Repo/Robotizer808/Saved/CollectibleD393D1524573A5F5BEB39F850D6213DE.tmp' to '../../../../../../LocalWork/UnrealTests/Robotizer808Repo/Robotizer808/Content/SideScrollerBP/Blueprints/Collectible.uasset'
[2017.05.23-10.08.01:742][946]LogSavePackage:Display: Finished SavePackage ../../../../../../LocalWork/UnrealTests/Robotizer808Repo/Robotizer808/Content/SideScrollerBP/Blueprints/Collectible.uasset
[2017.05.23-10.08.10:609][773]BlueprintLog: New page: Compile Collectible
[2017.05.23-10.08.10:617][773]LogBlueprint:Error: [Compiler Collectible] Error Default value '' for  Variants  is invalid: 'Array inputs (like 'Variants') must have an input wired into them (try connecting a MakeArray node).'
[2017.05.23-10.08.10:771][773]BlueprintEditorCompileResults:Error: Error Default value '' for  Variants  is invalid: 'Array inputs (like 'Variants') must have an input wired into them (try connecting a MakeArray node).'
[2017.05.23-10.08.10:772][773]LogBlueprint:Warning: [Compiler Collectible] Warning [1331.06] Compile of Collectible failed. 1 Fatal Issue(s) 0 Warning(s) [in 161 ms] (/Game/SideScrollerBP/Blueprints/Collectible.Collectible)
[2017.05.23-10.08.54:023][840]LogEditorTransaction: Undo Delete current selection
[2017.05.23-10.09.56:429][721]BlueprintLog: New page: Compile Collectible
[2017.05.23-10.09.58:347][880]LogSavePackage: Save=20.39ms
[2017.05.23-10.09.58:347][880]LogSavePackage: Moving '../../../../../../LocalWork/UnrealTests/Robotizer808Repo/Robotizer808/Saved/CollectibleC72A59D24A8F37A55F14368BEBE572C8.tmp' to '../../../../../../LocalWork/UnrealTests/Robotizer808Repo/Robotizer808/Content/SideScrollerBP/Blueprints/Collectible.uasset'
[2017.05.23-10.09.58:351][880]LogSavePackage:Display: Finished SavePackage ../../../../../../LocalWork/UnrealTests/Robotizer808Repo/Robotizer808/Content/SideScrollerBP/Blueprints/Collectible.uasset
[2017.05.23-10.10.08:603][827]LogSavePackage: Save=14.03ms
[2017.05.23-10.10.08:603][827]LogSavePackage: Moving '../../../../../../LocalWork/UnrealTests/Robotizer808Repo/Robotizer808/Saved/CollectibleB5AC36384ECB6FB6F5722697BD9DC2BF.tmp' to '../../../../../../LocalWork/UnrealTests/Robotizer808Repo/Robotizer808/Content/SideScrollerBP/Blueprints/Collectible.uasset'
[2017.05.23-10.10.08:605][827]LogSavePackage:Display: Finished SavePackage ../../../../../../LocalWork/UnrealTests/Robotizer808Repo/Robotizer808/Content/SideScrollerBP/Blueprints/Collectible.uasset
[2017.05.23-10.10.10:874][ 35]LogTemp: Repeting last play command: Selected Viewport
[2017.05.23-10.10.10:883][ 35]LogBlueprintUserMessages: Early PlayInEditor Detection: Level '/Game/SideScrollerBP/Maps/Level01.Level01:PersistentLevel' has LevelScriptBlueprint '/Game/SideScrollerBP/Maps/Level01.Level01:PersistentLevel.Level01' with GeneratedClass '/Game/SideScrollerBP/Maps/Level01.Level01_C' with ClassGeneratedBy '/Game/SideScrollerBP/Maps/Level01.Level01:PersistentLevel.Level01'
[2017.05.23-10.10.10:883][ 35]LogPlayLevel: PlayLevel: No blueprints needed recompiling
[2017.05.23-10.10.10:883][ 35]PIE: New page: PIE session: Level01 (May 23, 2017, 2:10:10 PM)
[2017.05.23-10.10.10:883][ 35]LogPlayLevel: Creating play world package: /Game/SideScrollerBP/Maps/UEDPIE_0_Level01
[2017.05.23-10.10.10:902][ 35]LogPlayLevel: PIE: StaticDuplicateObject took: (0.019168s)
[2017.05.23-10.10.10:903][ 35]LogAIModule: Creating AISystem for world Level01
[2017.05.23-10.10.10:903][ 35]LogPlayLevel: PIE: World Init took: (0.000807s)
[2017.05.23-10.10.10:903][ 35]LogPlayLevel: PIE: Created PIE world by copying editor world from /Game/SideScrollerBP/Maps/Level01.Level01 to /Game/SideScrollerBP/Maps/UEDPIE_0_Level01.Level01 (0.020239s)
[2017.05.23-10.10.10:927][ 35]LogInit: XAudio2 using 'EV2416W-8 (2- NVIDIA High Definition Audio)' : 2 channels at 48 kHz using 16 bits per sample (channel mask 0x3)
[2017.05.23-10.10.10:932][ 35]LogInit: FAudioDevice initialized.
[2017.05.23-10.10.10:979][ 35]LogLoad: Game class is 'SideScrollerGameMode_C'
[2017.05.23-10.10.10:982][ 35]LogWorld: Bringing World /Game/SideScrollerBP/Maps/UEDPIE_0_Level01.Level01 up for play (max tick rate 0) at 2017.05.23-12.10.10
[2017.05.23-10.10.10:983][ 35]LogWorld: Bringing up level for play took: 0.002194
[2017.05.23-10.10.11:061][ 35]LogContentBrowser: Native class hierarchy updated for 'MovieSceneCapture' in 0.0006 seconds. Added 11 classes and 0 folders.
[2017.05.23-10.10.11:062][ 35]PIE: Info Play in editor start time for /Game/SideScrollerBP/Maps/UEDPIE_0_Level01 -0.519
[2017.05.23-10.10.11:062][ 35]LogBlueprintUserMessages: Late PlayInEditor Detection: Level '/Game/SideScrollerBP/Maps/Level01.Level01:PersistentLevel' has LevelScriptBlueprint '/Game/SideScrollerBP/Maps/Level01.Level01:PersistentLevel.Level01' with GeneratedClass '/Game/SideScrollerBP/Maps/Level01.Level01_C' with ClassGeneratedBy '/Game/SideScrollerBP/Maps/Level01.Level01:PersistentLevel.Level01'
[2017.05.23-10.10.19:590][952]LogBlueprintUserMessages: Early EndPlayMap Detection: Level '/Game/SideScrollerBP/Maps/Level01.Level01:PersistentLevel' has LevelScriptBlueprint '/Game/SideScrollerBP/Maps/Level01.Level01:PersistentLevel.Level01' with GeneratedClass '/Game/SideScrollerBP/Maps/Level01.Level01_C' with ClassGeneratedBy '/Game/SideScrollerBP/Maps/Level01.Level01:PersistentLevel.Level01'
[2017.05.23-10.10.19:657][952]LogBlueprintUserMessages: Late EndPlayMap Detection: Level '/Game/SideScrollerBP/Maps/Level01.Level01:PersistentLevel' has LevelScriptBlueprint '/Game/SideScrollerBP/Maps/Level01.Level01:PersistentLevel.Level01' with GeneratedClass '/Game/SideScrollerBP/Maps/Level01.Level01_C' with ClassGeneratedBy '/Game/SideScrollerBP/Maps/Level01.Level01:PersistentLevel.Level01'
[2017.05.23-10.10.33:736][207]LogTemp: Repeting last play command: Selected Viewport
[2017.05.23-10.10.33:746][207]LogBlueprintUserMessages: Early PlayInEditor Detection: Level '/Game/SideScrollerBP/Maps/Level01.Level01:PersistentLevel' has LevelScriptBlueprint '/Game/SideScrollerBP/Maps/Level01.Level01:PersistentLevel.Level01' with GeneratedClass '/Game/SideScrollerBP/Maps/Level01.Level01_C' with ClassGeneratedBy '/Game/SideScrollerBP/Maps/Level01.Level01:PersistentLevel.Level01'
[2017.05.23-10.10.33:746][207]LogPlayLevel: PlayLevel: No blueprints needed recompiling
[2017.05.23-10.10.33:746][207]PIE: New page: PIE session: Level01 (May 23, 2017, 2:10:33 PM)
[2017.05.23-10.10.33:746][207]LogPlayLevel: Creating play world package: /Game/SideScrollerBP/Maps/UEDPIE_0_Level01
[2017.05.23-10.10.33:765][207]LogPlayLevel: PIE: StaticDuplicateObject took: (0.018788s)
[2017.05.23-10.10.33:765][207]LogAIModule: Creating AISystem for world Level01
[2017.05.23-10.10.33:765][207]LogPlayLevel: PIE: World Init took: (0.000668s)
[2017.05.23-10.10.33:765][207]LogPlayLevel: PIE: Created PIE world by copying editor world from /Game/SideScrollerBP/Maps/Level01.Level01 to /Game/SideScrollerBP/Maps/UEDPIE_0_Level01.Level01 (0.019706s)
[2017.05.23-10.10.33:790][207]LogInit: XAudio2 using 'EV2416W-8 (2- NVIDIA High Definition Audio)' : 2 channels at 48 kHz using 16 bits per sample (channel mask 0x3)
[2017.05.23-10.10.33:794][207]LogInit: FAudioDevice initialized.
[2017.05.23-10.10.33:821][207]LogLoad: Game class is 'SideScrollerGameMode_C'
[2017.05.23-10.10.33:823][207]LogWorld: Bringing World /Game/SideScrollerBP/Maps/UEDPIE_0_Level01.Level01 up for play (max tick rate 0) at 2017.05.23-12.10.33
[2017.05.23-10.10.33:824][207]LogWorld: Bringing up level for play took: 0.002109
[2017.05.23-10.10.33:825][207]LogScriptCore:Warning: Script Msg: Attempted to access index 3 from array TextureArray of length 3!
[2017.05.23-10.10.33:825][207]PIE: Info Play in editor start time for /Game/SideScrollerBP/Maps/UEDPIE_0_Level01 0.244
[2017.05.23-10.10.33:825][207]LogBlueprintUserMessages: Late PlayInEditor Detection: Level '/Game/SideScrollerBP/Maps/Level01.Level01:PersistentLevel' has LevelScriptBlueprint '/Game/SideScrollerBP/Maps/Level01.Level01:PersistentLevel.Level01' with GeneratedClass '/Game/SideScrollerBP/Maps/Level01.Level01_C' with ClassGeneratedBy '/Game/SideScrollerBP/Maps/Level01.Level01:PersistentLevel.Level01'
[2017.05.23-10.10.44:975][363]LogBlueprintUserMessages: Early EndPlayMap Detection: Level '/Game/SideScrollerBP/Maps/Level01.Level01:PersistentLevel' has LevelScriptBlueprint '/Game/SideScrollerBP/Maps/Level01.Level01:PersistentLevel.Level01' with GeneratedClass '/Game/SideScrollerBP/Maps/Level01.Level01_C' with ClassGeneratedBy '/Game/SideScrollerBP/Maps/Level01.Level01:PersistentLevel.Level01'
[2017.05.23-10.10.45:022][363]LogBlueprintUserMessages: Late EndPlayMap Detection: Level '/Game/SideScrollerBP/Maps/Level01.Level01:PersistentLevel' has LevelScriptBlueprint '/Game/SideScrollerBP/Maps/Level01.Level01:PersistentLevel.Level01' with GeneratedClass '/Game/SideScrollerBP/Maps/Level01.Level01_C' with ClassGeneratedBy '/Game/SideScrollerBP/Maps/Level01.Level01:PersistentLevel.Level01'
[2017.05.23-10.10.46:483][484]LogEditorViewport: Clicking on Actor (LMB): Sky_C (Sky)
[2017.05.23-10.10.47:297][552]LogEditorViewport: Clicking on Actor (LMB): Collectible_C (Collectible)
[2017.05.23-10.11.35:728][ 17]BlueprintLog: New page: Compile PillarControl
[2017.05.23-10.11.36:414][ 41]LogSavePackage: Save=66.67ms
[2017.05.23-10.11.36:414][ 41]LogSavePackage: Moving '../../../../../../LocalWork/UnrealTests/Robotizer808Repo/Robotizer808/Saved/PillarControl7CFDEBC04C12FB2442ABC3BEB396316A.tmp' to '../../../../../../LocalWork/UnrealTests/Robotizer808Repo/Robotizer808/Content/SideScrollerBP/Blueprints/PillarControl.uasset'
[2017.05.23-10.11.36:418][ 41]LogSavePackage:Display: Finished SavePackage ../../../../../../LocalWork/UnrealTests/Robotizer808Repo/Robotizer808/Content/SideScrollerBP/Blueprints/PillarControl.uasset
[2017.05.23-10.11.38:036][159]LogSavePackage: Save=20.01ms
[2017.05.23-10.11.38:036][159]LogSavePackage: Moving '../../../../../../LocalWork/UnrealTests/Robotizer808Repo/Robotizer808/Saved/CollectibleCC7D263D4C60A0F07C1DC49BF2280785.tmp' to '../../../../../../LocalWork/UnrealTests/Robotizer808Repo/Robotizer808/Content/SideScrollerBP/Blueprints/Collectible.uasset'
[2017.05.23-10.11.38:037][159]LogSavePackage:Display: Finished SavePackage ../../../../../../LocalWork/UnrealTests/Robotizer808Repo/Robotizer808/Content/SideScrollerBP/Blueprints/Collectible.uasset
[2017.05.23-10.11.39:209][259]LogTemp: Repeting last play command: Selected Viewport
[2017.05.23-10.11.39:219][259]LogBlueprintUserMessages: Early PlayInEditor Detection: Level '/Game/SideScrollerBP/Maps/Level01.Level01:PersistentLevel' has LevelScriptBlueprint '/Game/SideScrollerBP/Maps/Level01.Level01:PersistentLevel.Level01' with GeneratedClass '/Game/SideScrollerBP/Maps/Level01.Level01_C' with ClassGeneratedBy '/Game/SideScrollerBP/Maps/Level01.Level01:PersistentLevel.Level01'
[2017.05.23-10.11.39:219][259]LogPlayLevel: PlayLevel: No blueprints needed recompiling
[2017.05.23-10.11.39:219][259]PIE: New page: PIE session: Level01 (May 23, 2017, 2:11:39 PM)
[2017.05.23-10.11.39:219][259]LogPlayLevel: Creating play world package: /Game/SideScrollerBP/Maps/UEDPIE_0_Level01
[2017.05.23-10.11.39:238][259]LogPlayLevel: PIE: StaticDuplicateObject took: (0.019552s)
[2017.05.23-10.11.39:239][259]LogAIModule: Creating AISystem for world Level01
[2017.05.23-10.11.39:239][259]LogPlayLevel: PIE: World Init took: (0.000645s)
[2017.05.23-10.11.39:239][259]LogPlayLevel: PIE: Created PIE world by copying editor world from /Game/SideScrollerBP/Maps/Level01.Level01 to /Game/SideScrollerBP/Maps/UEDPIE_0_Level01.Level01 (0.020433s)
[2017.05.23-10.11.39:264][259]LogInit: XAudio2 using 'EV2416W-8 (2- NVIDIA High Definition Audio)' : 2 channels at 48 kHz using 16 bits per sample (channel mask 0x3)
[2017.05.23-10.11.39:267][259]LogInit: FAudioDevice initialized.
[2017.05.23-10.11.39:297][259]LogLoad: Game class is 'SideScrollerGameMode_C'
[2017.05.23-10.11.39:300][259]LogWorld: Bringing World /Game/SideScrollerBP/Maps/UEDPIE_0_Level01.Level01 up for play (max tick rate 0) at 2017.05.23-12.11.39
[2017.05.23-10.11.39:300][259]LogWorld: Bringing up level for play took: 0.002112
[2017.05.23-10.11.39:301][259]LogScriptCore:Warning: Script Msg: Attempted to access index 3 from array TextureArray of length 3!
[2017.05.23-10.11.39:301][259]PIE: Info Play in editor start time for /Game/SideScrollerBP/Maps/UEDPIE_0_Level01 -0.279
[2017.05.23-10.11.39:301][259]LogBlueprintUserMessages: Late PlayInEditor Detection: Level '/Game/SideScrollerBP/Maps/Level01.Level01:PersistentLevel' has LevelScriptBlueprint '/Game/SideScrollerBP/Maps/Level01.Level01:PersistentLevel.Level01' with GeneratedClass '/Game/SideScrollerBP/Maps/Level01.Level01_C' with ClassGeneratedBy '/Game/SideScrollerBP/Maps/Level01.Level01:PersistentLevel.Level01'
[2017.05.23-10.12.13:649][814]LogBlueprintUserMessages: Early EndPlayMap Detection: Level '/Game/SideScrollerBP/Maps/Level01.Level01:PersistentLevel' has LevelScriptBlueprint '/Game/SideScrollerBP/Maps/Level01.Level01:PersistentLevel.Level01' with GeneratedClass '/Game/SideScrollerBP/Maps/Level01.Level01_C' with ClassGeneratedBy '/Game/SideScrollerBP/Maps/Level01.Level01:PersistentLevel.Level01'
[2017.05.23-10.12.13:712][814]LogBlueprintUserMessages: Late EndPlayMap Detection: Level '/Game/SideScrollerBP/Maps/Level01.Level01:PersistentLevel' has LevelScriptBlueprint '/Game/SideScrollerBP/Maps/Level01.Level01:PersistentLevel.Level01' with GeneratedClass '/Game/SideScrollerBP/Maps/Level01.Level01_C' with ClassGeneratedBy '/Game/SideScrollerBP/Maps/Level01.Level01:PersistentLevel.Level01'
[2017.05.23-10.12.20:482][256]LogSavePackage: Save=232.18ms
[2017.05.23-10.12.20:482][256]LogSavePackage: Moving '../../../../../../LocalWork/UnrealTests/Robotizer808Repo/Robotizer808/Saved/Level01092F09194A069ADD5F010BBA6BD9201D.tmp' to '../../../../../../LocalWork/UnrealTests/Robotizer808Repo/Robotizer808/Content/SideScrollerBP/Maps/Level01.umap'
[2017.05.23-10.12.20:486][256]LogSavePackage:Display: Finished SavePackage ../../../../../../LocalWork/UnrealTests/Robotizer808Repo/Robotizer808/Content/SideScrollerBP/Maps/Level01.umap
[2017.05.23-10.12.20:502][256]LogFileHelpers: Saving map 'Level01' took 0.377
[2017.05.23-10.12.22:172][396]LogActorComponent: UnregisterComponent: (/Engine/Transient.EditorFloorComp) Not registered. Aborting.
[2017.05.23-10.12.22:221][396]LogWindowsTextInputMethodSystem:Display: IME system now deactivated.
[2017.05.23-10.12.22:396][397]Cmd: QUIT_EDITOR
[2017.05.23-10.12.23:331][397]LogExit: Preparing to exit.
[2017.05.23-10.12.23:735][397]LogDirectoryWatcher: A directory notification for 'C:/LocalWork/UnrealTests/Robotizer808Repo/Robotizer808/Content/' was aborted.
[2017.05.23-10.12.23:769][397]LogExit: Editor shut down
[2017.05.23-10.12.23:770][397]LogExit: Transaction tracking system shut down
[2017.05.23-10.12.23:868][397]LogObj: Freed 0b from 0 cluster array pools.
[2017.05.23-10.12.23:868][397]LogExit: Object subsystem successfully closed.
[2017.05.23-10.12.23:888][397]LogD3D11RHI: Shutdown
[2017.05.23-10.12.23:888][397]LogD3D11RHI: CleanupD3DDevice
[2017.05.23-10.12.23:947][397]LogD3D11RHI: ~FD3D11DynamicRHI
[2017.05.23-10.12.23:969][397]LogModuleManager: Shutting down and abandoning module MovieSceneCapture (504)
[2017.05.23-10.12.23:969][397]LogModuleManager: Shutting down and abandoning module BlueprintGraph (502)
[2017.05.23-10.12.23:969][397]LogModuleManager: Shutting down and abandoning module BlueprintProfiler (500)
[2017.05.23-10.12.23:969][397]LogModuleManager: Shutting down and abandoning module StatsViewer (498)
[2017.05.23-10.12.23:969][397]LogModuleManager: Shutting down and abandoning module HierarchicalLODOutliner (496)
[2017.05.23-10.12.23:969][397]LogModuleManager: Shutting down and abandoning module CrashTracker (494)
[2017.05.23-10.12.23:969][397]LogModuleManager: Shutting down and abandoning module SceneOutliner (492)
[2017.05.23-10.12.23:969][397]LogModuleManager: Shutting down and abandoning module AddContentDialog (490)
[2017.05.23-10.12.23:969][397]LogDirectoryWatcher: A directory notification for 'C:/Program Files/Epic Games/UE_4.15/FeaturePacks/' was aborted.
[2017.05.23-10.12.23:972][397]LogModuleManager: Shutting down and abandoning module WidgetCarousel (489)
[2017.05.23-10.12.23:972][397]LogModuleManager: Shutting down and abandoning module EditorWidgets (486)
[2017.05.23-10.12.23:972][397]LogModuleManager: Shutting down and abandoning module CollectionManager (484)
[2017.05.23-10.12.23:972][397]LogDirectoryWatcher: A directory notification for 'C:/LocalWork/UnrealTests/Robotizer808Repo/Robotizer808/Content/Collections/' was aborted.
[2017.05.23-10.12.23:972][397]LogDirectoryWatcher: A directory notification for 'C:/LocalWork/UnrealTests/Robotizer808Repo/Robotizer808/Content/Developers/borisignjatovic/Collections/' was aborted.
[2017.05.23-10.12.23:972][397]LogDirectoryWatcher: A directory notification for 'C:/LocalWork/UnrealTests/Robotizer808Repo/Robotizer808/Saved/Collections/' was aborted.
[2017.05.23-10.12.23:972][397]LogModuleManager: Shutting down and abandoning module FoliageEdit (482)
[2017.05.23-10.12.23:972][397]LogModuleManager: Shutting down and abandoning module LandscapeEditor (480)
[2017.05.23-10.12.23:972][397]LogModuleManager: Shutting down and abandoning module SceneDepthPickerMode (478)
[2017.05.23-10.12.23:972][397]LogModuleManager: Shutting down and abandoning module ActorPickerMode (476)
[2017.05.23-10.12.23:972][397]LogModuleManager: Shutting down and abandoning module GeometryMode (474)
[2017.05.23-10.12.23:972][397]LogModuleManager: Shutting down and abandoning module TextureAlignMode (472)
[2017.05.23-10.12.23:972][397]LogModuleManager: Shutting down and abandoning module BspMode (470)
[2017.05.23-10.12.23:972][397]LogModuleManager: Shutting down and abandoning module HardwareSurvey (468)
[2017.05.23-10.12.23:972][397]LogModuleManager: Shutting down and abandoning module SequenceRecorderSections (466)
[2017.05.23-10.12.23:972][397]LogModuleManager: Shutting down and abandoning module AutomationWorker (464)
[2017.05.23-10.12.23:972][397]LogModuleManager: Shutting down and abandoning module MatineeToLevelSequence (462)
[2017.05.23-10.12.23:972][397]LogModuleManager: Shutting down and abandoning module LevelSequenceEditor (460)
[2017.05.23-10.12.23:972][397]LogModuleManager: Shutting down and abandoning module PlacementMode (459)
[2017.05.23-10.12.23:972][397]LogModuleManager: Shutting down and abandoning module WmfMediaFactory (456)
[2017.05.23-10.12.23:972][397]LogModuleManager: Shutting down and abandoning module WmfMediaEditor (454)
[2017.05.23-10.12.23:972][397]LogModuleManager: Shutting down and abandoning module MfMediaFactory (452)
[2017.05.23-10.12.23:972][397]LogModuleManager: Shutting down and abandoning module MfMediaEditor (450)
[2017.05.23-10.12.23:972][397]LogModuleManager: Shutting down and abandoning module AvfMediaFactory (448)
[2017.05.23-10.12.23:972][397]LogModuleManager: Shutting down and abandoning module AvfMediaEditor (446)
[2017.05.23-10.12.23:972][397]LogModuleManager: Shutting down and abandoning module AndroidMediaFactory (444)
[2017.05.23-10.12.23:972][397]LogModuleManager: Shutting down and abandoning module Media (443)
[2017.05.23-10.12.23:972][397]LogModuleManager: Shutting down and abandoning module AndroidMediaEditor (440)
[2017.05.23-10.12.23:972][397]LogModuleManager: Shutting down and abandoning module CharacterAI (438)
[2017.05.23-10.12.23:972][397]LogModuleManager: Shutting down and abandoning module AudioCapture (436)
[2017.05.23-10.12.23:972][397]LogModuleManager: Shutting down and abandoning module SequenceRecorder (435)
[2017.05.23-10.12.23:972][397]LogModuleManager: Shutting down and abandoning module SmartSnapping (432)
[2017.05.23-10.12.23:972][397]LogModuleManager: Shutting down and abandoning module SessionServices (430)
[2017.05.23-10.12.23:972][397]LogModuleManager: Shutting down and abandoning module ViewportSnapping (428)
[2017.05.23-10.12.23:972][397]LogModuleManager: Shutting down and abandoning module ViewportInteraction (426)
[2017.05.23-10.12.23:972][397]LogModuleManager: Shutting down and abandoning module LogVisualizer (424)
[2017.05.23-10.12.23:973][397]LogModuleManager: Shutting down and abandoning module IntroTutorials (422)
[2017.05.23-10.12.23:973][397]LogModuleManager: Shutting down and abandoning module GameProjectGeneration (421)
[2017.05.23-10.12.23:973][397]LogModuleManager: Shutting down and abandoning module EditorLiveStreaming (418)
[2017.05.23-10.12.23:973][397]LogModuleManager: Shutting down and abandoning module IOSPlatformEditor (416)
[2017.05.23-10.12.23:973][397]LogModuleManager: Shutting down and abandoning module HTML5PlatformEditor (414)
[2017.05.23-10.12.23:973][397]LogModuleManager: Shutting down and abandoning module AndroidPlatformEditor (412)
[2017.05.23-10.12.23:973][397]LogModuleManager: Shutting down and abandoning module AndroidDeviceDetection (411)
[2017.05.23-10.12.24:885][397]LogModuleManager: Shutting down and abandoning module IOSRuntimeSettings (408)
[2017.05.23-10.12.24:885][397]LogModuleManager: Shutting down and abandoning module AndroidRuntimeSettings (406)
[2017.05.23-10.12.24:885][397]LogModuleManager: Shutting down and abandoning module InputBindingEditor (404)
[2017.05.23-10.12.24:885][397]LogModuleManager: Shutting down and abandoning module NiagaraEditor (402)
[2017.05.23-10.12.24:885][397]LogModuleManager: Shutting down and abandoning module MergeActors (400)
[2017.05.23-10.12.24:885][397]LogModuleManager: Shutting down and abandoning module SizeMap (398)
[2017.05.23-10.12.24:885][397]LogModuleManager: Shutting down and abandoning module TreeMap (396)
[2017.05.23-10.12.24:885][397]LogModuleManager: Shutting down and abandoning module ReferenceViewer (394)
[2017.05.23-10.12.24:885][397]LogModuleManager: Shutting down and abandoning module LocalizationDashboard (392)
[2017.05.23-10.12.24:885][397]LogModuleManager: Shutting down and abandoning module LocalizationService (391)
[2017.05.23-10.12.24:885][397]LogModuleManager: Shutting down and abandoning module HardwareTargeting (388)
[2017.05.23-10.12.24:885][397]LogModuleManager: Shutting down and abandoning module DeviceProfileEditor (386)
[2017.05.23-10.12.24:885][397]LogModuleManager: Shutting down and abandoning module UndoHistory (384)
[2017.05.23-10.12.24:886][397]LogModuleManager: Shutting down and abandoning module UserFeedback (382)
[2017.05.23-10.12.24:886][397]LogModuleManager: Shutting down and abandoning module XmlParser (380)
[2017.05.23-10.12.24:886][397]LogModuleManager: Shutting down and abandoning module Blutility (378)
[2017.05.23-10.12.24:886][397]LogModuleManager: Shutting down and abandoning module ProjectSettingsViewer (376)
[2017.05.23-10.12.24:886][397]LogModuleManager: Shutting down and abandoning module ProjectTargetPlatformEditor (375)
[2017.05.23-10.12.24:886][397]LogModuleManager: Shutting down and abandoning module EditorSettingsViewer (372)
[2017.05.23-10.12.24:886][397]LogModuleManager: Shutting down and abandoning module SettingsEditor (370)
[2017.05.23-10.12.24:886][397]LogModuleManager: Shutting down and abandoning module ProjectLauncher (368)
[2017.05.23-10.12.24:886][397]LogModuleManager: Shutting down and abandoning module SessionFrontend (366)
[2017.05.23-10.12.24:886][397]LogModuleManager: Shutting down and abandoning module ProfilerClient (364)
[2017.05.23-10.12.24:886][397]LogModuleManager: Shutting down and abandoning module DeviceManager (362)
[2017.05.23-10.12.24:886][397]LogModuleManager: Shutting down and abandoning module TargetDeviceServices (361)
[2017.05.23-10.12.24:917][397]LogModuleManager: Shutting down and abandoning module AutomationController (358)
[2017.05.23-10.12.24:917][397]LogModuleManager: Shutting down and abandoning module AutomationWindow (356)
[2017.05.23-10.12.24:917][397]LogModuleManager: Shutting down and abandoning module Layers (354)
[2017.05.23-10.12.24:917][397]LogModuleManager: Shutting down and abandoning module ComponentVisualizers (352)
[2017.05.23-10.12.24:917][397]LogModuleManager: Shutting down and abandoning module DetailCustomizations (350)
[2017.05.23-10.12.24:917][397]LogModuleManager: Shutting down and abandoning module PackagesDialog (348)
[2017.05.23-10.12.24:917][397]LogModuleManager: Shutting down and abandoning module Persona (346)
[2017.05.23-10.12.24:917][397]LogModuleManager: Shutting down and abandoning module AnimGraph (345)
[2017.05.23-10.12.24:917][397]LogModuleManager: Shutting down and abandoning module Kismet (342)
[2017.05.23-10.12.24:923][397]LogModuleManager: Shutting down and abandoning module GraphEditor (340)
[2017.05.23-10.12.24:923][397]LogModuleManager: Shutting down and abandoning module ClassViewer (338)
[2017.05.23-10.12.24:924][397]LogModuleManager: Shutting down and abandoning module Toolbox (336)
[2017.05.23-10.12.24:924][397]LogModuleManager: Shutting down and abandoning module ModuleUI (334)
[2017.05.23-10.12.24:924][397]LogModuleManager: Shutting down and abandoning module MovieSceneTools (332)
[2017.05.23-10.12.24:924][397]LogModuleManager: Shutting down and abandoning module OutputLog (330)
[2017.05.23-10.12.24:924][397]LogModuleManager: Shutting down and abandoning module GammaUI (328)
[2017.05.23-10.12.24:924][397]LogModuleManager: Shutting down and abandoning module Documentation (326)
[2017.05.23-10.12.24:924][397]LogModuleManager: Shutting down and abandoning module Niagara (324)
[2017.05.23-10.12.24:924][397]LogModuleManager: Shutting down and abandoning module StreamingPauseRendering (322)
[2017.05.23-10.12.24:924][397]LogModuleManager: Shutting down and abandoning module AnalyticsET (320)
[2017.05.23-10.12.24:924][397]LogModuleManager: Shutting down and abandoning module PortalServices (318)
[2017.05.23-10.12.24:924][397]LogModuleManager: Shutting down and abandoning module PortalRpc (316)
[2017.05.23-10.12.24:924][397]LogModuleManager: Shutting down and abandoning module MessagingRpc (314)
[2017.05.23-10.12.24:924][397]LogModuleManager: Shutting down and abandoning module AIModule (312)
[2017.05.23-10.12.24:924][397]LogModuleManager: Shutting down and abandoning module GameplayDebugger (311)
[2017.05.23-10.12.24:924][397]LogModuleManager: Shutting down and abandoning module AITestSuite (309)
[2017.05.23-10.12.24:924][397]LogModuleManager: Shutting down and abandoning module ProfilerService (306)
[2017.05.23-10.12.25:160][397]LogModuleManager: Shutting down and abandoning module TaskGraph (304)
[2017.05.23-10.12.25:160][397]LogModuleManager: Shutting down and abandoning module SteamVRController (302)
[2017.05.23-10.12.25:160][397]LogModuleManager: Shutting down and abandoning module SteamVR (300)
[2017.05.23-10.12.25:160][397]LogModuleManager: Shutting down and abandoning module ProceduralMeshComponentEditor (298)
[2017.05.23-10.12.25:160][397]LogModuleManager: Shutting down and abandoning module ProceduralMeshComponent (296)
[2017.05.23-10.12.25:160][397]LogModuleManager: Shutting down and abandoning module OculusLibrary (294)
[2017.05.23-10.12.25:160][397]LogModuleManager: Shutting down and abandoning module OculusInput (292)
[2017.05.23-10.12.25:160][397]LogModuleManager: Shutting down and abandoning module MobilePatchingUtils (290)
[2017.05.23-10.12.25:160][397]LogModuleManager: Shutting down and abandoning module CustomMeshComponent (288)
[2017.05.23-10.12.25:160][397]LogModuleManager: Shutting down and abandoning module CableComponent (286)
[2017.05.23-10.12.25:160][397]LogModuleManager: Shutting down and abandoning module ArchVisCharacter (284)
[2017.05.23-10.12.25:160][397]LogModuleManager: Shutting down and abandoning module MediaPlayerEditor (280)
[2017.05.23-10.12.25:161][397]LogModuleManager: Shutting down and abandoning module HTML5Networking (278)
[2017.05.23-10.12.25:161][397]LogModuleManager: Shutting down and abandoning module AlembicImporter (276)
[2017.05.23-10.12.25:161][397]LogModuleManager: Shutting down and abandoning module AlembicLibrary (275)
[2017.05.23-10.12.25:161][397]LogModuleManager: Shutting down and abandoning module GeometryCache (274)
[2017.05.23-10.12.25:161][397]LogModuleManager: Shutting down and abandoning module GeometryCacheEd (273)
[2017.05.23-10.12.25:161][397]LogModuleManager: Shutting down and abandoning module SuperSearchEditor (268)
[2017.05.23-10.12.25:161][397]LogModuleManager: Shutting down and abandoning module SuperSearch (267)
[2017.05.23-10.12.25:161][397]LogModuleManager: Shutting down and abandoning module SpeedTreeImporter (264)
[2017.05.23-10.12.25:161][397]LogModuleManager: Shutting down and abandoning module PluginBrowser (262)
[2017.05.23-10.12.25:161][397]LogModuleManager: Shutting down and abandoning module MobileLauncherProfileWizard (260)
[2017.05.23-10.12.25:161][397]LogModuleManager: Shutting down and abandoning module EpicSurvey (258)
[2017.05.23-10.12.25:161][397]LogModuleManager: Shutting down and abandoning module VisualStudioSourceCodeAccess (256)
[2017.05.23-10.12.25:161][397]LogModuleManager: Shutting down and abandoning module DesktopPlatform (255)
[2017.05.23-10.12.25:161][397]LogModuleManager: Shutting down and abandoning module UObjectPlugin (252)
[2017.05.23-10.12.25:161][397]LogModuleManager: Shutting down and abandoning module SubversionSourceControl (250)
[2017.05.23-10.12.25:161][397]LogModuleManager: Shutting down and abandoning module PerforceSourceControl (248)
[2017.05.23-10.12.25:161][397]LogModuleManager: Shutting down and abandoning module GitSourceControl (246)
[2017.05.23-10.12.25:161][397]LogModuleManager: Shutting down and abandoning module SourceControl (245)
[2017.05.23-10.12.25:161][397]LogModuleManager: Shutting down and abandoning module LightPropagationVolumeEditor (242)
[2017.05.23-10.12.25:161][397]LogModuleManager: Shutting down and abandoning module PaperTiledImporter (240)
[2017.05.23-10.12.25:161][397]LogModuleManager: Shutting down and abandoning module PaperSpriteSheetImporter (238)
[2017.05.23-10.12.25:161][397]LogModuleManager: Shutting down and abandoning module Paper2DEditor (236)
[2017.05.23-10.12.25:161][397]LogModuleManager: Shutting down and abandoning module MeshPaint (235)
[2017.05.23-10.12.25:161][397]LogModuleManager: Shutting down and abandoning module LevelEditor (233)
[2017.05.23-10.12.25:162][397]LogModuleManager: Shutting down and abandoning module PixelInspectorModule (232)
[2017.05.23-10.12.25:162][397]LogModuleManager: Shutting down and abandoning module MainFrame (230)
[2017.05.23-10.12.25:162][397]LogModuleManager: Shutting down and abandoning module HotReload (229)
[2017.05.23-10.12.25:162][397]LogModuleManager: Shutting down and abandoning module ContentBrowser (225)
[2017.05.23-10.12.25:163][397]LogModuleManager: Shutting down and abandoning module PhysXVehiclesEditor (222)
[2017.05.23-10.12.25:163][397]LogModuleManager: Shutting down and abandoning module PhysXVehicles (220)
[2017.05.23-10.12.25:163][397]LogModuleManager: Shutting down and abandoning module LocationServicesBPLibrary (218)
[2017.05.23-10.12.25:163][397]LogModuleManager: Shutting down and abandoning module UdpMessaging (216)
[2017.05.23-10.12.25:264][397]LogModuleManager: Shutting down and abandoning module TcpMessaging (214)
[2017.05.23-10.12.25:365][397]LogModuleManager: Shutting down and abandoning module GameplayTagsEditor (212)
[2017.05.23-10.12.25:365][397]LogModuleManager: Shutting down and abandoning module FacialAnimationEditor (210)
[2017.05.23-10.12.25:365][397]LogModuleManager: Shutting down and abandoning module FacialAnimation (208)
[2017.05.23-10.12.25:365][397]LogModuleManager: Shutting down and abandoning module LightPropagationVolumeRuntime (206)
[2017.05.23-10.12.25:365][397]LogModuleManager: Shutting down and abandoning module Paper2D (204)
[2017.05.23-10.12.25:365][397]LogModuleManager: Shutting down and abandoning module WindowsMoviePlayer (202)
[2017.05.23-10.12.25:365][397]LogModuleManager: Shutting down and abandoning module WmfMedia (200)
[2017.05.23-10.12.25:365][397]LogModuleManager: Shutting down and abandoning module MfMedia (198)
[2017.05.23-10.12.25:365][397]LogModuleManager: Shutting down and abandoning module MediaAssets (196)
[2017.05.23-10.12.25:365][397]LogModuleManager: Shutting down and abandoning module GameLiveStreaming (194)
[2017.05.23-10.12.25:365][397]LogModuleManager: Shutting down and abandoning module VREditor (192)
[2017.05.23-10.12.25:365][397]LogModuleManager: Shutting down and abandoning module GameplayTasksEditor (190)
[2017.05.23-10.12.25:365][397]LogModuleManager: Shutting down and abandoning module BehaviorTreeEditor (188)
[2017.05.23-10.12.25:365][397]LogModuleManager: Shutting down and abandoning module FunctionalTesting (186)
[2017.05.23-10.12.25:365][397]LogModuleManager: Shutting down and abandoning module CollisionAnalyzer (184)
[2017.05.23-10.12.25:365][397]LogModuleManager: Shutting down and abandoning module UMG (182)
[2017.05.23-10.12.25:365][397]LogModuleManager: Shutting down and abandoning module UMGEditor (181)
[2017.05.23-10.12.25:365][397]LogModuleManager: Shutting down and abandoning module Sequencer (180)
[2017.05.23-10.12.25:365][397]LogModuleManager: Shutting down and abandoning module AssetTools (178)
[2017.05.23-10.12.25:365][397]LogModuleManager: Shutting down and abandoning module MessageLog (177)
[2017.05.23-10.12.25:365][397]LogModuleManager: Shutting down and abandoning module WorkspaceMenuStructure (176)
[2017.05.23-10.12.25:365][397]LogModuleManager: Shutting down and abandoning module SlateReflector (170)
[2017.05.23-10.12.25:365][397]LogModuleManager: Shutting down and abandoning module Slate (168)
[2017.05.23-10.12.25:365][397]LogModuleManager: Shutting down and abandoning module EditorStyle (166)
[2017.05.23-10.12.25:368][397]LogModuleManager: Shutting down and abandoning module SourceCodeAccess (164)
[2017.05.23-10.12.25:368][397]LogModuleManager: Shutting down and abandoning module HeadMountedDisplay (162)
[2017.05.23-10.12.25:368][397]LogModuleManager: Shutting down and abandoning module XAudio2 (160)
[2017.05.23-10.12.25:368][397]LogModuleManager: Shutting down and abandoning module Networking (158)
[2017.05.23-10.12.25:368][397]LogModuleManager: Shutting down and abandoning module Core (154)
[2017.05.23-10.12.25:368][397]LogModuleManager: Shutting down and abandoning module AssetRegistry (152)
[2017.05.23-10.12.25:464][397]LogDirectoryWatcher: A directory notification for '../../../Engine/Content/' was aborted.
[2017.05.23-10.12.25:464][397]LogDirectoryWatcher: A directory notification for '../../../../../../LocalWork/UnrealTests/Robotizer808Repo/Robotizer808/Content/' was aborted.
[2017.05.23-10.12.25:464][397]LogDirectoryWatcher: A directory notification for '../../../Engine/Plugins/2D/Paper2D/Content/' was aborted.
[2017.05.23-10.12.25:464][397]LogModuleManager: Shutting down and abandoning module DirectoryWatcher (151)
[2017.05.23-10.12.25:465][397]LogModuleManager: Shutting down and abandoning module KismetCompiler (148)
[2017.05.23-10.12.25:465][397]LogModuleManager: Shutting down and abandoning module PhysXFormats (146)
[2017.05.23-10.12.25:465][397]LogModuleManager: Shutting down and abandoning module MeshUtilities (144)
[2017.05.23-10.12.25:465][397]LogModuleManager: Shutting down and abandoning module SimplygonSwarm (143)
[2017.05.23-10.12.25:465][397]LogModuleManager: Shutting down and abandoning module SimplygonMeshReduction (141)
[2017.05.23-10.12.25:465][397]LogModuleManager: Shutting down and abandoning module QuadricMeshReduction (139)
[2017.05.23-10.12.25:465][397]LogModuleManager: Shutting down and abandoning module PropertyEditor (137)
[2017.05.23-10.12.25:465][397]LogModuleManager: Shutting down and abandoning module DerivedDataCache (134)
[2017.05.23-10.12.25:483][397]LogDerivedDataCache: Shutdown
[2017.05.23-10.12.25:483][397]LogModuleManager: Shutting down and abandoning module TargetPlatform (132)
[2017.05.23-10.12.25:483][397]LogModuleManager: Shutting down and abandoning module VulkanShaderFormat (131)
[2017.05.23-10.12.25:483][397]LogModuleManager: Shutting down and abandoning module ShaderFormatOpenGL (129)
[2017.05.23-10.12.25:483][397]LogModuleManager: Shutting down and abandoning module ShaderFormatD3D (127)
[2017.05.23-10.12.25:483][397]LogModuleManager: Shutting down and abandoning module MetalShaderFormat (125)
[2017.05.23-10.12.25:483][397]LogModuleManager: Shutting down and abandoning module TextureFormatUncompressed (123)
[2017.05.23-10.12.25:483][397]LogModuleManager: Shutting down and abandoning module TextureFormatPVR (121)
[2017.05.23-10.12.25:483][397]LogModuleManager: Shutting down and abandoning module TextureFormatDXT (119)
[2017.05.23-10.12.25:483][397]LogModuleManager: Shutting down and abandoning module TextureFormatIntelISPCTexComp (117)
[2017.05.23-10.12.25:483][397]LogModuleManager: Shutting down and abandoning module TextureFormatASTC (115)
[2017.05.23-10.12.25:483][397]LogModuleManager: Shutting down and abandoning module ImageWrapper (114)
[2017.05.23-10.12.25:483][397]LogModuleManager: Shutting down and abandoning module TextureFormatAndroid (111)
[2017.05.23-10.12.25:483][397]LogModuleManager: Shutting down and abandoning module AudioFormatOpus (109)
[2017.05.23-10.12.25:483][397]LogModuleManager: Shutting down and abandoning module AudioFormatOgg (107)
[2017.05.23-10.12.25:483][397]LogModuleManager: Shutting down and abandoning module AudioFormatADPCM (105)
[2017.05.23-10.12.25:483][397]LogModuleManager: Shutting down and abandoning module LinuxTargetPlatform (103)
[2017.05.23-10.12.25:483][397]LogModuleManager: Shutting down and abandoning module LinuxServerTargetPlatform (101)
[2017.05.23-10.12.25:483][397]LogModuleManager: Shutting down and abandoning module LinuxNoEditorTargetPlatform (99)
[2017.05.23-10.12.25:483][397]LogModuleManager: Shutting down and abandoning module LinuxClientTargetPlatform (97)
[2017.05.23-10.12.25:483][397]LogModuleManager: Shutting down and abandoning module TVOSTargetPlatform (95)
[2017.05.23-10.12.25:483][397]LogModuleManager: Shutting down and abandoning module Messaging (93)
[2017.05.23-10.12.25:483][397]LogModuleManager: Shutting down and abandoning module IOSTargetPlatform (91)
[2017.05.23-10.12.25:483][397]LogModuleManager: Shutting down and abandoning module HTML5TargetPlatform (89)
[2017.05.23-10.12.25:483][397]LogModuleManager: Shutting down and abandoning module Android_PVRTCTargetPlatform (87)
[2017.05.23-10.12.25:483][397]LogModuleManager: Shutting down and abandoning module Android_MultiTargetPlatform (85)
[2017.05.23-10.12.25:483][397]LogModuleManager: Shutting down and abandoning module Android_ETC2TargetPlatform (83)
[2017.05.23-10.12.25:483][397]LogModuleManager: Shutting down and abandoning module Android_ETC1TargetPlatform (81)
[2017.05.23-10.12.25:483][397]LogModuleManager: Shutting down and abandoning module Android_DXTTargetPlatform (79)
[2017.05.23-10.12.25:483][397]LogModuleManager: Shutting down and abandoning module Android_ATCTargetPlatform (77)
[2017.05.23-10.12.25:483][397]LogModuleManager: Shutting down and abandoning module Android_ASTCTargetPlatform (75)
[2017.05.23-10.12.25:483][397]LogModuleManager: Shutting down and abandoning module AndroidTargetPlatform (73)
[2017.05.23-10.12.25:483][397]LogModuleManager: Shutting down and abandoning module WindowsTargetPlatform (71)
[2017.05.23-10.12.25:484][397]LogModuleManager: Shutting down and abandoning module WindowsServerTargetPlatform (69)
[2017.05.23-10.12.25:484][397]LogModuleManager: Shutting down and abandoning module WindowsNoEditorTargetPlatform (67)
[2017.05.23-10.12.25:484][397]LogModuleManager: Shutting down and abandoning module WindowsClientTargetPlatform (65)
[2017.05.23-10.12.25:484][397]LogModuleManager: Shutting down and abandoning module MacTargetPlatform (63)
[2017.05.23-10.12.25:484][397]LogModuleManager: Shutting down and abandoning module MacServerTargetPlatform (61)
[2017.05.23-10.12.25:484][397]LogModuleManager: Shutting down and abandoning module MacNoEditorTargetPlatform (59)
[2017.05.23-10.12.25:484][397]LogModuleManager: Shutting down and abandoning module MacClientTargetPlatform (57)
[2017.05.23-10.12.25:484][397]LogModuleManager: Shutting down and abandoning module AllDesktopTargetPlatform (55)
[2017.05.23-10.12.25:484][397]LogModuleManager: Shutting down and abandoning module InputCore (52)
[2017.05.23-10.12.25:484][397]LogModuleManager: Shutting down and abandoning module Settings (50)
[2017.05.23-10.12.25:484][397]LogModuleManager: Shutting down and abandoning module OculusRift (48)
[2017.05.23-10.12.25:484][397]LogModuleManager: Shutting down and abandoning module GearVR (46)
[2017.05.23-10.12.25:484][397]LogModuleManager: Shutting down and abandoning module ExampleDeviceProfileSelector (44)
[2017.05.23-10.12.25:484][397]LogModuleManager: Shutting down and abandoning module OnlineBlueprintSupport (42)
[2017.05.23-10.12.25:484][397]LogModuleManager: Shutting down and abandoning module OnlineSubsystem (38)
[2017.05.23-10.12.25:484][397]LogOnline:Display: Unloading online subsystem: NULL
[2017.05.23-10.12.25:484][397]LogModuleManager: Shutting down and abandoning module XMPP (37)
[2017.05.23-10.12.25:484][397]LogModuleManager: Shutting down and abandoning module HTTP (35)
[2017.05.23-10.12.25:484][397]LogHttp:Display: Http module shutting down, but needs to wait on 1 outstanding Http requests:
[2017.05.23-10.12.25:484][397]LogHttp:Display: 	verb=[POST] url=[https://datarouter.ol.epicgames.com/datarouter/api/v1/public/data?SessionID=%7BAF11AE1B-4B2F-E86D-567B-BAB8D15FC255%7D&AppID=UEEditor.Rocket.Release&AppVersion=4.15.2-3416026%2B%2B%2BUE4%2BRelease-4.15&UserID=d0f72eec4cbe3402dde69c9f4c378211%7Cd8c01e605c644d598bce0b1bf4d706be%7Cce62e621-3e28-4fc5-b34c-513586aff0e1&AppEnvironment=datacollector-binary&UploadType=eteventstream] status=Processing
[2017.05.23-10.12.25:512][397]LogModuleManager: Shutting down and abandoning module SSL (34)
[2017.05.23-10.12.25:513][397]LogModuleManager: Shutting down and abandoning module AudioEditor (30)
[2017.05.23-10.12.25:513][397]LogModuleManager: Shutting down and abandoning module TextureCompressor (28)
[2017.05.23-10.12.25:513][397]LogModuleManager: Shutting down and abandoning module ShaderCore (26)
[2017.05.23-10.12.25:513][397]LogModuleManager: Shutting down and abandoning module Landscape (24)
[2017.05.23-10.12.25:513][397]LogModuleManager: Shutting down and abandoning module SlateRHIRenderer (22)
[2017.05.23-10.12.25:515][397]LogModuleManager: Shutting down and abandoning module OpenGLDrv (20)
[2017.05.23-10.12.25:515][397]LogModuleManager: Shutting down and abandoning module D3D11RHI (18)
[2017.05.23-10.12.25:515][397]LogModuleManager: Shutting down and abandoning module AnimGraphRuntime (16)
[2017.05.23-10.12.25:515][397]LogModuleManager: Shutting down and abandoning module Renderer (14)
[2017.05.23-10.12.25:515][397]LogModuleManager: Shutting down and abandoning module Engine (12)
[2017.05.23-10.12.25:515][397]LogModuleManager: Shutting down and abandoning module CoreUObject (10)
[2017.05.23-10.12.25:515][397]LogModuleManager: Shutting down and abandoning module NetworkFile (8)
[2017.05.23-10.12.25:515][397]LogModuleManager: Shutting down and abandoning module StreamingFile (6)
[2017.05.23-10.12.25:515][397]LogModuleManager: Shutting down and abandoning module SandboxFile (4)
[2017.05.23-10.12.25:515][397]LogModuleManager: Shutting down and abandoning module PakFile (2)
[2017.05.23-10.12.25:517][397]LogExit: Exiting.
[2017.05.23-10.12.25:518][397]Log file closed, 05/23/17 12:12:25
