Log file open, 05/23/17 11:39:09
LogInit:Display: Running engine for game: Robotizer808
LogPlatformFile: Not using cached read wrapper
LogInit:Display: RandInit(-1910552574) SRandInit(-1910552574).
LogTaskGraph: Started task graph with 5 named threads and 10 total threads with 1 sets of task threads.
LogStats: Stats thread started at 0.112003
LogInit: Using libcurl 7.47.1
LogInit:  - built for x86_64-pc-win32
LogInit:  - supports SSL with OpenSSL/1.0.2g
LogInit:  - supports HTTP deflate (compression) using libz 1.2.8
LogInit:  - other features:
LogInit:      CURL_VERSION_SSL
LogInit:      CURL_VERSION_LIBZ
LogInit:      CURL_VERSION_IPV6
LogInit:      CURL_VERSION_ASYNCHDNS
LogInit:      CURL_VERSION_LARGEFILE
LogInit:      CURL_VERSION_IDN
LogInit:  CurlRequestOptions (configurable via config and command line):
LogInit:  - bVerifyPeer = false  - Libcurl will NOT verify peer certificate
LogInit:  - bUseHttpProxy = false  - Libcurl will NOT use HTTP proxy
LogInit:  - bDontReuseConnections = false  - Libcurl will reuse connections
LogInit:  - CertBundlePath = nullptr  - Libcurl will use whatever was configured at build time.
LogInit: Build: ++UE4+Release-4.15-CL-3416026
LogInit: Engine Version: 4.15.2-3416026+++UE4+Release-4.15
LogInit: Compatible Engine Version: 4.15.0-3299760+++UE4+Release-4.15
LogInit: Net CL: 3299760
LogDevObjectVersion: Number of dev versions registered: 14
LogDevObjectVersion:   Dev-Blueprints (B0D832E4-1F89-4F0D-ACCF-7EB736FD4AA2): 8
LogDevObjectVersion:   Dev-Build (E1C64328-A22C-4D53-A36C-8E866417BD8C): 0
LogDevObjectVersion:   Dev-Core (375EC13C-06E4-48FB-B500-84F0262A717E): 2
LogDevObjectVersion:   Dev-Editor (E4B068ED-F494-42E9-A231-DA0B2E46BB41): 14
LogDevObjectVersion:   Dev-Framework (CFFC743F-43B0-4480-9391-14DF171D2073): 22
LogDevObjectVersion:   Dev-Mobile (B02B49B5-BB20-44E9-A304-32B752E40360): 0
LogDevObjectVersion:   Dev-Networking (A4E4105C-59A1-49B5-A7C5-40C4547EDFEE): 0
LogDevObjectVersion:   Dev-Online (39C831C9-5AE6-47DC-9A44-9C173E1C8E7C): 0
LogDevObjectVersion:   Dev-Physics (78F01B33-EBEA-4F98-B9B4-84EACCB95AA2): 0
LogDevObjectVersion:   Dev-Platform (6631380F-2D4D-43E0-8009-CF276956A95A): 0
LogDevObjectVersion:   Dev-Rendering (12F88B9F-8875-4AFC-A67C-D90C383ABD29): 12
LogDevObjectVersion:   Dev-Sequencer (7B5AE74C-D270-4C10-A958-57980B212A5A): 3
LogDevObjectVersion:   Dev-VR (D7296918-1DD6-4BDD-9DE2-64A83CC13884): 0
LogDevObjectVersion:   Dev-LoadTimes (C2A15278-BFE7-4AFE-6C17-90FF531DF755): 1
LogInit: Compiled (64-bit): May  1 2017 13:11:28
LogInit: Compiled with Visual C++: 19.00.23026.00
LogInit: Build Configuration: Development
LogInit: Branch Name: ++UE4+Release-4.15
LogInit: Command line:  
LogInit: Base directory: C:/Program Files/Epic Games/UE_4.15/Engine/Binaries/Win64/
LogInit: Installed Engine Build: 1
LogInit: Presizing for max 8388607 objects, including 0 objects not considered by GC, pre-allocating 0 bytes for permanent pool.
LogInit: Object subsystem initialized
[2017.05.23-09.39.10:708][  0]LogInit: Selected Device Profile: [Windows]
[2017.05.23-09.39.10:708][  0]LogInit: Applying CVar settings loaded from the selected device profile: [Windows]
[2017.05.23-09.39.10:716][  0]LogInit: Computer: RONSWANSON
[2017.05.23-09.39.10:716][  0]LogInit: User: borisignjatovic
[2017.05.23-09.39.10:716][  0]LogInit: CPU Page size=65536, Cores=6
[2017.05.23-09.39.10:716][  0]LogInit: High frequency timer resolution =3.415995 MHz
[2017.05.23-09.39.10:717][  0]LogMemory: Memory total: Physical=63.9GB (64GB approx)
[2017.05.23-09.39.10:717][  0]LogMemory: Platform Memory Stats for Windows
[2017.05.23-09.39.10:717][  0]LogMemory: Process Physical Memory: 264.85 MB used, 264.85 MB peak
[2017.05.23-09.39.10:717][  0]LogMemory: Process Virtual Memory: 259.82 MB used, 259.82 MB peak
[2017.05.23-09.39.10:717][  0]LogMemory: Physical Memory: 8145.09 MB used,  57292.74 MB free, 65437.84 MB total
[2017.05.23-09.39.10:717][  0]LogMemory: Virtual Memory: 644.54 MB used,  57292.74 MB free, 134217728.00 MB total
[2017.05.23-09.39.11:828][  0]LogTextLocalizationManager: No specific translations for ('en-US') exist, so ('en') translations will be used.
[2017.05.23-09.39.12:597][  0]LogD3D11RHI: D3D11 adapters:
[2017.05.23-09.39.12:630][  0]LogD3D11RHI:    0. 'NVIDIA GeForce GTX 1080' (Feature Level 11_0)
[2017.05.23-09.39.12:630][  0]LogD3D11RHI:       8144/0/32718 MB DedicatedVideo/DedicatedSystem/SharedSystem, Outputs:2, VendorId:0x10de
[2017.05.23-09.39.12:660][  0]LogD3D11RHI:    1. 'NVIDIA GeForce GTX 1080' (Feature Level 11_0)
[2017.05.23-09.39.12:660][  0]LogD3D11RHI:       8144/0/32718 MB DedicatedVideo/DedicatedSystem/SharedSystem, Outputs:0, VendorId:0x10de
[2017.05.23-09.39.12:666][  0]LogD3D11RHI:    2. 'Microsoft Basic Render Driver' (Feature Level 11_0)
[2017.05.23-09.39.12:666][  0]LogD3D11RHI:       0/0/32718 MB DedicatedVideo/DedicatedSystem/SharedSystem, Outputs:0, VendorId:0x1414
[2017.05.23-09.39.12:666][  0]LogD3D11RHI: Chosen D3D11 Adapter: 0
[2017.05.23-09.39.12:672][  0]LogD3D11RHI: Creating new Direct3DDevice
[2017.05.23-09.39.12:672][  0]LogD3D11RHI:     GPU DeviceId: 0x1b80 (for the marketing name, search the web for "GPU Device Id")
[2017.05.23-09.39.12:672][  0]LogWindows: EnumDisplayDevices:
[2017.05.23-09.39.12:673][  0]LogWindows:    0. 'NVIDIA GeForce GTX 1080' (P:1 D:1)
[2017.05.23-09.39.12:673][  0]LogWindows:    1. 'NVIDIA GeForce GTX 1080' (P:0 D:1)
[2017.05.23-09.39.12:673][  0]LogWindows:    2. 'NVIDIA GeForce GTX 1080' (P:0 D:0)
[2017.05.23-09.39.12:673][  0]LogWindows:    3. 'NVIDIA GeForce GTX 1080' (P:0 D:0)
[2017.05.23-09.39.12:673][  0]LogWindows:    4. 'NVIDIA GeForce GTX 1080' (P:0 D:0)
[2017.05.23-09.39.12:673][  0]LogWindows:    5. 'NVIDIA GeForce GTX 1080' (P:0 D:0)
[2017.05.23-09.39.12:673][  0]LogWindows:    6. 'NVIDIA GeForce GTX 1080' (P:0 D:0)
[2017.05.23-09.39.12:674][  0]LogWindows:    7. 'NVIDIA GeForce GTX 1080' (P:0 D:0)
[2017.05.23-09.39.12:674][  0]LogWindows: DebugString: FoundDriverCount:8 
[2017.05.23-09.39.12:674][  0]LogD3D11RHI:     Adapter Name: NVIDIA GeForce GTX 1080
[2017.05.23-09.39.12:674][  0]LogD3D11RHI:   Driver Version: 376.53 (internal:21.21.13.7653, unified:376.53)
[2017.05.23-09.39.12:674][  0]LogD3D11RHI:      Driver Date: 12-29-2016
[2017.05.23-09.39.12:674][  0]LogRHI: Texture pool is 1361 MB (70% of 1945 MB)
[2017.05.23-09.39.12:688][  0]LogD3D11RHI: [Aftermath] Aftermath enabled but failed to initialize due to reason: DriverVersionNotSupported
[2017.05.23-09.39.12:688][  0]LogD3D11RHI: Async texture creation enabled
[2017.05.23-09.39.12:698][  0]LogD3D11RHI: GPU Timing Frequency: 1000.000000 (Debug: 2 1)
[2017.05.23-09.39.12:782][  0]LogShaderCompilers: Guid format shader working directory is -12 characters bigger than the processId version (../../../../../../LocalWork/UnrealTests/Robotizer808Repo/Robotizer808/Intermediate/Shaders/WorkingDirectory/7052/).
[2017.05.23-09.39.12:782][  0]LogShaderCompilers: Cleaned the shader compiler working directory 'C:/Users/boris.ignjatovic/AppData/Local/Temp/UnrealShaderWorkingDir/295138F34B4F11CC429242AFBD2D7E71/'.
[2017.05.23-09.39.12:782][  0]LogShaderCompilers:Display: Using Local Shader Compiler.
[2017.05.23-09.39.14:372][  0]LogTemp:Display: Loaded TP AllDesktopTargetPlatform
[2017.05.23-09.39.14:473][  0]LogTemp:Display: Loaded TP MacClientTargetPlatform
[2017.05.23-09.39.14:573][  0]LogTemp:Display: Loaded TP MacNoEditorTargetPlatform
[2017.05.23-09.39.14:668][  0]LogTemp:Display: Loaded TP MacServerTargetPlatform
[2017.05.23-09.39.14:775][  0]LogTemp:Display: Loaded TP MacTargetPlatform
[2017.05.23-09.39.14:868][  0]LogTemp:Display: Loaded TP WindowsClientTargetPlatform
[2017.05.23-09.39.14:961][  0]LogTemp:Display: Loaded TP WindowsNoEditorTargetPlatform
[2017.05.23-09.39.15:066][  0]LogTemp:Display: Loaded TP WindowsServerTargetPlatform
[2017.05.23-09.39.15:155][  0]LogTemp:Display: Loaded TP WindowsTargetPlatform
[2017.05.23-09.39.15:250][  0]LogTemp:Display: Loaded TP AndroidTargetPlatform
[2017.05.23-09.39.15:346][  0]LogTemp:Display: Loaded TP Android_ASTCTargetPlatform
[2017.05.23-09.39.15:448][  0]LogTemp:Display: Loaded TP Android_ATCTargetPlatform
[2017.05.23-09.39.15:550][  0]LogTemp:Display: Loaded TP Android_DXTTargetPlatform
[2017.05.23-09.39.15:659][  0]LogTemp:Display: Loaded TP Android_ETC1TargetPlatform
[2017.05.23-09.39.15:770][  0]LogTemp:Display: Loaded TP Android_ETC2TargetPlatform
[2017.05.23-09.39.15:979][  0]LogTemp:Display: Loaded TP Android_MultiTargetPlatform
[2017.05.23-09.39.15:979][  0]LogTemp:Display: Loaded TP Android_PVRTCTargetPlatform
[2017.05.23-09.39.16:057][  0]LogTemp:Display: Loaded TP HTML5TargetPlatform
[2017.05.23-09.39.16:242][  0]LogTemp:Display: Loaded TP IOSTargetPlatform
[2017.05.23-09.39.16:300][  0]LogTemp:Display: Loaded TP TVOSTargetPlatform
[2017.05.23-09.39.16:393][  0]LogTemp:Display: Loaded TP LinuxClientTargetPlatform
[2017.05.23-09.39.16:488][  0]LogTemp:Display: Loaded TP LinuxNoEditorTargetPlatform
[2017.05.23-09.39.16:592][  0]LogTemp:Display: Loaded TP LinuxServerTargetPlatform
[2017.05.23-09.39.16:696][  0]LogTemp:Display: Loaded TP LinuxTargetPlatform
[2017.05.23-09.39.16:696][  0]LogTargetPlatformManager:Display: Building Assets For Windows
[2017.05.23-09.39.17:858][  0]LogDerivedDataCache:Display: Max Cache Size: 512 MB
[2017.05.23-09.39.17:906][  0]LogDerivedDataCache: Loaded boot cache 0.05s 50MB C:/Users/boris.ignjatovic/AppData/Local/UnrealEngine/4.15/DerivedDataCache/Boot.ddc.
[2017.05.23-09.39.17:906][  0]LogDerivedDataCache:Display: Loaded Boot cache: C:/Users/boris.ignjatovic/AppData/Local/UnrealEngine/4.15/DerivedDataCache/Boot.ddc
[2017.05.23-09.39.17:907][  0]LogDerivedDataCache: FDerivedDataBackendGraph:  Pak pak cache file ../../../../../../LocalWork/UnrealTests/Robotizer808Repo/Robotizer808/DerivedDataCache/DDC.ddp not found, will not use a pak cache.
[2017.05.23-09.39.17:907][  0]LogDerivedDataCache: Unable to find inner node Pak for hierarchical cache Hierarchy.
[2017.05.23-09.39.17:907][  0]LogDerivedDataCache: FDerivedDataBackendGraph:  CompressedPak pak cache file ../../../../../../LocalWork/UnrealTests/Robotizer808Repo/Robotizer808/DerivedDataCache/Compressed.ddp not found, will not use a pak cache.
[2017.05.23-09.39.17:907][  0]LogDerivedDataCache: Unable to find inner node CompressedPak for hierarchical cache Hierarchy.
[2017.05.23-09.39.17:923][  0]LogDerivedDataCache:Display: Pak cache opened for reading ../../../Engine/DerivedDataCache/Compressed.ddp.
[2017.05.23-09.39.17:935][  0]LogDerivedDataCache: Using Local data cache path C:/Users/boris.ignjatovic/AppData/Local/UnrealEngine/Common/DerivedDataCache: Writable
[2017.05.23-09.39.17:943][  0]LogSlate: Using Freetype 2.6.0
[2017.05.23-09.39.17:944][  0]LogSlate: SlateFontCache - WITH_FREETYPE: 1, WITH_HARFBUZZ: 1
[2017.05.23-09.39.17:944][  0]LogSlate: SlateFontCache - WITH_FREETYPE: 1, WITH_HARFBUZZ: 1
[2017.05.23-09.39.18:257][  0]LogInit: Selected Device Profile: [Windows]
[2017.05.23-09.39.18:259][  0]LogContentStreaming: Texture pool size is 0.00 MB
[2017.05.23-09.39.18:601][  0]LogMeshUtilities: Using QuadricMeshReduction for automatic static mesh reduction
[2017.05.23-09.39.18:699][  0]LogSimplygon: Simplygon DLL not present - disabling.
[2017.05.23-09.39.18:812][  0]LogMeshUtilities: Using SimplygonSwarm for distributed automatic mesh merging
[2017.05.23-09.39.18:812][  0]LogMeshUtilities: No automatic skeletal mesh reduction module available
[2017.05.23-09.39.18:812][  0]LogMeshUtilities: No automatic mesh merging module available
[2017.05.23-09.39.19:514][  0]LogNetVersion: GetLocalNetworkVersion: CL: 3299760, ProjectName: robotizer808, ProjectVersion: , EngineNetworkVersion: 2, GameNetworkVersion: 0, NetworkChecksum: 3630192969
[2017.05.23-09.39.19:598][  0]LogAssetRegistry: FAssetRegistry took 0.0216 seconds to start up
[2017.05.23-09.39.19:676][  0]LogPackageLocalizationCache: Processed 3 localized package path(s) for 2 prioritized culture(s) in 0.030569 seconds
[2017.05.23-09.39.19:681][  0]LogUObjectArray: 32493 objects as part of root set at end of initial load.
[2017.05.23-09.39.19:681][  0]LogUObjectAllocator: 7077032 out of 0 bytes used by permanent object pool.
[2017.05.23-09.39.19:681][  0]LogUObjectArray: CloseDisregardForGC: 0/0 objects in disregard for GC pool
[2017.05.23-09.39.19:816][  0]LogInit: WinSock: version 1.1 (2.2), MaxSocks=32767, MaxUdp=65467
[2017.05.23-09.39.22:918][  0]LogTcpMessaging: Initializing TcpMessaging bridge
[2017.05.23-09.39.22:992][  0]LogUdpMessaging: Initializing bridge on interface 0.0.0.0:0 to multicast group 230.0.0.1:6666.
[2017.05.23-09.39.23:976][  0]LogMaterial: Uniform references updated for custom material expression Custom.
[2017.05.23-09.39.24:654][  0]SourceControl: Info Source control is disabled
[2017.05.23-09.39.24:746][  0]SourceControl: Info Source control is disabled
[2017.05.23-09.39.24:842][  0]SourceControl: Info Source control is disabled
[2017.05.23-09.39.24:936][  0]SourceControl: Info Source control is disabled
[2017.05.23-09.39.27:405][  0]LogEngine: Initializing Engine...
[2017.05.23-09.39.27:891][  0]LogHMD: Failed to initialize OpenVR with code 108
[2017.05.23-09.39.27:994][  0]LogStats: UGameplayTagsManager::ConstructGameplayTagTree: Construct from data asset -  0.000 s
[2017.05.23-09.39.27:994][  0]LogStats: UGameplayTagsManager::ConstructGameplayTagTree: GameplayTagTreeChangedEvent.Broadcast -  0.000 s
[2017.05.23-09.39.28:228][  0]LogAIModule: Creating AISystem for world Untitled
[2017.05.23-09.39.28:248][  0]LogInit: XAudio2 using 'EV2416W-8 (2- NVIDIA High Definition Audio)' : 2 channels at 48 kHz using 16 bits per sample (channel mask 0x3)
[2017.05.23-09.39.28:316][  0]LogInit: FAudioDevice initialized.
[2017.05.23-09.39.28:341][  0]LogDerivedDataCache: Saved boot cache 0.03s 50MB C:/Users/boris.ignjatovic/AppData/Local/UnrealEngine/4.15/DerivedDataCache/Boot.ddc.
[2017.05.23-09.39.28:345][  0]LogInit: Texture streaming: Enabled
[2017.05.23-09.39.28:566][  0]LogEngineSessionManager: EngineSessionManager initialized
[2017.05.23-09.39.28:749][  0]LogInit: Transaction tracking system initialized
[2017.05.23-09.39.29:524][  0]BlueprintLog: New page: Editor Load
[2017.05.23-09.39.31:451][  0]LocalizationService: Info Localization service is disabled
[2017.05.23-09.39.33:080][  0]LogConsoleResponse:Display: 
[2017.05.23-09.39.33:232][  0]LogCook:Display: Max memory allowance for cook 16384mb min free memory 0mb
[2017.05.23-09.39.33:232][  0]LogCook:Display: Mobile HDR setting 1
[2017.05.23-09.39.34:092][  0]LogFileCache: Scanning file cache for directory 'C:/LocalWork/UnrealTests/Robotizer808Repo/Robotizer808/Content/' took 0.02s
[2017.05.23-09.39.35:451][  0]SourceControl: Info Source control is disabled
[2017.05.23-09.39.35:451][  0]Cmd: MAP LOAD FILE="../../../../../../LocalWork/UnrealTests/Robotizer808Repo/Robotizer808/Content/SideScrollerBP/Maps/SideScrollerExampleMap.umap" TEMPLATE=0 SHOWPROGRESS=1 FEATURELEVEL=3
[2017.05.23-09.39.35:451][  0]LogEditorServer:Warning: Can't find file '../../../../../../LocalWork/UnrealTests/Robotizer808Repo/Robotizer808/Content/SideScrollerBP/Maps/SideScrollerExampleMap.umap'
[2017.05.23-09.39.35:451][  0]Cmd: MAP CHECKDEP NOCLEARLOG
[2017.05.23-09.39.35:538][  0]MapCheck: Info Map check complete: 0 Error(s), 0 Warning(s), took 87.669ms to complete.
[2017.05.23-09.39.35:538][  0]LogFileHelpers: Loading map 'SideScrollerExampleMap' took 0.088
[2017.05.23-09.39.35:771][  0]LogCollectionManager: Loaded 0 collections in 0.001763 seconds
[2017.05.23-09.39.35:897][  0]LogFileCache: Scanning file cache for directory 'C:/LocalWork/UnrealTests/Robotizer808Repo/Robotizer808/Saved/Collections/' took 0.01s
[2017.05.23-09.39.35:897][  0]LogFileCache: Scanning file cache for directory 'C:/LocalWork/UnrealTests/Robotizer808Repo/Robotizer808/Content/Developers/borisignjatovic/Collections/' took 0.01s
[2017.05.23-09.39.35:897][  0]LogFileCache: Scanning file cache for directory 'C:/LocalWork/UnrealTests/Robotizer808Repo/Robotizer808/Content/Collections/' took 0.01s
[2017.05.23-09.39.35:897][  0]LogCollectionManager: Rebuilt the GUID cache for 0 collections in 0.000001 seconds
[2017.05.23-09.39.35:906][  0]LogContentBrowser: Native class hierarchy populated in 0.0081 seconds. Added 2245 classes and 453 folders.
[2017.05.23-09.39.36:042][  0]LogContentBrowser: Native class hierarchy updated for 'WidgetCarousel' in 0.0006 seconds. Added 0 classes and 0 folders.
[2017.05.23-09.39.36:113][  0]LogContentBrowser: Native class hierarchy updated for 'AddContentDialog' in 0.0006 seconds. Added 0 classes and 0 folders.
[2017.05.23-09.39.36:209][  0]LogContentBrowser: Native class hierarchy updated for 'SceneOutliner' in 0.0006 seconds. Added 1 classes and 2 folders.
[2017.05.23-09.39.36:323][  0]LogCrashTracker: Crashtracker disabled due to settings.
[2017.05.23-09.39.36:329][  0]LogUObjectGlobals:Warning: Failed to find object 'Class None.'
[2017.05.23-09.39.36:438][  0]LogContentBrowser: Native class hierarchy updated for 'HierarchicalLODOutliner' in 0.0006 seconds. Added 1 classes and 2 folders.
[2017.05.23-09.39.36:439][  0]LogLoad: (Engine Initialization) Total time: 29.02 seconds
[2017.05.23-09.39.36:439][  0]LogLoad: (Engine Initialization) Total Blueprint compile time: 0.09 seconds
[2017.05.23-09.39.36:439][  0]LogExternalProfiler: Found external profiler: VSPerf
[2017.05.23-09.39.36:439][  0]LogExternalProfiler: Using external profiler: VSPerf
[2017.05.23-09.39.36:778][  0]LogOcInput: OculusInput pre-init called
[2017.05.23-09.39.36:799][  0]LogContentStreaming: Texture pool size now 1000 MB
[2017.05.23-09.39.36:800][  0]LogSlate: Took 0.000359 seconds to synchronously load lazily loaded font '../../../Engine/Content/Slate/Fonts/Roboto-Regular.ttf' (155K)
[2017.05.23-09.39.36:803][  0]LogSlate: Took 0.000256 seconds to synchronously load lazily loaded font '../../../Engine/Content/Slate/Fonts/Roboto-Bold.ttf' (160K)
[2017.05.23-09.39.36:809][  0]LogSlate: Took 0.000283 seconds to synchronously load lazily loaded font '../../../Engine/Content/Editor/Slate/Fonts/FontAwesome.ttf' (139K)
[2017.05.23-09.39.36:954][  0]LogRenderer: Reallocating scene render targets to support 1172x660 NumSamples 1 (Frame:2).
[2017.05.23-09.39.37:118][  1]LogAssetRegistry: Asset discovery search completed in 17.5407 seconds
[2017.05.23-09.39.37:118][  1]LogCollectionManager: Rebuilt the object cache for 0 collections in 0.000003 seconds (found 0 objects)
[2017.05.23-09.39.37:118][  1]LogCollectionManager: Fixed up redirectors for 0 collections in 0.000019 seconds (updated 0 objects)
[2017.05.23-09.39.37:780][  3]LogSlate: Took 0.000375 seconds to synchronously load lazily loaded font '../../../Engine/Content/Slate/Fonts/Roboto-Light.ttf' (159K)
[2017.05.23-09.39.41:119][ 13]LogSlate: Took 0.000405 seconds to synchronously load lazily loaded font '../../../Engine/Content/Slate/Fonts/Roboto-Light.ttf' (159K)
[2017.05.23-09.40.25:062][ 49]LogSlate: Took 0.000292 seconds to synchronously load lazily loaded font '../../../Engine/Content/Slate/Fonts/Roboto-Light.ttf' (159K)
[2017.05.23-09.40.25:589][ 49]LogContentBrowser: Native class hierarchy updated for 'BlueprintGraph' in 0.0009 seconds. Added 112 classes and 0 folders.
[2017.05.23-09.40.26:125][ 49]LogSlate: Took 0.000231 seconds to synchronously load lazily loaded font '../../../Engine/Content/Slate/Fonts/Roboto-Regular.ttf' (155K)
[2017.05.23-09.40.26:202][ 49]LogSlate: Took 0.000330 seconds to synchronously load lazily loaded font '../../../Engine/Content/Editor/Slate/Fonts/Roboto-BoldCondensed.ttf' (158K)
[2017.05.23-09.40.26:464][ 50]LogSlate: Took 0.000308 seconds to synchronously load lazily loaded font '../../../Engine/Content/Editor/Slate/Fonts/Roboto-Italic.ttf' (157K)
[2017.05.23-09.40.48:030][818]BlueprintLog: New page: Compile PillarControl
[2017.05.23-09.40.48:505][829]LogSavePackage: Save=58.00ms
[2017.05.23-09.40.48:505][829]LogSavePackage: Moving '../../../../../../LocalWork/UnrealTests/Robotizer808Repo/Robotizer808/Saved/PillarControlB398FF8A4D4F4167691B5992F41A99CB.tmp' to '../../../../../../LocalWork/UnrealTests/Robotizer808Repo/Robotizer808/Content/SideScrollerBP/Blueprints/PillarControl.uasset'
[2017.05.23-09.40.48:508][829]LogSavePackage:Display: Finished SavePackage ../../../../../../LocalWork/UnrealTests/Robotizer808Repo/Robotizer808/Content/SideScrollerBP/Blueprints/PillarControl.uasset
[2017.05.23-09.41.02:194][957]BlueprintLog: New page: Compile PillarControl
[2017.05.23-09.41.02:899][987]LogSavePackage: Save=58.52ms
[2017.05.23-09.41.02:899][987]LogSavePackage: Moving '../../../../../../LocalWork/UnrealTests/Robotizer808Repo/Robotizer808/Saved/PillarControl2C41A95F4735E5C6B5F4F4BCE88561F2.tmp' to '../../../../../../LocalWork/UnrealTests/Robotizer808Repo/Robotizer808/Content/SideScrollerBP/Blueprints/PillarControl.uasset'
[2017.05.23-09.41.02:902][987]LogSavePackage:Display: Finished SavePackage ../../../../../../LocalWork/UnrealTests/Robotizer808Repo/Robotizer808/Content/SideScrollerBP/Blueprints/PillarControl.uasset
[2017.05.23-09.41.14:123][865]BlueprintLog: New page: Compile PillarControl
[2017.05.23-09.41.14:656][887]LogSavePackage: Save=58.26ms
[2017.05.23-09.41.14:656][887]LogSavePackage: Moving '../../../../../../LocalWork/UnrealTests/Robotizer808Repo/Robotizer808/Saved/PillarControl7A09EAA945438D38BDD0F58FFF0C547F.tmp' to '../../../../../../LocalWork/UnrealTests/Robotizer808Repo/Robotizer808/Content/SideScrollerBP/Blueprints/PillarControl.uasset'
[2017.05.23-09.41.14:660][887]LogSavePackage:Display: Finished SavePackage ../../../../../../LocalWork/UnrealTests/Robotizer808Repo/Robotizer808/Content/SideScrollerBP/Blueprints/PillarControl.uasset
[2017.05.23-09.41.36:447][541]BlueprintLog: New page: Compile PillarControl
[2017.05.23-09.41.36:957][558]LogSavePackage: Save=59.05ms
[2017.05.23-09.41.36:957][558]LogSavePackage: Moving '../../../../../../LocalWork/UnrealTests/Robotizer808Repo/Robotizer808/Saved/PillarControl9F6860DA4BF5E7CF720140BC9522A478.tmp' to '../../../../../../LocalWork/UnrealTests/Robotizer808Repo/Robotizer808/Content/SideScrollerBP/Blueprints/PillarControl.uasset'
[2017.05.23-09.41.36:961][558]LogSavePackage:Display: Finished SavePackage ../../../../../../LocalWork/UnrealTests/Robotizer808Repo/Robotizer808/Content/SideScrollerBP/Blueprints/PillarControl.uasset
[2017.05.23-09.41.37:722][611]LogTemp: Repeting last play command: Selected Viewport
[2017.05.23-09.41.37:735][611]LogPlayLevel: PlayLevel: No blueprints needed recompiling
[2017.05.23-09.41.37:736][611]PIE: New page: PIE session: Untitled_0 (May 23, 2017, 1:41:37 PM)
[2017.05.23-09.41.37:736][611]LogPlayLevel: Creating play world package: /Temp/UEDPIE_0_Untitled_0
[2017.05.23-09.41.37:737][611]LogPlayLevel: PIE: StaticDuplicateObject took: (0.000790s)
[2017.05.23-09.41.37:737][611]LogAIModule: Creating AISystem for world Untitled
[2017.05.23-09.41.37:738][611]LogPlayLevel: PIE: World Init took: (0.000872s)
[2017.05.23-09.41.37:738][611]LogPlayLevel: PIE: Created PIE world by copying editor world from /Temp/Untitled_0.Untitled to /Temp/UEDPIE_0_Untitled_0.Untitled (0.001878s)
[2017.05.23-09.41.37:760][611]LogInit: XAudio2 using 'EV2416W-8 (2- NVIDIA High Definition Audio)' : 2 channels at 48 kHz using 16 bits per sample (channel mask 0x3)
[2017.05.23-09.41.37:764][611]LogInit: FAudioDevice initialized.
[2017.05.23-09.41.38:017][611]LogLoad: Game class is 'SideScrollerGameMode_C'
[2017.05.23-09.41.38:019][611]LogWorld: Bringing World /Temp/UEDPIE_0_Untitled_0.Untitled up for play (max tick rate 0) at 2017.05.23-11.41.38
[2017.05.23-09.41.38:019][611]LogWorld: Bringing up level for play took: 0.000612
[2017.05.23-09.41.38:105][611]LogContentBrowser: Native class hierarchy updated for 'MovieSceneCapture' in 0.0006 seconds. Added 11 classes and 0 folders.
[2017.05.23-09.41.38:107][611]PIE: Info Play in editor start time for /Temp/UEDPIE_0_Untitled_0 0.527
[2017.05.23-09.41.41:629][816]LogAIModule: Creating AISystem for world Level01
[2017.05.23-09.41.41:661][816]Cmd: MAP LOAD FILE="../../../../../../LocalWork/UnrealTests/Robotizer808Repo/Robotizer808/Content/SideScrollerBP/Maps/Level01.umap" TEMPLATE=0 SHOWPROGRESS=1 FEATURELEVEL=3
[2017.05.23-09.41.41:661][816]LightingResults: New page: Lighting Build
[2017.05.23-09.41.41:739][816]LogContentBrowser: Native class hierarchy updated for 'StatsViewer' in 0.0005 seconds. Added 5 classes and 0 folders.
[2017.05.23-09.41.41:741][816]LoadErrors: New page: Loading map: Level01.umap
[2017.05.23-09.41.41:741][816]MapCheck: New page: Map Check
[2017.05.23-09.41.41:741][816]LightingResults: New page: Lighting Build
[2017.05.23-09.41.41:831][816]LogEditorServer: Finished looking for orphan Actors (0.000 secs)
[2017.05.23-09.41.41:847][816]Cmd: MAP CHECKDEP NOCLEARLOG
[2017.05.23-09.41.41:945][816]MapCheck: Info Map check complete: 0 Error(s), 0 Warning(s), took 98.653ms to complete.
[2017.05.23-09.41.41:945][816]LogFileHelpers: Loading map 'Level01' took 0.285
[2017.05.23-09.41.42:513][849]LogTemp: Repeting last play command: Selected Viewport
[2017.05.23-09.41.42:538][849]LogBlueprintUserMessages: Early PlayInEditor Detection: Level '/Game/SideScrollerBP/Maps/Level01.Level01:PersistentLevel' has LevelScriptBlueprint '/Game/SideScrollerBP/Maps/Level01.Level01:PersistentLevel.Level01' with GeneratedClass '/Game/SideScrollerBP/Maps/Level01.Level01_C' with ClassGeneratedBy '/Game/SideScrollerBP/Maps/Level01.Level01:PersistentLevel.Level01'
[2017.05.23-09.41.42:538][849]LogPlayLevel: PlayLevel: No blueprints needed recompiling
[2017.05.23-09.41.42:539][849]PIE: New page: PIE session: Level01 (May 23, 2017, 1:41:42 PM)
[2017.05.23-09.41.42:539][849]LogPlayLevel: Creating play world package: /Game/SideScrollerBP/Maps/UEDPIE_0_Level01
[2017.05.23-09.41.42:562][849]LogPlayLevel: PIE: StaticDuplicateObject took: (0.023160s)
[2017.05.23-09.41.42:562][849]LogAIModule: Creating AISystem for world Level01
[2017.05.23-09.41.42:563][849]LogPlayLevel: PIE: World Init took: (0.000780s)
[2017.05.23-09.41.42:563][849]LogPlayLevel: PIE: Created PIE world by copying editor world from /Game/SideScrollerBP/Maps/Level01.Level01 to /Game/SideScrollerBP/Maps/UEDPIE_0_Level01.Level01 (0.024177s)
[2017.05.23-09.41.42:586][849]LogInit: XAudio2 using 'EV2416W-8 (2- NVIDIA High Definition Audio)' : 2 channels at 48 kHz using 16 bits per sample (channel mask 0x3)
[2017.05.23-09.41.42:590][849]LogInit: FAudioDevice initialized.
[2017.05.23-09.41.42:617][849]LogLoad: Game class is 'SideScrollerGameMode_C'
[2017.05.23-09.41.42:620][849]LogWorld: Bringing World /Game/SideScrollerBP/Maps/UEDPIE_0_Level01.Level01 up for play (max tick rate 0) at 2017.05.23-11.41.42
[2017.05.23-09.41.42:620][849]LogWorld: Bringing up level for play took: 0.002055
[2017.05.23-09.41.42:621][849]PIE: Info Play in editor start time for /Game/SideScrollerBP/Maps/UEDPIE_0_Level01 1.041
[2017.05.23-09.41.42:621][849]LogBlueprintUserMessages: Late PlayInEditor Detection: Level '/Game/SideScrollerBP/Maps/Level01.Level01:PersistentLevel' has LevelScriptBlueprint '/Game/SideScrollerBP/Maps/Level01.Level01:PersistentLevel.Level01' with GeneratedClass '/Game/SideScrollerBP/Maps/Level01.Level01_C' with ClassGeneratedBy '/Game/SideScrollerBP/Maps/Level01.Level01:PersistentLevel.Level01'
[2017.05.23-09.41.59:520][910]LogBlueprintUserMessages: Early EndPlayMap Detection: Level '/Game/SideScrollerBP/Maps/Level01.Level01:PersistentLevel' has LevelScriptBlueprint '/Game/SideScrollerBP/Maps/Level01.Level01:PersistentLevel.Level01' with GeneratedClass '/Game/SideScrollerBP/Maps/Level01.Level01_C' with ClassGeneratedBy '/Game/SideScrollerBP/Maps/Level01.Level01:PersistentLevel.Level01'
[2017.05.23-09.41.59:566][910]LogBlueprintUserMessages: Late EndPlayMap Detection: Level '/Game/SideScrollerBP/Maps/Level01.Level01:PersistentLevel' has LevelScriptBlueprint '/Game/SideScrollerBP/Maps/Level01.Level01:PersistentLevel.Level01' with GeneratedClass '/Game/SideScrollerBP/Maps/Level01.Level01_C' with ClassGeneratedBy '/Game/SideScrollerBP/Maps/Level01.Level01:PersistentLevel.Level01'
[2017.05.23-09.42.14:935][860]LogWindowsTextInputMethodSystem:Display: IME system now deactivated.
[2017.05.23-09.42.15:110][861]Cmd: QUIT_EDITOR
[2017.05.23-09.42.15:751][861]LogExit: Preparing to exit.
[2017.05.23-09.42.16:164][861]LogDirectoryWatcher: A directory notification for 'C:/LocalWork/UnrealTests/Robotizer808Repo/Robotizer808/Content/' was aborted.
[2017.05.23-09.42.16:198][861]LogExit: Editor shut down
[2017.05.23-09.42.16:198][861]LogExit: Transaction tracking system shut down
[2017.05.23-09.42.16:289][861]LogObj: Freed 0b from 0 cluster array pools.
[2017.05.23-09.42.16:289][861]LogExit: Object subsystem successfully closed.
[2017.05.23-09.42.16:309][861]LogD3D11RHI: Shutdown
[2017.05.23-09.42.16:309][861]LogD3D11RHI: CleanupD3DDevice
[2017.05.23-09.42.16:365][861]LogD3D11RHI: ~FD3D11DynamicRHI
[2017.05.23-09.42.16:387][861]LogModuleManager: Shutting down and abandoning module StatsViewer (504)
[2017.05.23-09.42.16:387][861]LogModuleManager: Shutting down and abandoning module MovieSceneCapture (502)
[2017.05.23-09.42.16:387][861]LogModuleManager: Shutting down and abandoning module BlueprintGraph (500)
[2017.05.23-09.42.16:387][861]LogModuleManager: Shutting down and abandoning module BlueprintProfiler (498)
[2017.05.23-09.42.16:387][861]LogModuleManager: Shutting down and abandoning module HierarchicalLODOutliner (496)
[2017.05.23-09.42.16:387][861]LogModuleManager: Shutting down and abandoning module CrashTracker (494)
[2017.05.23-09.42.16:387][861]LogModuleManager: Shutting down and abandoning module SceneOutliner (492)
[2017.05.23-09.42.16:387][861]LogModuleManager: Shutting down and abandoning module AddContentDialog (490)
[2017.05.23-09.42.16:387][861]LogDirectoryWatcher: A directory notification for 'C:/Program Files/Epic Games/UE_4.15/FeaturePacks/' was aborted.
[2017.05.23-09.42.16:389][861]LogModuleManager: Shutting down and abandoning module WidgetCarousel (489)
[2017.05.23-09.42.16:389][861]LogModuleManager: Shutting down and abandoning module EditorWidgets (486)
[2017.05.23-09.42.16:389][861]LogModuleManager: Shutting down and abandoning module CollectionManager (484)
[2017.05.23-09.42.16:389][861]LogDirectoryWatcher: A directory notification for 'C:/LocalWork/UnrealTests/Robotizer808Repo/Robotizer808/Content/Collections/' was aborted.
[2017.05.23-09.42.16:389][861]LogDirectoryWatcher: A directory notification for 'C:/LocalWork/UnrealTests/Robotizer808Repo/Robotizer808/Content/Developers/borisignjatovic/Collections/' was aborted.
[2017.05.23-09.42.16:389][861]LogDirectoryWatcher: A directory notification for 'C:/LocalWork/UnrealTests/Robotizer808Repo/Robotizer808/Saved/Collections/' was aborted.
[2017.05.23-09.42.16:389][861]LogModuleManager: Shutting down and abandoning module FoliageEdit (482)
[2017.05.23-09.42.16:389][861]LogModuleManager: Shutting down and abandoning module LandscapeEditor (480)
[2017.05.23-09.42.16:389][861]LogModuleManager: Shutting down and abandoning module SceneDepthPickerMode (478)
[2017.05.23-09.42.16:389][861]LogModuleManager: Shutting down and abandoning module ActorPickerMode (476)
[2017.05.23-09.42.16:389][861]LogModuleManager: Shutting down and abandoning module GeometryMode (474)
[2017.05.23-09.42.16:389][861]LogModuleManager: Shutting down and abandoning module TextureAlignMode (472)
[2017.05.23-09.42.16:389][861]LogModuleManager: Shutting down and abandoning module BspMode (470)
[2017.05.23-09.42.16:389][861]LogModuleManager: Shutting down and abandoning module HardwareSurvey (468)
[2017.05.23-09.42.16:389][861]LogModuleManager: Shutting down and abandoning module SequenceRecorderSections (466)
[2017.05.23-09.42.16:389][861]LogModuleManager: Shutting down and abandoning module AutomationWorker (464)
[2017.05.23-09.42.16:389][861]LogModuleManager: Shutting down and abandoning module MatineeToLevelSequence (462)
[2017.05.23-09.42.16:389][861]LogModuleManager: Shutting down and abandoning module LevelSequenceEditor (460)
[2017.05.23-09.42.16:390][861]LogModuleManager: Shutting down and abandoning module PlacementMode (459)
[2017.05.23-09.42.16:390][861]LogModuleManager: Shutting down and abandoning module WmfMediaFactory (456)
[2017.05.23-09.42.16:390][861]LogModuleManager: Shutting down and abandoning module WmfMediaEditor (454)
[2017.05.23-09.42.16:390][861]LogModuleManager: Shutting down and abandoning module MfMediaFactory (452)
[2017.05.23-09.42.16:390][861]LogModuleManager: Shutting down and abandoning module MfMediaEditor (450)
[2017.05.23-09.42.16:390][861]LogModuleManager: Shutting down and abandoning module AvfMediaFactory (448)
[2017.05.23-09.42.16:390][861]LogModuleManager: Shutting down and abandoning module AvfMediaEditor (446)
[2017.05.23-09.42.16:390][861]LogModuleManager: Shutting down and abandoning module AndroidMediaFactory (444)
[2017.05.23-09.42.16:390][861]LogModuleManager: Shutting down and abandoning module Media (443)
[2017.05.23-09.42.16:390][861]LogModuleManager: Shutting down and abandoning module AndroidMediaEditor (440)
[2017.05.23-09.42.16:390][861]LogModuleManager: Shutting down and abandoning module CharacterAI (438)
[2017.05.23-09.42.16:390][861]LogModuleManager: Shutting down and abandoning module AudioCapture (436)
[2017.05.23-09.42.16:390][861]LogModuleManager: Shutting down and abandoning module SequenceRecorder (435)
[2017.05.23-09.42.16:390][861]LogModuleManager: Shutting down and abandoning module SmartSnapping (432)
[2017.05.23-09.42.16:390][861]LogModuleManager: Shutting down and abandoning module SessionServices (430)
[2017.05.23-09.42.16:390][861]LogModuleManager: Shutting down and abandoning module ViewportSnapping (428)
[2017.05.23-09.42.16:390][861]LogModuleManager: Shutting down and abandoning module ViewportInteraction (426)
[2017.05.23-09.42.16:390][861]LogModuleManager: Shutting down and abandoning module LogVisualizer (424)
[2017.05.23-09.42.16:390][861]LogModuleManager: Shutting down and abandoning module IntroTutorials (422)
[2017.05.23-09.42.16:390][861]LogModuleManager: Shutting down and abandoning module GameProjectGeneration (421)
[2017.05.23-09.42.16:390][861]LogModuleManager: Shutting down and abandoning module EditorLiveStreaming (418)
[2017.05.23-09.42.16:390][861]LogModuleManager: Shutting down and abandoning module IOSPlatformEditor (416)
[2017.05.23-09.42.16:390][861]LogModuleManager: Shutting down and abandoning module HTML5PlatformEditor (414)
[2017.05.23-09.42.16:390][861]LogModuleManager: Shutting down and abandoning module AndroidPlatformEditor (412)
[2017.05.23-09.42.16:390][861]LogModuleManager: Shutting down and abandoning module AndroidDeviceDetection (411)
[2017.05.23-09.42.17:273][861]LogModuleManager: Shutting down and abandoning module IOSRuntimeSettings (408)
[2017.05.23-09.42.17:273][861]LogModuleManager: Shutting down and abandoning module AndroidRuntimeSettings (406)
[2017.05.23-09.42.17:273][861]LogModuleManager: Shutting down and abandoning module InputBindingEditor (404)
[2017.05.23-09.42.17:273][861]LogModuleManager: Shutting down and abandoning module NiagaraEditor (402)
[2017.05.23-09.42.17:273][861]LogModuleManager: Shutting down and abandoning module MergeActors (400)
[2017.05.23-09.42.17:273][861]LogModuleManager: Shutting down and abandoning module SizeMap (398)
[2017.05.23-09.42.17:273][861]LogModuleManager: Shutting down and abandoning module TreeMap (396)
[2017.05.23-09.42.17:273][861]LogModuleManager: Shutting down and abandoning module ReferenceViewer (394)
[2017.05.23-09.42.17:273][861]LogModuleManager: Shutting down and abandoning module LocalizationDashboard (392)
[2017.05.23-09.42.17:273][861]LogModuleManager: Shutting down and abandoning module LocalizationService (391)
[2017.05.23-09.42.17:273][861]LogModuleManager: Shutting down and abandoning module HardwareTargeting (388)
[2017.05.23-09.42.17:273][861]LogModuleManager: Shutting down and abandoning module DeviceProfileEditor (386)
[2017.05.23-09.42.17:273][861]LogModuleManager: Shutting down and abandoning module UndoHistory (384)
[2017.05.23-09.42.17:273][861]LogModuleManager: Shutting down and abandoning module UserFeedback (382)
[2017.05.23-09.42.17:273][861]LogModuleManager: Shutting down and abandoning module XmlParser (380)
[2017.05.23-09.42.17:273][861]LogModuleManager: Shutting down and abandoning module Blutility (378)
[2017.05.23-09.42.17:273][861]LogModuleManager: Shutting down and abandoning module ProjectSettingsViewer (376)
[2017.05.23-09.42.17:273][861]LogModuleManager: Shutting down and abandoning module ProjectTargetPlatformEditor (375)
[2017.05.23-09.42.17:273][861]LogModuleManager: Shutting down and abandoning module EditorSettingsViewer (372)
[2017.05.23-09.42.17:273][861]LogModuleManager: Shutting down and abandoning module SettingsEditor (370)
[2017.05.23-09.42.17:273][861]LogModuleManager: Shutting down and abandoning module ProjectLauncher (368)
[2017.05.23-09.42.17:273][861]LogModuleManager: Shutting down and abandoning module SessionFrontend (366)
[2017.05.23-09.42.17:273][861]LogModuleManager: Shutting down and abandoning module ProfilerClient (364)
[2017.05.23-09.42.17:273][861]LogModuleManager: Shutting down and abandoning module DeviceManager (362)
[2017.05.23-09.42.17:273][861]LogModuleManager: Shutting down and abandoning module TargetDeviceServices (361)
[2017.05.23-09.42.17:306][861]LogModuleManager: Shutting down and abandoning module AutomationController (358)
[2017.05.23-09.42.17:306][861]LogModuleManager: Shutting down and abandoning module AutomationWindow (356)
[2017.05.23-09.42.17:306][861]LogModuleManager: Shutting down and abandoning module Layers (354)
[2017.05.23-09.42.17:306][861]LogModuleManager: Shutting down and abandoning module ComponentVisualizers (352)
[2017.05.23-09.42.17:306][861]LogModuleManager: Shutting down and abandoning module DetailCustomizations (350)
[2017.05.23-09.42.17:306][861]LogModuleManager: Shutting down and abandoning module PackagesDialog (348)
[2017.05.23-09.42.17:306][861]LogModuleManager: Shutting down and abandoning module Persona (346)
[2017.05.23-09.42.17:306][861]LogModuleManager: Shutting down and abandoning module AnimGraph (345)
[2017.05.23-09.42.17:306][861]LogModuleManager: Shutting down and abandoning module Kismet (342)
[2017.05.23-09.42.17:311][861]LogModuleManager: Shutting down and abandoning module GraphEditor (340)
[2017.05.23-09.42.17:311][861]LogModuleManager: Shutting down and abandoning module ClassViewer (338)
[2017.05.23-09.42.17:311][861]LogModuleManager: Shutting down and abandoning module Toolbox (336)
[2017.05.23-09.42.17:311][861]LogModuleManager: Shutting down and abandoning module ModuleUI (334)
[2017.05.23-09.42.17:311][861]LogModuleManager: Shutting down and abandoning module MovieSceneTools (332)
[2017.05.23-09.42.17:311][861]LogModuleManager: Shutting down and abandoning module OutputLog (330)
[2017.05.23-09.42.17:311][861]LogModuleManager: Shutting down and abandoning module GammaUI (328)
[2017.05.23-09.42.17:311][861]LogModuleManager: Shutting down and abandoning module Documentation (326)
[2017.05.23-09.42.17:311][861]LogModuleManager: Shutting down and abandoning module Niagara (324)
[2017.05.23-09.42.17:311][861]LogModuleManager: Shutting down and abandoning module StreamingPauseRendering (322)
[2017.05.23-09.42.17:311][861]LogModuleManager: Shutting down and abandoning module AnalyticsET (320)
[2017.05.23-09.42.17:311][861]LogModuleManager: Shutting down and abandoning module PortalServices (318)
[2017.05.23-09.42.17:311][861]LogModuleManager: Shutting down and abandoning module PortalRpc (316)
[2017.05.23-09.42.17:311][861]LogModuleManager: Shutting down and abandoning module MessagingRpc (314)
[2017.05.23-09.42.17:311][861]LogModuleManager: Shutting down and abandoning module AIModule (312)
[2017.05.23-09.42.17:311][861]LogModuleManager: Shutting down and abandoning module GameplayDebugger (311)
[2017.05.23-09.42.17:311][861]LogModuleManager: Shutting down and abandoning module AITestSuite (309)
[2017.05.23-09.42.17:311][861]LogModuleManager: Shutting down and abandoning module ProfilerService (306)
[2017.05.23-09.42.17:418][861]LogModuleManager: Shutting down and abandoning module TaskGraph (304)
[2017.05.23-09.42.17:418][861]LogModuleManager: Shutting down and abandoning module SteamVRController (302)
[2017.05.23-09.42.17:418][861]LogModuleManager: Shutting down and abandoning module SteamVR (300)
[2017.05.23-09.42.17:418][861]LogModuleManager: Shutting down and abandoning module ProceduralMeshComponentEditor (298)
[2017.05.23-09.42.17:418][861]LogModuleManager: Shutting down and abandoning module ProceduralMeshComponent (296)
[2017.05.23-09.42.17:418][861]LogModuleManager: Shutting down and abandoning module OculusLibrary (294)
[2017.05.23-09.42.17:418][861]LogModuleManager: Shutting down and abandoning module OculusInput (292)
[2017.05.23-09.42.17:418][861]LogModuleManager: Shutting down and abandoning module MobilePatchingUtils (290)
[2017.05.23-09.42.17:418][861]LogModuleManager: Shutting down and abandoning module CustomMeshComponent (288)
[2017.05.23-09.42.17:418][861]LogModuleManager: Shutting down and abandoning module CableComponent (286)
[2017.05.23-09.42.17:418][861]LogModuleManager: Shutting down and abandoning module ArchVisCharacter (284)
[2017.05.23-09.42.17:418][861]LogModuleManager: Shutting down and abandoning module MediaPlayerEditor (280)
[2017.05.23-09.42.17:418][861]LogModuleManager: Shutting down and abandoning module HTML5Networking (278)
[2017.05.23-09.42.17:418][861]LogModuleManager: Shutting down and abandoning module AlembicImporter (276)
[2017.05.23-09.42.17:418][861]LogModuleManager: Shutting down and abandoning module AlembicLibrary (275)
[2017.05.23-09.42.17:418][861]LogModuleManager: Shutting down and abandoning module GeometryCache (274)
[2017.05.23-09.42.17:418][861]LogModuleManager: Shutting down and abandoning module GeometryCacheEd (273)
[2017.05.23-09.42.17:418][861]LogModuleManager: Shutting down and abandoning module SuperSearchEditor (268)
[2017.05.23-09.42.17:418][861]LogModuleManager: Shutting down and abandoning module SuperSearch (267)
[2017.05.23-09.42.17:418][861]LogModuleManager: Shutting down and abandoning module SpeedTreeImporter (264)
[2017.05.23-09.42.17:418][861]LogModuleManager: Shutting down and abandoning module PluginBrowser (262)
[2017.05.23-09.42.17:418][861]LogModuleManager: Shutting down and abandoning module MobileLauncherProfileWizard (260)
[2017.05.23-09.42.17:418][861]LogModuleManager: Shutting down and abandoning module EpicSurvey (258)
[2017.05.23-09.42.17:419][861]LogModuleManager: Shutting down and abandoning module VisualStudioSourceCodeAccess (256)
[2017.05.23-09.42.17:419][861]LogModuleManager: Shutting down and abandoning module DesktopPlatform (255)
[2017.05.23-09.42.17:419][861]LogModuleManager: Shutting down and abandoning module UObjectPlugin (252)
[2017.05.23-09.42.17:419][861]LogModuleManager: Shutting down and abandoning module SubversionSourceControl (250)
[2017.05.23-09.42.17:419][861]LogModuleManager: Shutting down and abandoning module PerforceSourceControl (248)
[2017.05.23-09.42.17:419][861]LogModuleManager: Shutting down and abandoning module GitSourceControl (246)
[2017.05.23-09.42.17:419][861]LogModuleManager: Shutting down and abandoning module SourceControl (245)
[2017.05.23-09.42.17:419][861]LogModuleManager: Shutting down and abandoning module LightPropagationVolumeEditor (242)
[2017.05.23-09.42.17:419][861]LogModuleManager: Shutting down and abandoning module PaperTiledImporter (240)
[2017.05.23-09.42.17:419][861]LogModuleManager: Shutting down and abandoning module PaperSpriteSheetImporter (238)
[2017.05.23-09.42.17:419][861]LogModuleManager: Shutting down and abandoning module Paper2DEditor (236)
[2017.05.23-09.42.17:419][861]LogModuleManager: Shutting down and abandoning module MeshPaint (235)
[2017.05.23-09.42.17:419][861]LogModuleManager: Shutting down and abandoning module LevelEditor (233)
[2017.05.23-09.42.17:419][861]LogModuleManager: Shutting down and abandoning module PixelInspectorModule (232)
[2017.05.23-09.42.17:419][861]LogModuleManager: Shutting down and abandoning module MainFrame (230)
[2017.05.23-09.42.17:419][861]LogModuleManager: Shutting down and abandoning module HotReload (229)
[2017.05.23-09.42.17:420][861]LogModuleManager: Shutting down and abandoning module ContentBrowser (225)
[2017.05.23-09.42.17:421][861]LogModuleManager: Shutting down and abandoning module PhysXVehiclesEditor (222)
[2017.05.23-09.42.17:421][861]LogModuleManager: Shutting down and abandoning module PhysXVehicles (220)
[2017.05.23-09.42.17:421][861]LogModuleManager: Shutting down and abandoning module LocationServicesBPLibrary (218)
[2017.05.23-09.42.17:421][861]LogModuleManager: Shutting down and abandoning module UdpMessaging (216)
[2017.05.23-09.42.17:522][861]LogModuleManager: Shutting down and abandoning module TcpMessaging (214)
[2017.05.23-09.42.17:623][861]LogModuleManager: Shutting down and abandoning module GameplayTagsEditor (212)
[2017.05.23-09.42.17:623][861]LogModuleManager: Shutting down and abandoning module FacialAnimationEditor (210)
[2017.05.23-09.42.17:623][861]LogModuleManager: Shutting down and abandoning module FacialAnimation (208)
[2017.05.23-09.42.17:623][861]LogModuleManager: Shutting down and abandoning module LightPropagationVolumeRuntime (206)
[2017.05.23-09.42.17:623][861]LogModuleManager: Shutting down and abandoning module Paper2D (204)
[2017.05.23-09.42.17:623][861]LogModuleManager: Shutting down and abandoning module WindowsMoviePlayer (202)
[2017.05.23-09.42.17:623][861]LogModuleManager: Shutting down and abandoning module WmfMedia (200)
[2017.05.23-09.42.17:623][861]LogModuleManager: Shutting down and abandoning module MfMedia (198)
[2017.05.23-09.42.17:623][861]LogModuleManager: Shutting down and abandoning module MediaAssets (196)
[2017.05.23-09.42.17:623][861]LogModuleManager: Shutting down and abandoning module GameLiveStreaming (194)
[2017.05.23-09.42.17:623][861]LogModuleManager: Shutting down and abandoning module VREditor (192)
[2017.05.23-09.42.17:623][861]LogModuleManager: Shutting down and abandoning module GameplayTasksEditor (190)
[2017.05.23-09.42.17:623][861]LogModuleManager: Shutting down and abandoning module BehaviorTreeEditor (188)
[2017.05.23-09.42.17:623][861]LogModuleManager: Shutting down and abandoning module FunctionalTesting (186)
[2017.05.23-09.42.17:623][861]LogModuleManager: Shutting down and abandoning module CollisionAnalyzer (184)
[2017.05.23-09.42.17:623][861]LogModuleManager: Shutting down and abandoning module UMG (182)
[2017.05.23-09.42.17:623][861]LogModuleManager: Shutting down and abandoning module UMGEditor (181)
[2017.05.23-09.42.17:623][861]LogModuleManager: Shutting down and abandoning module Sequencer (180)
[2017.05.23-09.42.17:623][861]LogModuleManager: Shutting down and abandoning module AssetTools (178)
[2017.05.23-09.42.17:623][861]LogModuleManager: Shutting down and abandoning module MessageLog (177)
[2017.05.23-09.42.17:623][861]LogModuleManager: Shutting down and abandoning module WorkspaceMenuStructure (176)
[2017.05.23-09.42.17:623][861]LogModuleManager: Shutting down and abandoning module SlateReflector (170)
[2017.05.23-09.42.17:623][861]LogModuleManager: Shutting down and abandoning module Slate (168)
[2017.05.23-09.42.17:623][861]LogModuleManager: Shutting down and abandoning module EditorStyle (166)
[2017.05.23-09.42.17:626][861]LogModuleManager: Shutting down and abandoning module SourceCodeAccess (164)
[2017.05.23-09.42.17:626][861]LogModuleManager: Shutting down and abandoning module HeadMountedDisplay (162)
[2017.05.23-09.42.17:626][861]LogModuleManager: Shutting down and abandoning module XAudio2 (160)
[2017.05.23-09.42.17:626][861]LogModuleManager: Shutting down and abandoning module Networking (158)
[2017.05.23-09.42.17:626][861]LogModuleManager: Shutting down and abandoning module Core (154)
[2017.05.23-09.42.17:626][861]LogModuleManager: Shutting down and abandoning module AssetRegistry (152)
[2017.05.23-09.42.17:748][861]LogDirectoryWatcher: A directory notification for '../../../Engine/Content/' was aborted.
[2017.05.23-09.42.17:748][861]LogDirectoryWatcher: A directory notification for '../../../../../../LocalWork/UnrealTests/Robotizer808Repo/Robotizer808/Content/' was aborted.
[2017.05.23-09.42.17:748][861]LogDirectoryWatcher: A directory notification for '../../../Engine/Plugins/2D/Paper2D/Content/' was aborted.
[2017.05.23-09.42.17:748][861]LogModuleManager: Shutting down and abandoning module DirectoryWatcher (151)
[2017.05.23-09.42.17:749][861]LogModuleManager: Shutting down and abandoning module KismetCompiler (148)
[2017.05.23-09.42.17:749][861]LogModuleManager: Shutting down and abandoning module PhysXFormats (146)
[2017.05.23-09.42.17:749][861]LogModuleManager: Shutting down and abandoning module MeshUtilities (144)
[2017.05.23-09.42.17:749][861]LogModuleManager: Shutting down and abandoning module SimplygonSwarm (143)
[2017.05.23-09.42.17:749][861]LogModuleManager: Shutting down and abandoning module SimplygonMeshReduction (141)
[2017.05.23-09.42.17:749][861]LogModuleManager: Shutting down and abandoning module QuadricMeshReduction (139)
[2017.05.23-09.42.17:749][861]LogModuleManager: Shutting down and abandoning module PropertyEditor (137)
[2017.05.23-09.42.17:749][861]LogModuleManager: Shutting down and abandoning module DerivedDataCache (134)
[2017.05.23-09.42.17:765][861]LogDerivedDataCache: Shutdown
[2017.05.23-09.42.17:765][861]LogModuleManager: Shutting down and abandoning module TargetPlatform (132)
[2017.05.23-09.42.17:765][861]LogModuleManager: Shutting down and abandoning module VulkanShaderFormat (131)
[2017.05.23-09.42.17:765][861]LogModuleManager: Shutting down and abandoning module ShaderFormatOpenGL (129)
[2017.05.23-09.42.17:765][861]LogModuleManager: Shutting down and abandoning module ShaderFormatD3D (127)
[2017.05.23-09.42.17:765][861]LogModuleManager: Shutting down and abandoning module MetalShaderFormat (125)
[2017.05.23-09.42.17:765][861]LogModuleManager: Shutting down and abandoning module TextureFormatUncompressed (123)
[2017.05.23-09.42.17:765][861]LogModuleManager: Shutting down and abandoning module TextureFormatPVR (121)
[2017.05.23-09.42.17:765][861]LogModuleManager: Shutting down and abandoning module TextureFormatDXT (119)
[2017.05.23-09.42.17:765][861]LogModuleManager: Shutting down and abandoning module TextureFormatIntelISPCTexComp (117)
[2017.05.23-09.42.17:765][861]LogModuleManager: Shutting down and abandoning module TextureFormatASTC (115)
[2017.05.23-09.42.17:765][861]LogModuleManager: Shutting down and abandoning module ImageWrapper (114)
[2017.05.23-09.42.17:765][861]LogModuleManager: Shutting down and abandoning module TextureFormatAndroid (111)
[2017.05.23-09.42.17:765][861]LogModuleManager: Shutting down and abandoning module AudioFormatOpus (109)
[2017.05.23-09.42.17:765][861]LogModuleManager: Shutting down and abandoning module AudioFormatOgg (107)
[2017.05.23-09.42.17:765][861]LogModuleManager: Shutting down and abandoning module AudioFormatADPCM (105)
[2017.05.23-09.42.17:765][861]LogModuleManager: Shutting down and abandoning module LinuxTargetPlatform (103)
[2017.05.23-09.42.17:765][861]LogModuleManager: Shutting down and abandoning module LinuxServerTargetPlatform (101)
[2017.05.23-09.42.17:765][861]LogModuleManager: Shutting down and abandoning module LinuxNoEditorTargetPlatform (99)
[2017.05.23-09.42.17:765][861]LogModuleManager: Shutting down and abandoning module LinuxClientTargetPlatform (97)
[2017.05.23-09.42.17:765][861]LogModuleManager: Shutting down and abandoning module TVOSTargetPlatform (95)
[2017.05.23-09.42.17:765][861]LogModuleManager: Shutting down and abandoning module Messaging (93)
[2017.05.23-09.42.17:765][861]LogModuleManager: Shutting down and abandoning module IOSTargetPlatform (91)
[2017.05.23-09.42.17:765][861]LogModuleManager: Shutting down and abandoning module HTML5TargetPlatform (89)
[2017.05.23-09.42.17:765][861]LogModuleManager: Shutting down and abandoning module Android_PVRTCTargetPlatform (87)
[2017.05.23-09.42.17:765][861]LogModuleManager: Shutting down and abandoning module Android_MultiTargetPlatform (85)
[2017.05.23-09.42.17:765][861]LogModuleManager: Shutting down and abandoning module Android_ETC2TargetPlatform (83)
[2017.05.23-09.42.17:765][861]LogModuleManager: Shutting down and abandoning module Android_ETC1TargetPlatform (81)
[2017.05.23-09.42.17:765][861]LogModuleManager: Shutting down and abandoning module Android_DXTTargetPlatform (79)
[2017.05.23-09.42.17:765][861]LogModuleManager: Shutting down and abandoning module Android_ATCTargetPlatform (77)
[2017.05.23-09.42.17:765][861]LogModuleManager: Shutting down and abandoning module Android_ASTCTargetPlatform (75)
[2017.05.23-09.42.17:765][861]LogModuleManager: Shutting down and abandoning module AndroidTargetPlatform (73)
[2017.05.23-09.42.17:765][861]LogModuleManager: Shutting down and abandoning module WindowsTargetPlatform (71)
[2017.05.23-09.42.17:765][861]LogModuleManager: Shutting down and abandoning module WindowsServerTargetPlatform (69)
[2017.05.23-09.42.17:765][861]LogModuleManager: Shutting down and abandoning module WindowsNoEditorTargetPlatform (67)
[2017.05.23-09.42.17:765][861]LogModuleManager: Shutting down and abandoning module WindowsClientTargetPlatform (65)
[2017.05.23-09.42.17:765][861]LogModuleManager: Shutting down and abandoning module MacTargetPlatform (63)
[2017.05.23-09.42.17:766][861]LogModuleManager: Shutting down and abandoning module MacServerTargetPlatform (61)
[2017.05.23-09.42.17:766][861]LogModuleManager: Shutting down and abandoning module MacNoEditorTargetPlatform (59)
[2017.05.23-09.42.17:766][861]LogModuleManager: Shutting down and abandoning module MacClientTargetPlatform (57)
[2017.05.23-09.42.17:766][861]LogModuleManager: Shutting down and abandoning module AllDesktopTargetPlatform (55)
[2017.05.23-09.42.17:766][861]LogModuleManager: Shutting down and abandoning module InputCore (52)
[2017.05.23-09.42.17:766][861]LogModuleManager: Shutting down and abandoning module Settings (50)
[2017.05.23-09.42.17:766][861]LogModuleManager: Shutting down and abandoning module OculusRift (48)
[2017.05.23-09.42.17:766][861]LogModuleManager: Shutting down and abandoning module GearVR (46)
[2017.05.23-09.42.17:766][861]LogModuleManager: Shutting down and abandoning module ExampleDeviceProfileSelector (44)
[2017.05.23-09.42.17:766][861]LogModuleManager: Shutting down and abandoning module OnlineBlueprintSupport (42)
[2017.05.23-09.42.17:766][861]LogModuleManager: Shutting down and abandoning module OnlineSubsystem (38)
[2017.05.23-09.42.17:766][861]LogOnline:Display: Unloading online subsystem: NULL
[2017.05.23-09.42.17:766][861]LogModuleManager: Shutting down and abandoning module XMPP (37)
[2017.05.23-09.42.17:766][861]LogModuleManager: Shutting down and abandoning module HTTP (35)
[2017.05.23-09.42.17:766][861]LogHttp:Display: Http module shutting down, but needs to wait on 1 outstanding Http requests:
[2017.05.23-09.42.17:766][861]LogHttp:Display: 	verb=[POST] url=[https://datarouter.ol.epicgames.com/datarouter/api/v1/public/data?SessionID=%7B38629B37-4D86-363C-AD7F-BEBB97F72438%7D&AppID=UEEditor.Rocket.Release&AppVersion=4.15.2-3416026%2B%2B%2BUE4%2BRelease-4.15&UserID=d0f72eec4cbe3402dde69c9f4c378211%7Cd8c01e605c644d598bce0b1bf4d706be%7Cce62e621-3e28-4fc5-b34c-513586aff0e1&AppEnvironment=datacollector-binary&UploadType=eteventstream] status=Processing
[2017.05.23-09.42.17:790][861]LogModuleManager: Shutting down and abandoning module SSL (34)
[2017.05.23-09.42.17:792][861]LogModuleManager: Shutting down and abandoning module AudioEditor (30)
[2017.05.23-09.42.17:792][861]LogModuleManager: Shutting down and abandoning module TextureCompressor (28)
[2017.05.23-09.42.17:792][861]LogModuleManager: Shutting down and abandoning module ShaderCore (26)
[2017.05.23-09.42.17:792][861]LogModuleManager: Shutting down and abandoning module Landscape (24)
[2017.05.23-09.42.17:792][861]LogModuleManager: Shutting down and abandoning module SlateRHIRenderer (22)
[2017.05.23-09.42.17:793][861]LogModuleManager: Shutting down and abandoning module OpenGLDrv (20)
[2017.05.23-09.42.17:793][861]LogModuleManager: Shutting down and abandoning module D3D11RHI (18)
[2017.05.23-09.42.17:793][861]LogModuleManager: Shutting down and abandoning module AnimGraphRuntime (16)
[2017.05.23-09.42.17:793][861]LogModuleManager: Shutting down and abandoning module Renderer (14)
[2017.05.23-09.42.17:793][861]LogModuleManager: Shutting down and abandoning module Engine (12)
[2017.05.23-09.42.17:793][861]LogModuleManager: Shutting down and abandoning module CoreUObject (10)
[2017.05.23-09.42.17:793][861]LogModuleManager: Shutting down and abandoning module NetworkFile (8)
[2017.05.23-09.42.17:793][861]LogModuleManager: Shutting down and abandoning module StreamingFile (6)
[2017.05.23-09.42.17:793][861]LogModuleManager: Shutting down and abandoning module SandboxFile (4)
[2017.05.23-09.42.17:793][861]LogModuleManager: Shutting down and abandoning module PakFile (2)
[2017.05.23-09.42.17:795][861]LogExit: Exiting.
[2017.05.23-09.42.17:796][861]Log file closed, 05/23/17 11:42:17
