Log file open, 05/23/17 12:59:00
LogInit:Display: Running engine for game: Robotizer808
LogPlatformFile: Not using cached read wrapper
LogInit:Display: RandInit(-1344728305) SRandInit(-1344728305).
LogTaskGraph: Started task graph with 5 named threads and 10 total threads with 1 sets of task threads.
LogStats: Stats thread started at 0.108825
LogInit: Using libcurl 7.47.1
LogInit:  - built for x86_64-pc-win32
LogInit:  - supports SSL with OpenSSL/1.0.2g
LogInit:  - supports HTTP deflate (compression) using libz 1.2.8
LogInit:  - other features:
LogInit:      CURL_VERSION_SSL
LogInit:      CURL_VERSION_LIBZ
LogInit:      CURL_VERSION_IPV6
LogInit:      CURL_VERSION_ASYNCHDNS
LogInit:      CURL_VERSION_LARGEFILE
LogInit:      CURL_VERSION_IDN
LogInit:  CurlRequestOptions (configurable via config and command line):
LogInit:  - bVerifyPeer = false  - Libcurl will NOT verify peer certificate
LogInit:  - bUseHttpProxy = false  - Libcurl will NOT use HTTP proxy
LogInit:  - bDontReuseConnections = false  - Libcurl will reuse connections
LogInit:  - CertBundlePath = nullptr  - Libcurl will use whatever was configured at build time.
LogInit: Build: ++UE4+Release-4.15-CL-3416026
LogInit: Engine Version: 4.15.2-3416026+++UE4+Release-4.15
LogInit: Compatible Engine Version: 4.15.0-3299760+++UE4+Release-4.15
LogInit: Net CL: 3299760
LogDevObjectVersion: Number of dev versions registered: 14
LogDevObjectVersion:   Dev-Blueprints (B0D832E4-1F89-4F0D-ACCF-7EB736FD4AA2): 8
LogDevObjectVersion:   Dev-Build (E1C64328-A22C-4D53-A36C-8E866417BD8C): 0
LogDevObjectVersion:   Dev-Core (375EC13C-06E4-48FB-B500-84F0262A717E): 2
LogDevObjectVersion:   Dev-Editor (E4B068ED-F494-42E9-A231-DA0B2E46BB41): 14
LogDevObjectVersion:   Dev-Framework (CFFC743F-43B0-4480-9391-14DF171D2073): 22
LogDevObjectVersion:   Dev-Mobile (B02B49B5-BB20-44E9-A304-32B752E40360): 0
LogDevObjectVersion:   Dev-Networking (A4E4105C-59A1-49B5-A7C5-40C4547EDFEE): 0
LogDevObjectVersion:   Dev-Online (39C831C9-5AE6-47DC-9A44-9C173E1C8E7C): 0
LogDevObjectVersion:   Dev-Physics (78F01B33-EBEA-4F98-B9B4-84EACCB95AA2): 0
LogDevObjectVersion:   Dev-Platform (6631380F-2D4D-43E0-8009-CF276956A95A): 0
LogDevObjectVersion:   Dev-Rendering (12F88B9F-8875-4AFC-A67C-D90C383ABD29): 12
LogDevObjectVersion:   Dev-Sequencer (7B5AE74C-D270-4C10-A958-57980B212A5A): 3
LogDevObjectVersion:   Dev-VR (D7296918-1DD6-4BDD-9DE2-64A83CC13884): 0
LogDevObjectVersion:   Dev-LoadTimes (C2A15278-BFE7-4AFE-6C17-90FF531DF755): 1
LogInit: Compiled (64-bit): May  1 2017 13:11:28
LogInit: Compiled with Visual C++: 19.00.23026.00
LogInit: Build Configuration: Development
LogInit: Branch Name: ++UE4+Release-4.15
LogInit: Command line: -EpicPortal 
LogInit: Base directory: C:/Program Files/Epic Games/UE_4.15/Engine/Binaries/Win64/
LogInit: Installed Engine Build: 1
LogInit: Presizing for max 8388607 objects, including 0 objects not considered by GC, pre-allocating 0 bytes for permanent pool.
LogInit: Object subsystem initialized
[2017.05.23-10.59.01:958][  0]LogInit: Selected Device Profile: [Windows]
[2017.05.23-10.59.01:958][  0]LogInit: Applying CVar settings loaded from the selected device profile: [Windows]
[2017.05.23-10.59.01:968][  0]LogInit: Computer: FOXMCCLOUD
[2017.05.23-10.59.01:968][  0]LogInit: User: andre
[2017.05.23-10.59.01:968][  0]LogInit: CPU Page size=65536, Cores=6
[2017.05.23-10.59.01:968][  0]LogInit: High frequency timer resolution =3.415991 MHz
[2017.05.23-10.59.01:968][  0]LogMemory: Memory total: Physical=63.9GB (64GB approx)
[2017.05.23-10.59.01:968][  0]LogMemory: Platform Memory Stats for Windows
[2017.05.23-10.59.01:968][  0]LogMemory: Process Physical Memory: 263.21 MB used, 263.21 MB peak
[2017.05.23-10.59.01:968][  0]LogMemory: Process Virtual Memory: 260.26 MB used, 260.26 MB peak
[2017.05.23-10.59.01:968][  0]LogMemory: Physical Memory: 21851.41 MB used,  43586.38 MB free, 65437.80 MB total
[2017.05.23-10.59.01:968][  0]LogMemory: Virtual Memory: 644.68 MB used,  43586.38 MB free, 134217728.00 MB total
[2017.05.23-10.59.02:308][  0]LogTextLocalizationManager: No specific translations for ('en-US') exist, so ('en') translations will be used.
[2017.05.23-10.59.03:061][  0]LogD3D11RHI: D3D11 adapters:
[2017.05.23-10.59.03:706][  0]LogD3D11RHI:    0. 'NVIDIA TITAN X (Pascal)' (Feature Level 11_0)
[2017.05.23-10.59.03:706][  0]LogD3D11RHI:       12177/0/32718 MB DedicatedVideo/DedicatedSystem/SharedSystem, Outputs:2, VendorId:0x10de
[2017.05.23-10.59.03:708][  0]LogD3D11RHI:    1. 'Microsoft Basic Render Driver' (Feature Level 11_0)
[2017.05.23-10.59.03:708][  0]LogD3D11RHI:       0/0/32718 MB DedicatedVideo/DedicatedSystem/SharedSystem, Outputs:0, VendorId:0x1414
[2017.05.23-10.59.03:708][  0]LogD3D11RHI: Chosen D3D11 Adapter: 0
[2017.05.23-10.59.03:714][  0]LogD3D11RHI: Creating new Direct3DDevice
[2017.05.23-10.59.03:714][  0]LogD3D11RHI:     GPU DeviceId: 0x1b00 (for the marketing name, search the web for "GPU Device Id")
[2017.05.23-10.59.03:714][  0]LogWindows: EnumDisplayDevices:
[2017.05.23-10.59.03:715][  0]LogWindows:    0. 'NVIDIA TITAN X (Pascal)' (P:0 D:1)
[2017.05.23-10.59.03:715][  0]LogWindows:    1. 'NVIDIA TITAN X (Pascal)' (P:1 D:1)
[2017.05.23-10.59.03:715][  0]LogWindows:    2. 'NVIDIA TITAN X (Pascal)' (P:0 D:0)
[2017.05.23-10.59.03:715][  0]LogWindows:    3. 'NVIDIA TITAN X (Pascal)' (P:0 D:0)
[2017.05.23-10.59.03:715][  0]LogWindows: DebugString: FoundDriverCount:4 
[2017.05.23-10.59.03:715][  0]LogD3D11RHI:     Adapter Name: NVIDIA TITAN X (Pascal)
[2017.05.23-10.59.03:715][  0]LogD3D11RHI:   Driver Version: 381.65 (internal:22.21.13.8165, unified:381.65)
[2017.05.23-10.59.03:715][  0]LogD3D11RHI:      Driver Date: 3-31-2017
[2017.05.23-10.59.03:715][  0]LogRHI: Texture pool is 1361 MB (70% of 1945 MB)
[2017.05.23-10.59.04:325][  0]LogD3D11RHI: [Aftermath] Aftermath enabled and primed
[2017.05.23-10.59.04:325][  0]LogD3D11RHI: Async texture creation enabled
[2017.05.23-10.59.04:358][  0]LogD3D11RHI: GPU Timing Frequency: 1000.000000 (Debug: 2 2)
[2017.05.23-10.59.04:443][  0]LogShaderCompilers: Guid format shader working directory is -45 characters bigger than the processId version (../../../../../../LOCAL_PROJECTS/UNREAL/PROJECTS/Robotizer808Repo/Robotizer808/Robotizer808/Intermediate/Shaders/WorkingDirectory/8504/).
[2017.05.23-10.59.04:443][  0]LogShaderCompilers: Cleaned the shader compiler working directory 'C:/Users/andre/AppData/Local/Temp/UnrealShaderWorkingDir/A54709AB4E917AC33AAE99985C90616E/'.
[2017.05.23-10.59.04:443][  0]LogShaderCompilers:Display: Using Local Shader Compiler.
[2017.05.23-10.59.05:727][  0]LogTemp:Display: Loaded TP AllDesktopTargetPlatform
[2017.05.23-10.59.05:829][  0]LogTemp:Display: Loaded TP MacClientTargetPlatform
[2017.05.23-10.59.05:930][  0]LogTemp:Display: Loaded TP MacNoEditorTargetPlatform
[2017.05.23-10.59.06:031][  0]LogTemp:Display: Loaded TP MacServerTargetPlatform
[2017.05.23-10.59.06:135][  0]LogTemp:Display: Loaded TP MacTargetPlatform
[2017.05.23-10.59.06:238][  0]LogTemp:Display: Loaded TP WindowsClientTargetPlatform
[2017.05.23-10.59.06:340][  0]LogTemp:Display: Loaded TP WindowsNoEditorTargetPlatform
[2017.05.23-10.59.06:442][  0]LogTemp:Display: Loaded TP WindowsServerTargetPlatform
[2017.05.23-10.59.06:533][  0]LogTemp:Display: Loaded TP WindowsTargetPlatform
[2017.05.23-10.59.06:633][  0]LogTemp:Display: Loaded TP AndroidTargetPlatform
[2017.05.23-10.59.06:733][  0]LogTemp:Display: Loaded TP Android_ASTCTargetPlatform
[2017.05.23-10.59.06:837][  0]LogTemp:Display: Loaded TP Android_ATCTargetPlatform
[2017.05.23-10.59.06:939][  0]LogTemp:Display: Loaded TP Android_DXTTargetPlatform
[2017.05.23-10.59.07:040][  0]LogTemp:Display: Loaded TP Android_ETC1TargetPlatform
[2017.05.23-10.59.07:157][  0]LogTemp:Display: Loaded TP Android_ETC2TargetPlatform
[2017.05.23-10.59.07:365][  0]LogTemp:Display: Loaded TP Android_MultiTargetPlatform
[2017.05.23-10.59.07:365][  0]LogTemp:Display: Loaded TP Android_PVRTCTargetPlatform
[2017.05.23-10.59.07:451][  0]LogTemp:Display: Loaded TP HTML5TargetPlatform
[2017.05.23-10.59.07:627][  0]LogTemp:Display: Loaded TP IOSTargetPlatform
[2017.05.23-10.59.07:690][  0]LogTemp:Display: Loaded TP TVOSTargetPlatform
[2017.05.23-10.59.07:800][  0]LogTemp:Display: Loaded TP LinuxClientTargetPlatform
[2017.05.23-10.59.07:900][  0]LogTemp:Display: Loaded TP LinuxNoEditorTargetPlatform
[2017.05.23-10.59.08:001][  0]LogTemp:Display: Loaded TP LinuxServerTargetPlatform
[2017.05.23-10.59.08:102][  0]LogTemp:Display: Loaded TP LinuxTargetPlatform
[2017.05.23-10.59.08:102][  0]LogTargetPlatformManager:Display: Building Assets For Windows
[2017.05.23-10.59.09:073][  0]LogDerivedDataCache:Display: Max Cache Size: 512 MB
[2017.05.23-10.59.09:126][  0]LogDerivedDataCache: Loaded boot cache 0.05s 50MB C:/Users/andre/AppData/Local/UnrealEngine/4.15/DerivedDataCache/Boot.ddc.
[2017.05.23-10.59.09:126][  0]LogDerivedDataCache:Display: Loaded Boot cache: C:/Users/andre/AppData/Local/UnrealEngine/4.15/DerivedDataCache/Boot.ddc
[2017.05.23-10.59.09:126][  0]LogDerivedDataCache: FDerivedDataBackendGraph:  Pak pak cache file ../../../../../../LOCAL_PROJECTS/UNREAL/PROJECTS/Robotizer808Repo/Robotizer808/Robotizer808/DerivedDataCache/DDC.ddp not found, will not use a pak cache.
[2017.05.23-10.59.09:126][  0]LogDerivedDataCache: Unable to find inner node Pak for hierarchical cache Hierarchy.
[2017.05.23-10.59.09:126][  0]LogDerivedDataCache: FDerivedDataBackendGraph:  CompressedPak pak cache file ../../../../../../LOCAL_PROJECTS/UNREAL/PROJECTS/Robotizer808Repo/Robotizer808/Robotizer808/DerivedDataCache/Compressed.ddp not found, will not use a pak cache.
[2017.05.23-10.59.09:126][  0]LogDerivedDataCache: Unable to find inner node CompressedPak for hierarchical cache Hierarchy.
[2017.05.23-10.59.09:143][  0]LogDerivedDataCache:Display: Pak cache opened for reading ../../../Engine/DerivedDataCache/Compressed.ddp.
[2017.05.23-10.59.09:156][  0]LogDerivedDataCache: Using Local data cache path C:/Users/andre/AppData/Local/UnrealEngine/Common/DerivedDataCache: Writable
[2017.05.23-10.59.09:164][  0]LogSlate: Using Freetype 2.6.0
[2017.05.23-10.59.09:166][  0]LogSlate: SlateFontCache - WITH_FREETYPE: 1, WITH_HARFBUZZ: 1
[2017.05.23-10.59.09:166][  0]LogSlate: SlateFontCache - WITH_FREETYPE: 1, WITH_HARFBUZZ: 1
[2017.05.23-10.59.09:484][  0]LogInit: Selected Device Profile: [Windows]
[2017.05.23-10.59.09:486][  0]LogContentStreaming: Texture pool size is 0.00 MB
[2017.05.23-10.59.09:837][  0]LogMeshUtilities: Using QuadricMeshReduction for automatic static mesh reduction
[2017.05.23-10.59.09:933][  0]LogSimplygon: Simplygon DLL not present - disabling.
[2017.05.23-10.59.10:034][  0]LogMeshUtilities: Using SimplygonSwarm for distributed automatic mesh merging
[2017.05.23-10.59.10:034][  0]LogMeshUtilities: No automatic skeletal mesh reduction module available
[2017.05.23-10.59.10:034][  0]LogMeshUtilities: No automatic mesh merging module available
[2017.05.23-10.59.10:728][  0]LogNetVersion: GetLocalNetworkVersion: CL: 3299760, ProjectName: robotizer808, ProjectVersion: , EngineNetworkVersion: 2, GameNetworkVersion: 0, NetworkChecksum: 3630192969
[2017.05.23-10.59.10:797][  0]LogAssetRegistry: FAssetRegistry took 0.0223 seconds to start up
[2017.05.23-10.59.10:888][  0]LogPackageLocalizationCache: Processed 3 localized package path(s) for 2 prioritized culture(s) in 0.042050 seconds
[2017.05.23-10.59.10:894][  0]LogUObjectArray: 32493 objects as part of root set at end of initial load.
[2017.05.23-10.59.10:894][  0]LogUObjectAllocator: 7077024 out of 0 bytes used by permanent object pool.
[2017.05.23-10.59.10:894][  0]LogUObjectArray: CloseDisregardForGC: 0/0 objects in disregard for GC pool
[2017.05.23-10.59.11:033][  0]LogInit: WinSock: version 1.1 (2.2), MaxSocks=32767, MaxUdp=65467
[2017.05.23-10.59.14:221][  0]LogTcpMessaging: Initializing TcpMessaging bridge
[2017.05.23-10.59.14:295][  0]LogUdpMessaging: Initializing bridge on interface 0.0.0.0:0 to multicast group 230.0.0.1:6666.
[2017.05.23-10.59.15:329][  0]LogMaterial: Uniform references updated for custom material expression Custom.
[2017.05.23-10.59.16:077][  0]SourceControl: Info Source control is disabled
[2017.05.23-10.59.16:120][  0]SourceControl: Info Source control is disabled
[2017.05.23-10.59.16:228][  0]SourceControl: Info Source control is disabled
[2017.05.23-10.59.16:332][  0]SourceControl: Info Source control is disabled
[2017.05.23-10.59.19:039][  0]LogEngine: Initializing Engine...
[2017.05.23-10.59.19:073][  0]LogHMD: Failed to initialize OpenVR with code 108
[2017.05.23-10.59.19:184][  0]LogStats: UGameplayTagsManager::ConstructGameplayTagTree: Construct from data asset -  0.000 s
[2017.05.23-10.59.19:184][  0]LogStats: UGameplayTagsManager::ConstructGameplayTagTree: GameplayTagTreeChangedEvent.Broadcast -  0.000 s
[2017.05.23-10.59.19:460][  0]LogAIModule: Creating AISystem for world Untitled
[2017.05.23-10.59.19:483][  0]LogInit: XAudio2 using 'EV2736W-0 (NVIDIA High Definition Audio)' : 2 channels at 48 kHz using 16 bits per sample (channel mask 0x3)
[2017.05.23-10.59.19:507][  0]LogInit: FAudioDevice initialized.
[2017.05.23-10.59.19:530][  0]LogDerivedDataCache: Saved boot cache 0.02s 50MB C:/Users/andre/AppData/Local/UnrealEngine/4.15/DerivedDataCache/Boot.ddc.
[2017.05.23-10.59.19:534][  0]LogInit: Texture streaming: Enabled
[2017.05.23-10.59.19:728][  0]LogEngineSessionManager: EngineSessionManager initialized
[2017.05.23-10.59.19:918][  0]LogInit: Transaction tracking system initialized
[2017.05.23-10.59.20:682][  0]BlueprintLog: New page: Editor Load
[2017.05.23-10.59.22:605][  0]LocalizationService: Info Localization service is disabled
[2017.05.23-10.59.24:094][  0]LogConsoleResponse:Display: 
[2017.05.23-10.59.24:246][  0]LogCook:Display: Max memory allowance for cook 16384mb min free memory 0mb
[2017.05.23-10.59.24:246][  0]LogCook:Display: Mobile HDR setting 1
[2017.05.23-10.59.25:039][  0]LogFileCache: Scanning file cache for directory 'C:/LOCAL_PROJECTS/UNREAL/PROJECTS/Robotizer808Repo/Robotizer808/Robotizer808/Content/' took 0.02s
[2017.05.23-10.59.26:692][  0]SourceControl: Info Source control is disabled
[2017.05.23-10.59.26:692][  0]LogEditorServer:Warning: Can't find file '../../../../../../LOCAL_PROJECTS/UNREAL/PROJECTS/Robotizer808Repo/Robotizer808/Robotizer808/Content/SideScrollerBP/Maps/SideScrollerExampleMap.umap'
[2017.05.23-10.59.26:692][  0]Cmd: MAP CHECKDEP NOCLEARLOG
[2017.05.23-10.59.26:783][  0]MapCheck: Info Map check complete: 0 Error(s), 0 Warning(s), took 90.462ms to complete.
[2017.05.23-10.59.26:783][  0]LogFileHelpers: Loading map 'SideScrollerExampleMap' took 0.091
[2017.05.23-10.59.27:001][  0]LogCollectionManager: Loaded 0 collections in 0.001807 seconds
[2017.05.23-10.59.27:137][  0]LogFileCache: Scanning file cache for directory 'C:/LOCAL_PROJECTS/UNREAL/PROJECTS/Robotizer808Repo/Robotizer808/Robotizer808/Saved/Collections/' took 0.01s
[2017.05.23-10.59.27:137][  0]LogFileCache: Scanning file cache for directory 'C:/LOCAL_PROJECTS/UNREAL/PROJECTS/Robotizer808Repo/Robotizer808/Robotizer808/Content/Developers/andre/Collections/' took 0.01s
[2017.05.23-10.59.27:137][  0]LogFileCache: Scanning file cache for directory 'C:/LOCAL_PROJECTS/UNREAL/PROJECTS/Robotizer808Repo/Robotizer808/Robotizer808/Content/Collections/' took 0.01s
[2017.05.23-10.59.27:137][  0]LogCollectionManager: Rebuilt the GUID cache for 0 collections in 0.000001 seconds
[2017.05.23-10.59.27:145][  0]LogContentBrowser: Native class hierarchy populated in 0.0081 seconds. Added 2245 classes and 453 folders.
[2017.05.23-10.59.27:287][  0]LogContentBrowser: Native class hierarchy updated for 'WidgetCarousel' in 0.0006 seconds. Added 0 classes and 0 folders.
[2017.05.23-10.59.27:369][  0]LogContentBrowser: Native class hierarchy updated for 'AddContentDialog' in 0.0006 seconds. Added 0 classes and 0 folders.
[2017.05.23-10.59.27:476][  0]LogContentBrowser: Native class hierarchy updated for 'SceneOutliner' in 0.0006 seconds. Added 1 classes and 2 folders.
[2017.05.23-10.59.27:596][  0]LogCrashTracker: Crashtracker disabled due to settings.
[2017.05.23-10.59.27:602][  0]LogUObjectGlobals:Warning: Failed to find object 'Class None.'
[2017.05.23-10.59.27:717][  0]LogContentBrowser: Native class hierarchy updated for 'HierarchicalLODOutliner' in 0.0006 seconds. Added 1 classes and 2 folders.
[2017.05.23-10.59.27:717][  0]LogLoad: (Engine Initialization) Total time: 28.67 seconds
[2017.05.23-10.59.27:717][  0]LogLoad: (Engine Initialization) Total Blueprint compile time: 0.09 seconds
[2017.05.23-10.59.27:717][  0]LogExternalProfiler: Found external profiler: VSPerf
[2017.05.23-10.59.27:717][  0]LogExternalProfiler: Using external profiler: VSPerf
[2017.05.23-10.59.28:056][  0]LogOcInput: OculusInput pre-init called
[2017.05.23-10.59.28:076][  0]LogContentStreaming: Texture pool size now 1000 MB
[2017.05.23-10.59.28:077][  0]LogSlate: Took 0.000344 seconds to synchronously load lazily loaded font '../../../Engine/Content/Slate/Fonts/Roboto-Regular.ttf' (155K)
[2017.05.23-10.59.28:082][  0]LogSlate: Took 0.000482 seconds to synchronously load lazily loaded font '../../../Engine/Content/Slate/Fonts/Roboto-Bold.ttf' (160K)
[2017.05.23-10.59.28:087][  0]LogSlate: Took 0.000276 seconds to synchronously load lazily loaded font '../../../Engine/Content/Editor/Slate/Fonts/FontAwesome.ttf' (139K)
[2017.05.23-10.59.28:250][  0]LogRenderer: Reallocating scene render targets to support 1464x780 NumSamples 1 (Frame:2).
[2017.05.23-10.59.28:397][  1]LogAssetRegistry: Asset discovery search completed in 17.6231 seconds
[2017.05.23-10.59.28:398][  1]LogCollectionManager: Rebuilt the object cache for 0 collections in 0.000005 seconds (found 0 objects)
[2017.05.23-10.59.28:398][  1]LogCollectionManager: Fixed up redirectors for 0 collections in 0.000018 seconds (updated 0 objects)
[2017.05.23-10.59.29:059][  3]LogSlate: Took 0.000390 seconds to synchronously load lazily loaded font '../../../Engine/Content/Slate/Fonts/Roboto-Light.ttf' (159K)
[2017.05.23-10.59.39:132][190]LogSlate: Took 0.000316 seconds to synchronously load lazily loaded font '../../../Engine/Content/Slate/Fonts/Roboto-Light.ttf' (159K)
[2017.05.23-10.59.39:802][190]LogAIModule: Creating AISystem for world Level02_DEV
[2017.05.23-10.59.39:820][190]LogAudioDerivedData:Display: Building compressed audio format OGG wave c5_sinus_UE_short...
[2017.05.23-10.59.39:854][190]Cmd: MAP LOAD FILE="../../../../../../LOCAL_PROJECTS/UNREAL/PROJECTS/Robotizer808Repo/Robotizer808/Robotizer808/Content/SideScrollerBP/Maps/Level02_DEV.umap" TEMPLATE=0 SHOWPROGRESS=1 FEATURELEVEL=3
[2017.05.23-10.59.39:854][190]LightingResults: New page: Lighting Build
[2017.05.23-10.59.39:943][190]LogContentBrowser: Native class hierarchy updated for 'StatsViewer' in 0.0006 seconds. Added 5 classes and 0 folders.
[2017.05.23-10.59.39:945][190]LoadErrors: New page: Loading map: Level02_DEV.umap
[2017.05.23-10.59.39:945][190]MapCheck: New page: Map Check
[2017.05.23-10.59.39:945][190]LightingResults: New page: Lighting Build
[2017.05.23-10.59.40:032][190]LogEditorServer: Finished looking for orphan Actors (0.000 secs)
[2017.05.23-10.59.40:050][190]Cmd: MAP CHECKDEP NOCLEARLOG
[2017.05.23-10.59.40:160][190]MapCheck: Info Map check complete: 0 Error(s), 0 Warning(s), took 110.458ms to complete.
[2017.05.23-10.59.40:160][190]LogFileHelpers: Loading map 'Level02_DEV' took 0.307
[2017.05.23-10.59.41:638][267]LogTemp: Repeting last play command: Selected Viewport
[2017.05.23-10.59.41:653][267]LogBlueprintUserMessages: Early PlayInEditor Detection: Level '/Game/SideScrollerBP/Maps/Level02_DEV.Level02_DEV:PersistentLevel' has LevelScriptBlueprint '/Game/SideScrollerBP/Maps/Level02_DEV.Level02_DEV:PersistentLevel.Level02_DEV' with GeneratedClass '/Game/SideScrollerBP/Maps/Level02_DEV.Level02_DEV_C' with ClassGeneratedBy '/Game/SideScrollerBP/Maps/Level02_DEV.Level02_DEV:PersistentLevel.Level02_DEV'
[2017.05.23-10.59.41:653][267]LogPlayLevel: PlayLevel: No blueprints needed recompiling
[2017.05.23-10.59.41:653][267]PIE: New page: PIE session: Level02_DEV (May 23, 2017, 2:59:41 PM)
[2017.05.23-10.59.41:653][267]LogPlayLevel: Creating play world package: /Game/SideScrollerBP/Maps/UEDPIE_0_Level02_DEV
[2017.05.23-10.59.41:677][267]LogPlayLevel: PIE: StaticDuplicateObject took: (0.024423s)
[2017.05.23-10.59.41:678][267]LogAIModule: Creating AISystem for world Level02_DEV
[2017.05.23-10.59.41:678][267]LogPlayLevel: PIE: World Init took: (0.000728s)
[2017.05.23-10.59.41:678][267]LogPlayLevel: PIE: Created PIE world by copying editor world from /Game/SideScrollerBP/Maps/Level02_DEV.Level02_DEV to /Game/SideScrollerBP/Maps/UEDPIE_0_Level02_DEV.Level02_DEV (0.025372s)
[2017.05.23-10.59.41:704][267]LogInit: XAudio2 using 'EV2736W-0 (NVIDIA High Definition Audio)' : 2 channels at 48 kHz using 16 bits per sample (channel mask 0x3)
[2017.05.23-10.59.41:712][267]LogInit: FAudioDevice initialized.
[2017.05.23-10.59.41:758][267]LogLoad: Game class is 'SideScrollerGameMode_C'
[2017.05.23-10.59.41:761][267]LogWorld: Bringing World /Game/SideScrollerBP/Maps/UEDPIE_0_Level02_DEV.Level02_DEV up for play (max tick rate 0) at 2017.05.23-12.59.41
[2017.05.23-10.59.41:762][267]LogWorld: Bringing up level for play took: 0.002227
[2017.05.23-10.59.41:850][267]LogContentBrowser: Native class hierarchy updated for 'MovieSceneCapture' in 0.0007 seconds. Added 11 classes and 0 folders.
[2017.05.23-10.59.41:851][267]PIE: Info Play in editor start time for /Game/SideScrollerBP/Maps/UEDPIE_0_Level02_DEV 0.937
[2017.05.23-10.59.41:851][267]LogBlueprintUserMessages: Late PlayInEditor Detection: Level '/Game/SideScrollerBP/Maps/Level02_DEV.Level02_DEV:PersistentLevel' has LevelScriptBlueprint '/Game/SideScrollerBP/Maps/Level02_DEV.Level02_DEV:PersistentLevel.Level02_DEV' with GeneratedClass '/Game/SideScrollerBP/Maps/Level02_DEV.Level02_DEV_C' with ClassGeneratedBy '/Game/SideScrollerBP/Maps/Level02_DEV.Level02_DEV:PersistentLevel.Level02_DEV'
[2017.05.23-10.59.47:654][606]LogBlueprintUserMessages: Early EndPlayMap Detection: Level '/Game/SideScrollerBP/Maps/Level02_DEV.Level02_DEV:PersistentLevel' has LevelScriptBlueprint '/Game/SideScrollerBP/Maps/Level02_DEV.Level02_DEV:PersistentLevel.Level02_DEV' with GeneratedClass '/Game/SideScrollerBP/Maps/Level02_DEV.Level02_DEV_C' with ClassGeneratedBy '/Game/SideScrollerBP/Maps/Level02_DEV.Level02_DEV:PersistentLevel.Level02_DEV'
[2017.05.23-10.59.47:711][606]LogBlueprintUserMessages: Late EndPlayMap Detection: Level '/Game/SideScrollerBP/Maps/Level02_DEV.Level02_DEV:PersistentLevel' has LevelScriptBlueprint '/Game/SideScrollerBP/Maps/Level02_DEV.Level02_DEV:PersistentLevel.Level02_DEV' with GeneratedClass '/Game/SideScrollerBP/Maps/Level02_DEV.Level02_DEV_C' with ClassGeneratedBy '/Game/SideScrollerBP/Maps/Level02_DEV.Level02_DEV:PersistentLevel.Level02_DEV'
[2017.05.23-10.59.57:799][ 58]LogAIModule: Creating AISystem for world Level01
[2017.05.23-10.59.57:842][ 58]Cmd: MAP LOAD FILE="../../../../../../LOCAL_PROJECTS/UNREAL/PROJECTS/Robotizer808Repo/Robotizer808/Robotizer808/Content/SideScrollerBP/Maps/Level01.umap" TEMPLATE=0 SHOWPROGRESS=1 FEATURELEVEL=3
[2017.05.23-10.59.57:842][ 58]LightingResults: New page: Lighting Build
[2017.05.23-10.59.57:844][ 58]LoadErrors: New page: Loading map: Level01.umap
[2017.05.23-10.59.57:844][ 58]MapCheck: New page: Map Check
[2017.05.23-10.59.57:845][ 58]LightingResults: New page: Lighting Build
[2017.05.23-10.59.57:977][ 58]LogEditorServer: Finished looking for orphan Actors (0.001 secs)
[2017.05.23-10.59.57:997][ 58]Cmd: MAP CHECKDEP NOCLEARLOG
[2017.05.23-10.59.58:126][ 58]MapCheck: Info Map check complete: 0 Error(s), 0 Warning(s), took 127.901ms to complete.
[2017.05.23-10.59.58:126][ 58]LogFileHelpers: Loading map 'Level01' took 0.285
[2017.05.23-11.00.01:277][239]LogAIModule: Creating AISystem for world Level02_DEV
[2017.05.23-11.00.43:123][326]LogSpawn:Warning: UWorld::DestroyActor: World has no context! World: Level02_sic, Actor: /Game/SideScrollerBP/Maps/Level02_sic.Level02_sic:PersistentLevel.Level01_C_2
[2017.05.23-11.00.43:164][326]LogAIModule: Creating AISystem for world Level02_sic
[2017.05.23-11.00.46:563][466]LogSavePackage: Save=34.79ms
[2017.05.23-11.00.46:563][466]LogSavePackage: Moving '../../../../../../LOCAL_PROJECTS/UNREAL/PROJECTS/Robotizer808Repo/Robotizer808/Robotizer808/Saved/SideScrollerCharacterBCE7951548A332B1BCAA34B0822D8A1D.tmp' to '../../../../../../LOCAL_PROJECTS/UNREAL/PROJECTS/Robotizer808Repo/Robotizer808/Robotizer808/Content/SideScrollerBP/Blueprints/SideScrollerCharacter.uasset'
[2017.05.23-11.00.46:569][466]LogSavePackage:Display: Finished SavePackage ../../../../../../LOCAL_PROJECTS/UNREAL/PROJECTS/Robotizer808Repo/Robotizer808/Robotizer808/Content/SideScrollerBP/Blueprints/SideScrollerCharacter.uasset
[2017.05.23-11.00.46:719][466]LogSpawn:Warning: UWorld::DestroyActor: World has no context! World: Level02_sic, Actor: /Game/SideScrollerBP/Maps/Level02_sic.Level02_sic:PersistentLevel.Level02_sic_C_0
[2017.05.23-11.00.46:972][466]LogSlate: Took 0.000276 seconds to synchronously load lazily loaded font '../../../Engine/Content/Slate/Fonts/Roboto-Regular.ttf' (155K)
[2017.05.23-11.00.46:998][466]LogSavePackage: Save=279.66ms
[2017.05.23-11.00.46:998][466]LogSavePackage: Moving '../../../../../../LOCAL_PROJECTS/UNREAL/PROJECTS/Robotizer808Repo/Robotizer808/Robotizer808/Saved/Level02_sic7578C565444505B927DAA59BA864DE90.tmp' to '../../../../../../LOCAL_PROJECTS/UNREAL/PROJECTS/Robotizer808Repo/Robotizer808/Robotizer808/Content/SideScrollerBP/Maps/Level02_sic.umap'
[2017.05.23-11.00.47:003][466]LogSavePackage:Display: Finished SavePackage ../../../../../../LOCAL_PROJECTS/UNREAL/PROJECTS/Robotizer808Repo/Robotizer808/Robotizer808/Content/SideScrollerBP/Maps/Level02_sic.umap
[2017.05.23-11.00.47:013][466]LogFileHelpers: Saving map 'Level02_sic' took 0.445
[2017.05.23-11.00.47:015][466]Cmd: MAP LOAD FILE="../../../../../../LOCAL_PROJECTS/UNREAL/PROJECTS/Robotizer808Repo/Robotizer808/Robotizer808/Content/SideScrollerBP/Maps/Level02_sic.umap" TEMPLATE=0 SHOWPROGRESS=1 FEATURELEVEL=3
[2017.05.23-11.00.47:015][466]LightingResults: New page: Lighting Build
[2017.05.23-11.00.47:016][466]LoadErrors: New page: Loading map: Level02_sic.umap
[2017.05.23-11.00.47:017][466]MapCheck: New page: Map Check
[2017.05.23-11.00.47:017][466]LightingResults: New page: Lighting Build
[2017.05.23-11.00.47:169][466]LogEditorServer: Finished looking for orphan Actors (0.000 secs)
[2017.05.23-11.00.47:186][466]Cmd: MAP CHECKDEP NOCLEARLOG
[2017.05.23-11.00.47:301][466]MapCheck: Info Map check complete: 0 Error(s), 0 Warning(s), took 114.98ms to complete.
[2017.05.23-11.00.47:302][466]LogFileHelpers: Loading map 'Level02_sic' took 0.287
[2017.05.23-11.00.50:050][577]LogSavePackage: Save=224.18ms
[2017.05.23-11.00.50:050][577]LogSavePackage: Moving '../../../../../../LOCAL_PROJECTS/UNREAL/PROJECTS/Robotizer808Repo/Robotizer808/Robotizer808/Saved/Level02_sic42DE9B6345A0B7A2B28BB1B160082218.tmp' to '../../../../../../LOCAL_PROJECTS/UNREAL/PROJECTS/Robotizer808Repo/Robotizer808/Robotizer808/Content/SideScrollerBP/Maps/Level02_sic.umap'
[2017.05.23-11.00.50:056][577]LogSavePackage:Display: Finished SavePackage ../../../../../../LOCAL_PROJECTS/UNREAL/PROJECTS/Robotizer808Repo/Robotizer808/Robotizer808/Content/SideScrollerBP/Maps/Level02_sic.umap
[2017.05.23-11.00.50:075][577]LogFileHelpers: Saving map 'Level02_sic' took 0.407
[2017.05.23-11.00.50:077][577]Cmd: MAP LOAD FILE="../../../../../../LOCAL_PROJECTS/UNREAL/PROJECTS/Robotizer808Repo/Robotizer808/Robotizer808/Content/SideScrollerBP/Maps/Level02_sic.umap" TEMPLATE=0 SHOWPROGRESS=1 FEATURELEVEL=3
[2017.05.23-11.00.50:078][577]LightingResults: New page: Lighting Build
[2017.05.23-11.00.50:079][577]LoadErrors: New page: Loading map: Level02_sic.umap
[2017.05.23-11.00.50:080][577]MapCheck: New page: Map Check
[2017.05.23-11.00.50:080][577]LightingResults: New page: Lighting Build
[2017.05.23-11.00.50:148][577]LogAIModule: Creating AISystem for world Level02_sic
[2017.05.23-11.00.50:297][577]LogEditorServer: Finished looking for orphan Actors (0.000 secs)
[2017.05.23-11.00.50:319][577]Cmd: MAP CHECKDEP NOCLEARLOG
[2017.05.23-11.00.50:449][577]MapCheck: Info Map check complete: 0 Error(s), 0 Warning(s), took 129.892ms to complete.
[2017.05.23-11.00.50:450][577]LogFileHelpers: Loading map 'Level02_sic' took 0.373
[2017.05.23-11.00.51:814][692]Cmd: MAP LOAD FILE="../../../../../../LOCAL_PROJECTS/UNREAL/PROJECTS/Robotizer808Repo/Robotizer808/Robotizer808/Content/SideScrollerBP/Maps/Level02_sic.umap" TEMPLATE=0 SHOWPROGRESS=1 FEATURELEVEL=3
[2017.05.23-11.00.51:814][692]LightingResults: New page: Lighting Build
[2017.05.23-11.00.51:815][692]LoadErrors: New page: Loading map: Level02_sic.umap
[2017.05.23-11.00.51:816][692]MapCheck: New page: Map Check
[2017.05.23-11.00.51:816][692]LightingResults: New page: Lighting Build
[2017.05.23-11.00.51:850][692]LogAIModule: Creating AISystem for world Level02_sic
[2017.05.23-11.00.52:030][692]LogEditorServer: Finished looking for orphan Actors (0.000 secs)
[2017.05.23-11.00.52:056][692]Cmd: MAP CHECKDEP NOCLEARLOG
[2017.05.23-11.00.52:166][692]MapCheck: Info Map check complete: 0 Error(s), 0 Warning(s), took 110.237ms to complete.
[2017.05.23-11.00.52:167][692]LogFileHelpers: Loading map 'Level02_sic' took 0.354
[2017.05.23-11.00.53:435][803]LogTemp: Repeting last play command: Selected Viewport
[2017.05.23-11.00.53:449][803]LogBlueprintUserMessages: Early PlayInEditor Detection: Level '/Game/SideScrollerBP/Maps/Level02_sic.Level02_sic:PersistentLevel' has LevelScriptBlueprint '/Game/SideScrollerBP/Maps/Level02_sic.Level02_sic:PersistentLevel.Level02_sic' with GeneratedClass '/Game/SideScrollerBP/Maps/Level02_sic.Level02_sic_C' with ClassGeneratedBy '/Game/SideScrollerBP/Maps/Level02_sic.Level02_sic:PersistentLevel.Level02_sic'
[2017.05.23-11.00.53:449][803]LogPlayLevel: PlayLevel: No blueprints needed recompiling
[2017.05.23-11.00.53:449][803]PIE: New page: PIE session: Level02_sic (May 23, 2017, 3:00:53 PM)
[2017.05.23-11.00.53:449][803]LogPlayLevel: Creating play world package: /Game/SideScrollerBP/Maps/UEDPIE_0_Level02_sic
[2017.05.23-11.00.53:477][803]LogPlayLevel: PIE: StaticDuplicateObject took: (0.027437s)
[2017.05.23-11.00.53:477][803]LogAIModule: Creating AISystem for world Level02_sic
[2017.05.23-11.00.53:478][803]LogPlayLevel: PIE: World Init took: (0.000804s)
[2017.05.23-11.00.53:478][803]LogPlayLevel: PIE: Created PIE world by copying editor world from /Game/SideScrollerBP/Maps/Level02_sic.Level02_sic to /Game/SideScrollerBP/Maps/UEDPIE_0_Level02_sic.Level02_sic (0.028494s)
[2017.05.23-11.00.53:541][803]LogInit: XAudio2 using 'EV2736W-0 (NVIDIA High Definition Audio)' : 2 channels at 48 kHz using 16 bits per sample (channel mask 0x3)
[2017.05.23-11.00.53:550][803]LogInit: FAudioDevice initialized.
[2017.05.23-11.00.53:578][803]LogLoad: Game class is 'SideScrollerGameMode_C'
[2017.05.23-11.00.53:582][803]LogWorld: Bringing World /Game/SideScrollerBP/Maps/UEDPIE_0_Level02_sic.Level02_sic up for play (max tick rate 0) at 2017.05.23-13.00.53
[2017.05.23-11.00.53:582][803]LogWorld: Bringing up level for play took: 0.002815
[2017.05.23-11.00.53:583][803]LogScriptCore:Warning: Script Msg: Attempted to access index 3 from array TextureArray of length 3!
[2017.05.23-11.00.53:583][803]PIE: Info Play in editor start time for /Game/SideScrollerBP/Maps/UEDPIE_0_Level02_sic 0.67
[2017.05.23-11.00.53:584][803]LogBlueprintUserMessages: Late PlayInEditor Detection: Level '/Game/SideScrollerBP/Maps/Level02_sic.Level02_sic:PersistentLevel' has LevelScriptBlueprint '/Game/SideScrollerBP/Maps/Level02_sic.Level02_sic:PersistentLevel.Level02_sic' with GeneratedClass '/Game/SideScrollerBP/Maps/Level02_sic.Level02_sic_C' with ClassGeneratedBy '/Game/SideScrollerBP/Maps/Level02_sic.Level02_sic:PersistentLevel.Level02_sic'
[2017.05.23-11.01.20:797][477]LogBlueprintUserMessages: [SideScrollerCharacter_78] Hello
[2017.05.23-11.01.39:584][448]LogBlueprintUserMessages: Early EndPlayMap Detection: Level '/Game/SideScrollerBP/Maps/Level02_sic.Level02_sic:PersistentLevel' has LevelScriptBlueprint '/Game/SideScrollerBP/Maps/Level02_sic.Level02_sic:PersistentLevel.Level02_sic' with GeneratedClass '/Game/SideScrollerBP/Maps/Level02_sic.Level02_sic_C' with ClassGeneratedBy '/Game/SideScrollerBP/Maps/Level02_sic.Level02_sic:PersistentLevel.Level02_sic'
[2017.05.23-11.01.39:616][448]LogBlueprintUserMessages: Late EndPlayMap Detection: Level '/Game/SideScrollerBP/Maps/Level02_sic.Level02_sic:PersistentLevel' has LevelScriptBlueprint '/Game/SideScrollerBP/Maps/Level02_sic.Level02_sic:PersistentLevel.Level02_sic' with GeneratedClass '/Game/SideScrollerBP/Maps/Level02_sic.Level02_sic_C' with ClassGeneratedBy '/Game/SideScrollerBP/Maps/Level02_sic.Level02_sic:PersistentLevel.Level02_sic'
[2017.05.23-11.01.45:363][668]LogWindowsTextInputMethodSystem:Display: IME system now deactivated.
[2017.05.23-11.01.45:363][668]LogWindowsTextInputMethodSystem:Display: IME system now deactivated.
[2017.05.23-11.01.45:552][669]Cmd: QUIT_EDITOR
[2017.05.23-11.01.45:708][669]LogExit: Preparing to exit.
[2017.05.23-11.01.46:467][669]LogDirectoryWatcher: A directory notification for 'C:/LOCAL_PROJECTS/UNREAL/PROJECTS/Robotizer808Repo/Robotizer808/Robotizer808/Content/' was aborted.
[2017.05.23-11.01.46:486][669]LogExit: Editor shut down
[2017.05.23-11.01.46:486][669]LogExit: Transaction tracking system shut down
[2017.05.23-11.01.46:542][669]LogObj: Freed 0b from 0 cluster array pools.
[2017.05.23-11.01.46:542][669]LogExit: Object subsystem successfully closed.
[2017.05.23-11.01.46:564][669]LogD3D11RHI: Shutdown
[2017.05.23-11.01.46:564][669]LogD3D11RHI: CleanupD3DDevice
[2017.05.23-11.01.46:677][669]LogD3D11RHI: ~FD3D11DynamicRHI
[2017.05.23-11.01.46:709][669]LogModuleManager: Shutting down and abandoning module MovieSceneCapture (500)
[2017.05.23-11.01.46:709][669]LogModuleManager: Shutting down and abandoning module StatsViewer (498)
[2017.05.23-11.01.46:709][669]LogModuleManager: Shutting down and abandoning module HierarchicalLODOutliner (496)
[2017.05.23-11.01.46:709][669]LogModuleManager: Shutting down and abandoning module CrashTracker (494)
[2017.05.23-11.01.46:709][669]LogModuleManager: Shutting down and abandoning module SceneOutliner (492)
[2017.05.23-11.01.46:709][669]LogModuleManager: Shutting down and abandoning module AddContentDialog (490)
[2017.05.23-11.01.46:709][669]LogDirectoryWatcher: A directory notification for 'C:/Program Files/Epic Games/UE_4.15/FeaturePacks/' was aborted.
[2017.05.23-11.01.46:709][669]LogModuleManager: Shutting down and abandoning module WidgetCarousel (489)
[2017.05.23-11.01.46:709][669]LogModuleManager: Shutting down and abandoning module EditorWidgets (486)
[2017.05.23-11.01.46:709][669]LogModuleManager: Shutting down and abandoning module CollectionManager (484)
[2017.05.23-11.01.46:709][669]LogDirectoryWatcher: A directory notification for 'C:/LOCAL_PROJECTS/UNREAL/PROJECTS/Robotizer808Repo/Robotizer808/Robotizer808/Content/Collections/' was aborted.
[2017.05.23-11.01.46:710][669]LogDirectoryWatcher: A directory notification for 'C:/LOCAL_PROJECTS/UNREAL/PROJECTS/Robotizer808Repo/Robotizer808/Robotizer808/Content/Developers/andre/Collections/' was aborted.
[2017.05.23-11.01.46:710][669]LogDirectoryWatcher: A directory notification for 'C:/LOCAL_PROJECTS/UNREAL/PROJECTS/Robotizer808Repo/Robotizer808/Robotizer808/Saved/Collections/' was aborted.
[2017.05.23-11.01.46:710][669]LogModuleManager: Shutting down and abandoning module FoliageEdit (482)
[2017.05.23-11.01.46:710][669]LogModuleManager: Shutting down and abandoning module LandscapeEditor (480)
[2017.05.23-11.01.46:710][669]LogModuleManager: Shutting down and abandoning module SceneDepthPickerMode (478)
[2017.05.23-11.01.46:710][669]LogModuleManager: Shutting down and abandoning module ActorPickerMode (476)
[2017.05.23-11.01.46:710][669]LogModuleManager: Shutting down and abandoning module GeometryMode (474)
[2017.05.23-11.01.46:710][669]LogModuleManager: Shutting down and abandoning module TextureAlignMode (472)
[2017.05.23-11.01.46:710][669]LogModuleManager: Shutting down and abandoning module BspMode (470)
[2017.05.23-11.01.46:710][669]LogModuleManager: Shutting down and abandoning module HardwareSurvey (468)
[2017.05.23-11.01.46:710][669]LogModuleManager: Shutting down and abandoning module SequenceRecorderSections (466)
[2017.05.23-11.01.46:710][669]LogModuleManager: Shutting down and abandoning module AutomationWorker (464)
[2017.05.23-11.01.46:710][669]LogModuleManager: Shutting down and abandoning module MatineeToLevelSequence (462)
[2017.05.23-11.01.46:710][669]LogModuleManager: Shutting down and abandoning module LevelSequenceEditor (460)
[2017.05.23-11.01.46:710][669]LogModuleManager: Shutting down and abandoning module PlacementMode (459)
[2017.05.23-11.01.46:710][669]LogModuleManager: Shutting down and abandoning module WmfMediaFactory (456)
[2017.05.23-11.01.46:710][669]LogModuleManager: Shutting down and abandoning module WmfMediaEditor (454)
[2017.05.23-11.01.46:710][669]LogModuleManager: Shutting down and abandoning module MfMediaFactory (452)
[2017.05.23-11.01.46:710][669]LogModuleManager: Shutting down and abandoning module MfMediaEditor (450)
[2017.05.23-11.01.46:710][669]LogModuleManager: Shutting down and abandoning module AvfMediaFactory (448)
[2017.05.23-11.01.46:710][669]LogModuleManager: Shutting down and abandoning module AvfMediaEditor (446)
[2017.05.23-11.01.46:710][669]LogModuleManager: Shutting down and abandoning module AndroidMediaFactory (444)
[2017.05.23-11.01.46:710][669]LogModuleManager: Shutting down and abandoning module Media (443)
[2017.05.23-11.01.46:710][669]LogModuleManager: Shutting down and abandoning module AndroidMediaEditor (440)
[2017.05.23-11.01.46:710][669]LogModuleManager: Shutting down and abandoning module CharacterAI (438)
[2017.05.23-11.01.46:710][669]LogModuleManager: Shutting down and abandoning module AudioCapture (436)
[2017.05.23-11.01.46:710][669]LogModuleManager: Shutting down and abandoning module SequenceRecorder (435)
[2017.05.23-11.01.46:710][669]LogModuleManager: Shutting down and abandoning module SmartSnapping (432)
[2017.05.23-11.01.46:710][669]LogModuleManager: Shutting down and abandoning module SessionServices (430)
[2017.05.23-11.01.46:710][669]LogModuleManager: Shutting down and abandoning module ViewportSnapping (428)
[2017.05.23-11.01.46:710][669]LogModuleManager: Shutting down and abandoning module ViewportInteraction (426)
[2017.05.23-11.01.46:710][669]LogModuleManager: Shutting down and abandoning module LogVisualizer (424)
[2017.05.23-11.01.46:710][669]LogModuleManager: Shutting down and abandoning module IntroTutorials (422)
[2017.05.23-11.01.46:710][669]LogModuleManager: Shutting down and abandoning module GameProjectGeneration (421)
[2017.05.23-11.01.46:710][669]LogModuleManager: Shutting down and abandoning module EditorLiveStreaming (418)
[2017.05.23-11.01.46:710][669]LogModuleManager: Shutting down and abandoning module IOSPlatformEditor (416)
[2017.05.23-11.01.46:710][669]LogModuleManager: Shutting down and abandoning module HTML5PlatformEditor (414)
[2017.05.23-11.01.46:710][669]LogModuleManager: Shutting down and abandoning module AndroidPlatformEditor (412)
[2017.05.23-11.01.46:710][669]LogModuleManager: Shutting down and abandoning module AndroidDeviceDetection (411)
[2017.05.23-11.01.46:782][669]LogModuleManager: Shutting down and abandoning module IOSRuntimeSettings (408)
[2017.05.23-11.01.46:782][669]LogModuleManager: Shutting down and abandoning module AndroidRuntimeSettings (406)
[2017.05.23-11.01.46:782][669]LogModuleManager: Shutting down and abandoning module InputBindingEditor (404)
[2017.05.23-11.01.46:782][669]LogModuleManager: Shutting down and abandoning module NiagaraEditor (402)
[2017.05.23-11.01.46:782][669]LogModuleManager: Shutting down and abandoning module MergeActors (400)
[2017.05.23-11.01.46:782][669]LogModuleManager: Shutting down and abandoning module SizeMap (398)
[2017.05.23-11.01.46:782][669]LogModuleManager: Shutting down and abandoning module TreeMap (396)
[2017.05.23-11.01.46:782][669]LogModuleManager: Shutting down and abandoning module ReferenceViewer (394)
[2017.05.23-11.01.46:782][669]LogModuleManager: Shutting down and abandoning module LocalizationDashboard (392)
[2017.05.23-11.01.46:782][669]LogModuleManager: Shutting down and abandoning module LocalizationService (391)
[2017.05.23-11.01.46:782][669]LogModuleManager: Shutting down and abandoning module HardwareTargeting (388)
[2017.05.23-11.01.46:782][669]LogModuleManager: Shutting down and abandoning module DeviceProfileEditor (386)
[2017.05.23-11.01.46:782][669]LogModuleManager: Shutting down and abandoning module UndoHistory (384)
[2017.05.23-11.01.46:782][669]LogModuleManager: Shutting down and abandoning module UserFeedback (382)
[2017.05.23-11.01.46:782][669]LogModuleManager: Shutting down and abandoning module XmlParser (380)
[2017.05.23-11.01.46:782][669]LogModuleManager: Shutting down and abandoning module Blutility (378)
[2017.05.23-11.01.46:782][669]LogModuleManager: Shutting down and abandoning module ProjectSettingsViewer (376)
[2017.05.23-11.01.46:782][669]LogModuleManager: Shutting down and abandoning module ProjectTargetPlatformEditor (375)
[2017.05.23-11.01.46:782][669]LogModuleManager: Shutting down and abandoning module EditorSettingsViewer (372)
[2017.05.23-11.01.46:783][669]LogModuleManager: Shutting down and abandoning module SettingsEditor (370)
[2017.05.23-11.01.46:783][669]LogModuleManager: Shutting down and abandoning module ProjectLauncher (368)
[2017.05.23-11.01.46:783][669]LogModuleManager: Shutting down and abandoning module SessionFrontend (366)
[2017.05.23-11.01.46:783][669]LogModuleManager: Shutting down and abandoning module ProfilerClient (364)
[2017.05.23-11.01.46:783][669]LogModuleManager: Shutting down and abandoning module DeviceManager (362)
[2017.05.23-11.01.46:783][669]LogModuleManager: Shutting down and abandoning module TargetDeviceServices (361)
[2017.05.23-11.01.46:827][669]LogModuleManager: Shutting down and abandoning module AutomationController (358)
[2017.05.23-11.01.46:827][669]LogModuleManager: Shutting down and abandoning module AutomationWindow (356)
[2017.05.23-11.01.46:827][669]LogModuleManager: Shutting down and abandoning module Layers (354)
[2017.05.23-11.01.46:827][669]LogModuleManager: Shutting down and abandoning module ComponentVisualizers (352)
[2017.05.23-11.01.46:827][669]LogModuleManager: Shutting down and abandoning module DetailCustomizations (350)
[2017.05.23-11.01.46:827][669]LogModuleManager: Shutting down and abandoning module PackagesDialog (348)
[2017.05.23-11.01.46:827][669]LogModuleManager: Shutting down and abandoning module Persona (346)
[2017.05.23-11.01.46:827][669]LogModuleManager: Shutting down and abandoning module AnimGraph (345)
[2017.05.23-11.01.46:827][669]LogModuleManager: Shutting down and abandoning module Kismet (342)
[2017.05.23-11.01.46:828][669]LogModuleManager: Shutting down and abandoning module GraphEditor (340)
[2017.05.23-11.01.46:828][669]LogModuleManager: Shutting down and abandoning module ClassViewer (338)
[2017.05.23-11.01.46:828][669]LogModuleManager: Shutting down and abandoning module Toolbox (336)
[2017.05.23-11.01.46:828][669]LogModuleManager: Shutting down and abandoning module ModuleUI (334)
[2017.05.23-11.01.46:828][669]LogModuleManager: Shutting down and abandoning module MovieSceneTools (332)
[2017.05.23-11.01.46:828][669]LogModuleManager: Shutting down and abandoning module OutputLog (330)
[2017.05.23-11.01.46:828][669]LogModuleManager: Shutting down and abandoning module GammaUI (328)
[2017.05.23-11.01.46:828][669]LogModuleManager: Shutting down and abandoning module Documentation (326)
[2017.05.23-11.01.46:828][669]LogModuleManager: Shutting down and abandoning module Niagara (324)
[2017.05.23-11.01.46:828][669]LogModuleManager: Shutting down and abandoning module StreamingPauseRendering (322)
[2017.05.23-11.01.46:828][669]LogModuleManager: Shutting down and abandoning module AnalyticsET (320)
[2017.05.23-11.01.46:828][669]LogModuleManager: Shutting down and abandoning module PortalServices (318)
[2017.05.23-11.01.46:828][669]LogModuleManager: Shutting down and abandoning module PortalRpc (316)
[2017.05.23-11.01.46:828][669]LogModuleManager: Shutting down and abandoning module MessagingRpc (314)
[2017.05.23-11.01.46:828][669]LogModuleManager: Shutting down and abandoning module AIModule (312)
[2017.05.23-11.01.46:828][669]LogModuleManager: Shutting down and abandoning module GameplayDebugger (311)
[2017.05.23-11.01.46:828][669]LogModuleManager: Shutting down and abandoning module AITestSuite (309)
[2017.05.23-11.01.46:828][669]LogModuleManager: Shutting down and abandoning module ProfilerService (306)
[2017.05.23-11.01.46:994][669]LogModuleManager: Shutting down and abandoning module TaskGraph (304)
[2017.05.23-11.01.46:994][669]LogModuleManager: Shutting down and abandoning module SteamVRController (302)
[2017.05.23-11.01.46:994][669]LogModuleManager: Shutting down and abandoning module SteamVR (300)
[2017.05.23-11.01.46:994][669]LogModuleManager: Shutting down and abandoning module ProceduralMeshComponentEditor (298)
[2017.05.23-11.01.46:994][669]LogModuleManager: Shutting down and abandoning module ProceduralMeshComponent (296)
[2017.05.23-11.01.46:994][669]LogModuleManager: Shutting down and abandoning module OculusLibrary (294)
[2017.05.23-11.01.46:994][669]LogModuleManager: Shutting down and abandoning module OculusInput (292)
[2017.05.23-11.01.46:994][669]LogModuleManager: Shutting down and abandoning module MobilePatchingUtils (290)
[2017.05.23-11.01.46:994][669]LogModuleManager: Shutting down and abandoning module CustomMeshComponent (288)
[2017.05.23-11.01.46:994][669]LogModuleManager: Shutting down and abandoning module CableComponent (286)
[2017.05.23-11.01.46:994][669]LogModuleManager: Shutting down and abandoning module ArchVisCharacter (284)
[2017.05.23-11.01.46:994][669]LogModuleManager: Shutting down and abandoning module MediaPlayerEditor (280)
[2017.05.23-11.01.46:994][669]LogModuleManager: Shutting down and abandoning module HTML5Networking (278)
[2017.05.23-11.01.46:994][669]LogModuleManager: Shutting down and abandoning module AlembicImporter (276)
[2017.05.23-11.01.46:994][669]LogModuleManager: Shutting down and abandoning module AlembicLibrary (275)
[2017.05.23-11.01.46:994][669]LogModuleManager: Shutting down and abandoning module GeometryCache (274)
[2017.05.23-11.01.46:994][669]LogModuleManager: Shutting down and abandoning module GeometryCacheEd (273)
[2017.05.23-11.01.46:994][669]LogModuleManager: Shutting down and abandoning module SuperSearchEditor (268)
[2017.05.23-11.01.46:994][669]LogModuleManager: Shutting down and abandoning module SuperSearch (267)
[2017.05.23-11.01.46:994][669]LogModuleManager: Shutting down and abandoning module SpeedTreeImporter (264)
[2017.05.23-11.01.46:994][669]LogModuleManager: Shutting down and abandoning module PluginBrowser (262)
[2017.05.23-11.01.46:994][669]LogModuleManager: Shutting down and abandoning module MobileLauncherProfileWizard (260)
[2017.05.23-11.01.46:994][669]LogModuleManager: Shutting down and abandoning module EpicSurvey (258)
[2017.05.23-11.01.46:994][669]LogModuleManager: Shutting down and abandoning module VisualStudioSourceCodeAccess (256)
[2017.05.23-11.01.46:994][669]LogModuleManager: Shutting down and abandoning module DesktopPlatform (255)
[2017.05.23-11.01.46:994][669]LogModuleManager: Shutting down and abandoning module UObjectPlugin (252)
[2017.05.23-11.01.46:994][669]LogModuleManager: Shutting down and abandoning module SubversionSourceControl (250)
[2017.05.23-11.01.46:994][669]LogModuleManager: Shutting down and abandoning module PerforceSourceControl (248)
[2017.05.23-11.01.46:994][669]LogModuleManager: Shutting down and abandoning module GitSourceControl (246)
[2017.05.23-11.01.46:994][669]LogModuleManager: Shutting down and abandoning module SourceControl (245)
[2017.05.23-11.01.46:994][669]LogModuleManager: Shutting down and abandoning module LightPropagationVolumeEditor (242)
[2017.05.23-11.01.46:994][669]LogModuleManager: Shutting down and abandoning module PaperTiledImporter (240)
[2017.05.23-11.01.46:994][669]LogModuleManager: Shutting down and abandoning module PaperSpriteSheetImporter (238)
[2017.05.23-11.01.46:994][669]LogModuleManager: Shutting down and abandoning module Paper2DEditor (236)
[2017.05.23-11.01.46:996][669]LogModuleManager: Shutting down and abandoning module MeshPaint (235)
[2017.05.23-11.01.46:996][669]LogModuleManager: Shutting down and abandoning module LevelEditor (233)
[2017.05.23-11.01.46:996][669]LogModuleManager: Shutting down and abandoning module PixelInspectorModule (232)
[2017.05.23-11.01.46:996][669]LogModuleManager: Shutting down and abandoning module MainFrame (230)
[2017.05.23-11.01.46:996][669]LogModuleManager: Shutting down and abandoning module HotReload (229)
[2017.05.23-11.01.46:997][669]LogModuleManager: Shutting down and abandoning module ContentBrowser (225)
[2017.05.23-11.01.46:997][669]LogModuleManager: Shutting down and abandoning module PhysXVehiclesEditor (222)
[2017.05.23-11.01.46:997][669]LogModuleManager: Shutting down and abandoning module PhysXVehicles (220)
[2017.05.23-11.01.46:997][669]LogModuleManager: Shutting down and abandoning module LocationServicesBPLibrary (218)
[2017.05.23-11.01.46:997][669]LogModuleManager: Shutting down and abandoning module UdpMessaging (216)
[2017.05.23-11.01.47:099][669]LogModuleManager: Shutting down and abandoning module TcpMessaging (214)
[2017.05.23-11.01.47:260][669]LogModuleManager: Shutting down and abandoning module GameplayTagsEditor (212)
[2017.05.23-11.01.47:260][669]LogModuleManager: Shutting down and abandoning module FacialAnimationEditor (210)
[2017.05.23-11.01.47:260][669]LogModuleManager: Shutting down and abandoning module FacialAnimation (208)
[2017.05.23-11.01.47:260][669]LogModuleManager: Shutting down and abandoning module LightPropagationVolumeRuntime (206)
[2017.05.23-11.01.47:260][669]LogModuleManager: Shutting down and abandoning module Paper2D (204)
[2017.05.23-11.01.47:261][669]LogModuleManager: Shutting down and abandoning module WindowsMoviePlayer (202)
[2017.05.23-11.01.47:261][669]LogModuleManager: Shutting down and abandoning module WmfMedia (200)
[2017.05.23-11.01.47:261][669]LogModuleManager: Shutting down and abandoning module MfMedia (198)
[2017.05.23-11.01.47:261][669]LogModuleManager: Shutting down and abandoning module MediaAssets (196)
[2017.05.23-11.01.47:261][669]LogModuleManager: Shutting down and abandoning module GameLiveStreaming (194)
[2017.05.23-11.01.47:261][669]LogModuleManager: Shutting down and abandoning module VREditor (192)
[2017.05.23-11.01.47:261][669]LogModuleManager: Shutting down and abandoning module GameplayTasksEditor (190)
[2017.05.23-11.01.47:261][669]LogModuleManager: Shutting down and abandoning module BehaviorTreeEditor (188)
[2017.05.23-11.01.47:261][669]LogModuleManager: Shutting down and abandoning module FunctionalTesting (186)
[2017.05.23-11.01.47:261][669]LogModuleManager: Shutting down and abandoning module CollisionAnalyzer (184)
[2017.05.23-11.01.47:261][669]LogModuleManager: Shutting down and abandoning module UMG (182)
[2017.05.23-11.01.47:261][669]LogModuleManager: Shutting down and abandoning module UMGEditor (181)
[2017.05.23-11.01.47:261][669]LogModuleManager: Shutting down and abandoning module Sequencer (180)
[2017.05.23-11.01.47:261][669]LogModuleManager: Shutting down and abandoning module AssetTools (178)
[2017.05.23-11.01.47:261][669]LogModuleManager: Shutting down and abandoning module MessageLog (177)
[2017.05.23-11.01.47:261][669]LogModuleManager: Shutting down and abandoning module WorkspaceMenuStructure (176)
[2017.05.23-11.01.47:261][669]LogModuleManager: Shutting down and abandoning module SlateReflector (170)
[2017.05.23-11.01.47:261][669]LogModuleManager: Shutting down and abandoning module Slate (168)
[2017.05.23-11.01.47:261][669]LogModuleManager: Shutting down and abandoning module EditorStyle (166)
[2017.05.23-11.01.47:264][669]LogModuleManager: Shutting down and abandoning module SourceCodeAccess (164)
[2017.05.23-11.01.47:264][669]LogModuleManager: Shutting down and abandoning module HeadMountedDisplay (162)
[2017.05.23-11.01.47:264][669]LogModuleManager: Shutting down and abandoning module XAudio2 (160)
[2017.05.23-11.01.47:264][669]LogModuleManager: Shutting down and abandoning module Networking (158)
[2017.05.23-11.01.47:264][669]LogModuleManager: Shutting down and abandoning module Core (154)
[2017.05.23-11.01.47:264][669]LogModuleManager: Shutting down and abandoning module AssetRegistry (152)
[2017.05.23-11.01.47:407][669]LogDirectoryWatcher: A directory notification for '../../../Engine/Content/' was aborted.
[2017.05.23-11.01.47:407][669]LogDirectoryWatcher: A directory notification for '../../../../../../LOCAL_PROJECTS/UNREAL/PROJECTS/Robotizer808Repo/Robotizer808/Robotizer808/Content/' was aborted.
[2017.05.23-11.01.47:407][669]LogDirectoryWatcher: A directory notification for '../../../Engine/Plugins/2D/Paper2D/Content/' was aborted.
[2017.05.23-11.01.47:407][669]LogModuleManager: Shutting down and abandoning module DirectoryWatcher (151)
[2017.05.23-11.01.47:408][669]LogModuleManager: Shutting down and abandoning module KismetCompiler (148)
[2017.05.23-11.01.47:408][669]LogModuleManager: Shutting down and abandoning module PhysXFormats (146)
[2017.05.23-11.01.47:408][669]LogModuleManager: Shutting down and abandoning module MeshUtilities (144)
[2017.05.23-11.01.47:408][669]LogModuleManager: Shutting down and abandoning module SimplygonSwarm (143)
[2017.05.23-11.01.47:408][669]LogModuleManager: Shutting down and abandoning module SimplygonMeshReduction (141)
[2017.05.23-11.01.47:408][669]LogModuleManager: Shutting down and abandoning module QuadricMeshReduction (139)
[2017.05.23-11.01.47:408][669]LogModuleManager: Shutting down and abandoning module PropertyEditor (137)
[2017.05.23-11.01.47:408][669]LogModuleManager: Shutting down and abandoning module DerivedDataCache (134)
[2017.05.23-11.01.47:433][669]LogDerivedDataCache: Shutdown
[2017.05.23-11.01.47:433][669]LogModuleManager: Shutting down and abandoning module TargetPlatform (132)
[2017.05.23-11.01.47:433][669]LogModuleManager: Shutting down and abandoning module VulkanShaderFormat (131)
[2017.05.23-11.01.47:433][669]LogModuleManager: Shutting down and abandoning module ShaderFormatOpenGL (129)
[2017.05.23-11.01.47:433][669]LogModuleManager: Shutting down and abandoning module ShaderFormatD3D (127)
[2017.05.23-11.01.47:433][669]LogModuleManager: Shutting down and abandoning module MetalShaderFormat (125)
[2017.05.23-11.01.47:433][669]LogModuleManager: Shutting down and abandoning module TextureFormatUncompressed (123)
[2017.05.23-11.01.47:433][669]LogModuleManager: Shutting down and abandoning module TextureFormatPVR (121)
[2017.05.23-11.01.47:433][669]LogModuleManager: Shutting down and abandoning module TextureFormatDXT (119)
[2017.05.23-11.01.47:433][669]LogModuleManager: Shutting down and abandoning module TextureFormatIntelISPCTexComp (117)
[2017.05.23-11.01.47:433][669]LogModuleManager: Shutting down and abandoning module TextureFormatASTC (115)
[2017.05.23-11.01.47:433][669]LogModuleManager: Shutting down and abandoning module ImageWrapper (114)
[2017.05.23-11.01.47:433][669]LogModuleManager: Shutting down and abandoning module TextureFormatAndroid (111)
[2017.05.23-11.01.47:433][669]LogModuleManager: Shutting down and abandoning module AudioFormatOpus (109)
[2017.05.23-11.01.47:433][669]LogModuleManager: Shutting down and abandoning module AudioFormatOgg (107)
[2017.05.23-11.01.47:433][669]LogModuleManager: Shutting down and abandoning module AudioFormatADPCM (105)
[2017.05.23-11.01.47:433][669]LogModuleManager: Shutting down and abandoning module LinuxTargetPlatform (103)
[2017.05.23-11.01.47:433][669]LogModuleManager: Shutting down and abandoning module LinuxServerTargetPlatform (101)
[2017.05.23-11.01.47:433][669]LogModuleManager: Shutting down and abandoning module LinuxNoEditorTargetPlatform (99)
[2017.05.23-11.01.47:433][669]LogModuleManager: Shutting down and abandoning module LinuxClientTargetPlatform (97)
[2017.05.23-11.01.47:433][669]LogModuleManager: Shutting down and abandoning module TVOSTargetPlatform (95)
[2017.05.23-11.01.47:433][669]LogModuleManager: Shutting down and abandoning module Messaging (93)
[2017.05.23-11.01.47:433][669]LogModuleManager: Shutting down and abandoning module IOSTargetPlatform (91)
[2017.05.23-11.01.47:433][669]LogModuleManager: Shutting down and abandoning module HTML5TargetPlatform (89)
[2017.05.23-11.01.47:433][669]LogModuleManager: Shutting down and abandoning module Android_PVRTCTargetPlatform (87)
[2017.05.23-11.01.47:433][669]LogModuleManager: Shutting down and abandoning module Android_MultiTargetPlatform (85)
[2017.05.23-11.01.47:433][669]LogModuleManager: Shutting down and abandoning module Android_ETC2TargetPlatform (83)
[2017.05.23-11.01.47:433][669]LogModuleManager: Shutting down and abandoning module Android_ETC1TargetPlatform (81)
[2017.05.23-11.01.47:433][669]LogModuleManager: Shutting down and abandoning module Android_DXTTargetPlatform (79)
[2017.05.23-11.01.47:433][669]LogModuleManager: Shutting down and abandoning module Android_ATCTargetPlatform (77)
[2017.05.23-11.01.47:433][669]LogModuleManager: Shutting down and abandoning module Android_ASTCTargetPlatform (75)
[2017.05.23-11.01.47:433][669]LogModuleManager: Shutting down and abandoning module AndroidTargetPlatform (73)
[2017.05.23-11.01.47:433][669]LogModuleManager: Shutting down and abandoning module WindowsTargetPlatform (71)
[2017.05.23-11.01.47:433][669]LogModuleManager: Shutting down and abandoning module WindowsServerTargetPlatform (69)
[2017.05.23-11.01.47:433][669]LogModuleManager: Shutting down and abandoning module WindowsNoEditorTargetPlatform (67)
[2017.05.23-11.01.47:433][669]LogModuleManager: Shutting down and abandoning module WindowsClientTargetPlatform (65)
[2017.05.23-11.01.47:433][669]LogModuleManager: Shutting down and abandoning module MacTargetPlatform (63)
[2017.05.23-11.01.47:433][669]LogModuleManager: Shutting down and abandoning module MacServerTargetPlatform (61)
[2017.05.23-11.01.47:433][669]LogModuleManager: Shutting down and abandoning module MacNoEditorTargetPlatform (59)
[2017.05.23-11.01.47:433][669]LogModuleManager: Shutting down and abandoning module MacClientTargetPlatform (57)
[2017.05.23-11.01.47:433][669]LogModuleManager: Shutting down and abandoning module AllDesktopTargetPlatform (55)
[2017.05.23-11.01.47:433][669]LogModuleManager: Shutting down and abandoning module InputCore (52)
[2017.05.23-11.01.47:433][669]LogModuleManager: Shutting down and abandoning module Settings (50)
[2017.05.23-11.01.47:433][669]LogModuleManager: Shutting down and abandoning module OculusRift (48)
[2017.05.23-11.01.47:433][669]LogModuleManager: Shutting down and abandoning module GearVR (46)
[2017.05.23-11.01.47:434][669]LogModuleManager: Shutting down and abandoning module ExampleDeviceProfileSelector (44)
[2017.05.23-11.01.47:434][669]LogModuleManager: Shutting down and abandoning module OnlineBlueprintSupport (42)
[2017.05.23-11.01.47:434][669]LogModuleManager: Shutting down and abandoning module OnlineSubsystem (38)
[2017.05.23-11.01.47:434][669]LogOnline:Display: Unloading online subsystem: NULL
[2017.05.23-11.01.47:434][669]LogModuleManager: Shutting down and abandoning module XMPP (37)
[2017.05.23-11.01.47:434][669]LogModuleManager: Shutting down and abandoning module HTTP (35)
[2017.05.23-11.01.47:434][669]LogHttp:Display: Http module shutting down, but needs to wait on 1 outstanding Http requests:
[2017.05.23-11.01.47:434][669]LogHttp:Display: 	verb=[POST] url=[https://datarouter.ol.epicgames.com/datarouter/api/v1/public/data?SessionID=%7BB6E682DB-4FEA-B3A0-20C7-36BBB21820E0%7D&AppID=UEEditor.Rocket.Release&AppVersion=4.15.2-3416026%2B%2B%2BUE4%2BRelease-4.15&UserID=699a7a2f49fe3c63a073db909924bd9f%7C382a8fd29d684706815af4e4434d1de2%7C09c19175-4104-4b32-81f8-f236cc51d3ce&AppEnvironment=datacollector-binary&UploadType=eteventstream] status=Processing
[2017.05.23-11.01.47:465][669]LogModuleManager: Shutting down and abandoning module SSL (34)
[2017.05.23-11.01.47:466][669]LogModuleManager: Shutting down and abandoning module AudioEditor (30)
[2017.05.23-11.01.47:466][669]LogModuleManager: Shutting down and abandoning module TextureCompressor (28)
[2017.05.23-11.01.47:466][669]LogModuleManager: Shutting down and abandoning module ShaderCore (26)
[2017.05.23-11.01.47:466][669]LogModuleManager: Shutting down and abandoning module Landscape (24)
[2017.05.23-11.01.47:466][669]LogModuleManager: Shutting down and abandoning module SlateRHIRenderer (22)
[2017.05.23-11.01.47:467][669]LogModuleManager: Shutting down and abandoning module OpenGLDrv (20)
[2017.05.23-11.01.47:467][669]LogModuleManager: Shutting down and abandoning module D3D11RHI (18)
[2017.05.23-11.01.47:467][669]LogModuleManager: Shutting down and abandoning module AnimGraphRuntime (16)
[2017.05.23-11.01.47:467][669]LogModuleManager: Shutting down and abandoning module Renderer (14)
[2017.05.23-11.01.47:467][669]LogModuleManager: Shutting down and abandoning module Engine (12)
[2017.05.23-11.01.47:467][669]LogModuleManager: Shutting down and abandoning module CoreUObject (10)
[2017.05.23-11.01.47:467][669]LogModuleManager: Shutting down and abandoning module NetworkFile (8)
[2017.05.23-11.01.47:467][669]LogModuleManager: Shutting down and abandoning module StreamingFile (6)
[2017.05.23-11.01.47:467][669]LogModuleManager: Shutting down and abandoning module SandboxFile (4)
[2017.05.23-11.01.47:467][669]LogModuleManager: Shutting down and abandoning module PakFile (2)
[2017.05.23-11.01.47:468][669]LogExit: Exiting.
[2017.05.23-11.01.47:477][669]Log file closed, 05/23/17 13:01:47
