Log file open, 05/23/17 14:01:48
LogInit:Display: Running engine for game: Robotizer808
LogPlatformFile: Not using cached read wrapper
LogInit:Display: RandInit(1558992444) SRandInit(1558992444).
LogTaskGraph: Started task graph with 5 named threads and 10 total threads with 1 sets of task threads.
LogStats: Stats thread started at 0.145918
LogInit: Using libcurl 7.47.1
LogInit:  - built for x86_64-pc-win32
LogInit:  - supports SSL with OpenSSL/1.0.2g
LogInit:  - supports HTTP deflate (compression) using libz 1.2.8
LogInit:  - other features:
LogInit:      CURL_VERSION_SSL
LogInit:      CURL_VERSION_LIBZ
LogInit:      CURL_VERSION_IPV6
LogInit:      CURL_VERSION_ASYNCHDNS
LogInit:      CURL_VERSION_LARGEFILE
LogInit:      CURL_VERSION_IDN
LogInit:  CurlRequestOptions (configurable via config and command line):
LogInit:  - bVerifyPeer = false  - Libcurl will NOT verify peer certificate
LogInit:  - bUseHttpProxy = false  - Libcurl will NOT use HTTP proxy
LogInit:  - bDontReuseConnections = false  - Libcurl will reuse connections
LogInit:  - CertBundlePath = nullptr  - Libcurl will use whatever was configured at build time.
LogInit: Build: ++UE4+Release-4.15-CL-3416026
LogInit: Engine Version: 4.15.2-3416026+++UE4+Release-4.15
LogInit: Compatible Engine Version: 4.15.0-3299760+++UE4+Release-4.15
LogInit: Net CL: 3299760
LogDevObjectVersion: Number of dev versions registered: 14
LogDevObjectVersion:   Dev-Blueprints (B0D832E4-1F89-4F0D-ACCF-7EB736FD4AA2): 8
LogDevObjectVersion:   Dev-Build (E1C64328-A22C-4D53-A36C-8E866417BD8C): 0
LogDevObjectVersion:   Dev-Core (375EC13C-06E4-48FB-B500-84F0262A717E): 2
LogDevObjectVersion:   Dev-Editor (E4B068ED-F494-42E9-A231-DA0B2E46BB41): 14
LogDevObjectVersion:   Dev-Framework (CFFC743F-43B0-4480-9391-14DF171D2073): 22
LogDevObjectVersion:   Dev-Mobile (B02B49B5-BB20-44E9-A304-32B752E40360): 0
LogDevObjectVersion:   Dev-Networking (A4E4105C-59A1-49B5-A7C5-40C4547EDFEE): 0
LogDevObjectVersion:   Dev-Online (39C831C9-5AE6-47DC-9A44-9C173E1C8E7C): 0
LogDevObjectVersion:   Dev-Physics (78F01B33-EBEA-4F98-B9B4-84EACCB95AA2): 0
LogDevObjectVersion:   Dev-Platform (6631380F-2D4D-43E0-8009-CF276956A95A): 0
LogDevObjectVersion:   Dev-Rendering (12F88B9F-8875-4AFC-A67C-D90C383ABD29): 12
LogDevObjectVersion:   Dev-Sequencer (7B5AE74C-D270-4C10-A958-57980B212A5A): 3
LogDevObjectVersion:   Dev-VR (D7296918-1DD6-4BDD-9DE2-64A83CC13884): 0
LogDevObjectVersion:   Dev-LoadTimes (C2A15278-BFE7-4AFE-6C17-90FF531DF755): 1
LogInit: Compiled (64-bit): May  1 2017 13:11:28
LogInit: Compiled with Visual C++: 19.00.23026.00
LogInit: Build Configuration: Development
LogInit: Branch Name: ++UE4+Release-4.15
LogInit: Command line:  
LogInit: Base directory: C:/Program Files/Epic Games/UE_4.15/Engine/Binaries/Win64/
LogInit: Installed Engine Build: 1
LogInit: Presizing for max 8388607 objects, including 0 objects not considered by GC, pre-allocating 0 bytes for permanent pool.
LogInit: Object subsystem initialized
[2017.05.23-12.01.49:894][  0]LogInit: Selected Device Profile: [Windows]
[2017.05.23-12.01.49:894][  0]LogInit: Applying CVar settings loaded from the selected device profile: [Windows]
[2017.05.23-12.01.49:903][  0]LogInit: Computer: RONSWANSON
[2017.05.23-12.01.49:903][  0]LogInit: User: borisignjatovic
[2017.05.23-12.01.49:903][  0]LogInit: CPU Page size=65536, Cores=6
[2017.05.23-12.01.49:903][  0]LogInit: High frequency timer resolution =3.415995 MHz
[2017.05.23-12.01.49:903][  0]LogMemory: Memory total: Physical=63.9GB (64GB approx)
[2017.05.23-12.01.49:903][  0]LogMemory: Platform Memory Stats for Windows
[2017.05.23-12.01.49:903][  0]LogMemory: Process Physical Memory: 264.21 MB used, 264.21 MB peak
[2017.05.23-12.01.49:903][  0]LogMemory: Process Virtual Memory: 259.91 MB used, 259.91 MB peak
[2017.05.23-12.01.49:903][  0]LogMemory: Physical Memory: 7596.16 MB used,  57841.68 MB free, 65437.84 MB total
[2017.05.23-12.01.49:903][  0]LogMemory: Virtual Memory: 644.54 MB used,  57841.68 MB free, 134217728.00 MB total
[2017.05.23-12.01.50:388][  0]LogTextLocalizationManager: No specific translations for ('en-US') exist, so ('en') translations will be used.
[2017.05.23-12.01.51:121][  0]LogD3D11RHI: D3D11 adapters:
[2017.05.23-12.01.51:147][  0]LogD3D11RHI:    0. 'NVIDIA GeForce GTX 1080' (Feature Level 11_0)
[2017.05.23-12.01.51:147][  0]LogD3D11RHI:       8144/0/32718 MB DedicatedVideo/DedicatedSystem/SharedSystem, Outputs:2, VendorId:0x10de
[2017.05.23-12.01.51:177][  0]LogD3D11RHI:    1. 'NVIDIA GeForce GTX 1080' (Feature Level 11_0)
[2017.05.23-12.01.51:177][  0]LogD3D11RHI:       8144/0/32718 MB DedicatedVideo/DedicatedSystem/SharedSystem, Outputs:0, VendorId:0x10de
[2017.05.23-12.01.51:182][  0]LogD3D11RHI:    2. 'Microsoft Basic Render Driver' (Feature Level 11_0)
[2017.05.23-12.01.51:182][  0]LogD3D11RHI:       0/0/32718 MB DedicatedVideo/DedicatedSystem/SharedSystem, Outputs:0, VendorId:0x1414
[2017.05.23-12.01.51:182][  0]LogD3D11RHI: Chosen D3D11 Adapter: 0
[2017.05.23-12.01.51:187][  0]LogD3D11RHI: Creating new Direct3DDevice
[2017.05.23-12.01.51:187][  0]LogD3D11RHI:     GPU DeviceId: 0x1b80 (for the marketing name, search the web for "GPU Device Id")
[2017.05.23-12.01.51:187][  0]LogWindows: EnumDisplayDevices:
[2017.05.23-12.01.51:187][  0]LogWindows:    0. 'NVIDIA GeForce GTX 1080' (P:1 D:1)
[2017.05.23-12.01.51:188][  0]LogWindows:    1. 'NVIDIA GeForce GTX 1080' (P:0 D:1)
[2017.05.23-12.01.51:188][  0]LogWindows:    2. 'NVIDIA GeForce GTX 1080' (P:0 D:0)
[2017.05.23-12.01.51:188][  0]LogWindows:    3. 'NVIDIA GeForce GTX 1080' (P:0 D:0)
[2017.05.23-12.01.51:188][  0]LogWindows:    4. 'NVIDIA GeForce GTX 1080' (P:0 D:0)
[2017.05.23-12.01.51:188][  0]LogWindows:    5. 'NVIDIA GeForce GTX 1080' (P:0 D:0)
[2017.05.23-12.01.51:188][  0]LogWindows:    6. 'NVIDIA GeForce GTX 1080' (P:0 D:0)
[2017.05.23-12.01.51:189][  0]LogWindows:    7. 'NVIDIA GeForce GTX 1080' (P:0 D:0)
[2017.05.23-12.01.51:189][  0]LogWindows: DebugString: FoundDriverCount:8 
[2017.05.23-12.01.51:189][  0]LogD3D11RHI:     Adapter Name: NVIDIA GeForce GTX 1080
[2017.05.23-12.01.51:189][  0]LogD3D11RHI:   Driver Version: 376.53 (internal:21.21.13.7653, unified:376.53)
[2017.05.23-12.01.51:189][  0]LogD3D11RHI:      Driver Date: 12-29-2016
[2017.05.23-12.01.51:189][  0]LogRHI: Texture pool is 1361 MB (70% of 1945 MB)
[2017.05.23-12.01.51:205][  0]LogD3D11RHI: [Aftermath] Aftermath enabled but failed to initialize due to reason: DriverVersionNotSupported
[2017.05.23-12.01.51:205][  0]LogD3D11RHI: Async texture creation enabled
[2017.05.23-12.01.51:220][  0]LogD3D11RHI: GPU Timing Frequency: 1000.000000 (Debug: 2 1)
[2017.05.23-12.01.51:308][  0]LogShaderCompilers: Guid format shader working directory is -12 characters bigger than the processId version (../../../../../../LocalWork/UnrealTests/Robotizer808Repo/Robotizer808/Intermediate/Shaders/WorkingDirectory/1032/).
[2017.05.23-12.01.51:308][  0]LogShaderCompilers: Cleaned the shader compiler working directory 'C:/Users/boris.ignjatovic/AppData/Local/Temp/UnrealShaderWorkingDir/36A459E44AF937FB2395CCA479267338/'.
[2017.05.23-12.01.51:308][  0]LogShaderCompilers:Display: Using Local Shader Compiler.
[2017.05.23-12.01.52:925][  0]LogTemp:Display: Loaded TP AllDesktopTargetPlatform
[2017.05.23-12.01.53:035][  0]LogTemp:Display: Loaded TP MacClientTargetPlatform
[2017.05.23-12.01.53:145][  0]LogTemp:Display: Loaded TP MacNoEditorTargetPlatform
[2017.05.23-12.01.53:255][  0]LogTemp:Display: Loaded TP MacServerTargetPlatform
[2017.05.23-12.01.53:366][  0]LogTemp:Display: Loaded TP MacTargetPlatform
[2017.05.23-12.01.53:459][  0]LogTemp:Display: Loaded TP WindowsClientTargetPlatform
[2017.05.23-12.01.53:551][  0]LogTemp:Display: Loaded TP WindowsNoEditorTargetPlatform
[2017.05.23-12.01.53:645][  0]LogTemp:Display: Loaded TP WindowsServerTargetPlatform
[2017.05.23-12.01.53:730][  0]LogTemp:Display: Loaded TP WindowsTargetPlatform
[2017.05.23-12.01.53:841][  0]LogTemp:Display: Loaded TP AndroidTargetPlatform
[2017.05.23-12.01.53:950][  0]LogTemp:Display: Loaded TP Android_ASTCTargetPlatform
[2017.05.23-12.01.54:058][  0]LogTemp:Display: Loaded TP Android_ATCTargetPlatform
[2017.05.23-12.01.54:167][  0]LogTemp:Display: Loaded TP Android_DXTTargetPlatform
[2017.05.23-12.01.54:277][  0]LogTemp:Display: Loaded TP Android_ETC1TargetPlatform
[2017.05.23-12.01.54:386][  0]LogTemp:Display: Loaded TP Android_ETC2TargetPlatform
[2017.05.23-12.01.54:607][  0]LogTemp:Display: Loaded TP Android_MultiTargetPlatform
[2017.05.23-12.01.54:607][  0]LogTemp:Display: Loaded TP Android_PVRTCTargetPlatform
[2017.05.23-12.01.54:701][  0]LogTemp:Display: Loaded TP HTML5TargetPlatform
[2017.05.23-12.01.54:916][  0]LogTemp:Display: Loaded TP IOSTargetPlatform
[2017.05.23-12.01.54:989][  0]LogTemp:Display: Loaded TP TVOSTargetPlatform
[2017.05.23-12.01.55:099][  0]LogTemp:Display: Loaded TP LinuxClientTargetPlatform
[2017.05.23-12.01.55:207][  0]LogTemp:Display: Loaded TP LinuxNoEditorTargetPlatform
[2017.05.23-12.01.55:316][  0]LogTemp:Display: Loaded TP LinuxServerTargetPlatform
[2017.05.23-12.01.55:425][  0]LogTemp:Display: Loaded TP LinuxTargetPlatform
[2017.05.23-12.01.55:425][  0]LogTargetPlatformManager:Display: Building Assets For Windows
[2017.05.23-12.01.56:679][  0]LogDerivedDataCache:Display: Max Cache Size: 512 MB
[2017.05.23-12.01.56:729][  0]LogDerivedDataCache: Loaded boot cache 0.05s 50MB C:/Users/boris.ignjatovic/AppData/Local/UnrealEngine/4.15/DerivedDataCache/Boot.ddc.
[2017.05.23-12.01.56:729][  0]LogDerivedDataCache:Display: Loaded Boot cache: C:/Users/boris.ignjatovic/AppData/Local/UnrealEngine/4.15/DerivedDataCache/Boot.ddc
[2017.05.23-12.01.56:729][  0]LogDerivedDataCache: FDerivedDataBackendGraph:  Pak pak cache file ../../../../../../LocalWork/UnrealTests/Robotizer808Repo/Robotizer808/DerivedDataCache/DDC.ddp not found, will not use a pak cache.
[2017.05.23-12.01.56:729][  0]LogDerivedDataCache: Unable to find inner node Pak for hierarchical cache Hierarchy.
[2017.05.23-12.01.56:729][  0]LogDerivedDataCache: FDerivedDataBackendGraph:  CompressedPak pak cache file ../../../../../../LocalWork/UnrealTests/Robotizer808Repo/Robotizer808/DerivedDataCache/Compressed.ddp not found, will not use a pak cache.
[2017.05.23-12.01.56:729][  0]LogDerivedDataCache: Unable to find inner node CompressedPak for hierarchical cache Hierarchy.
[2017.05.23-12.01.56:744][  0]LogDerivedDataCache:Display: Pak cache opened for reading ../../../Engine/DerivedDataCache/Compressed.ddp.
[2017.05.23-12.01.56:757][  0]LogDerivedDataCache: Using Local data cache path C:/Users/boris.ignjatovic/AppData/Local/UnrealEngine/Common/DerivedDataCache: Writable
[2017.05.23-12.01.56:770][  0]LogSlate: Using Freetype 2.6.0
[2017.05.23-12.01.56:771][  0]LogSlate: SlateFontCache - WITH_FREETYPE: 1, WITH_HARFBUZZ: 1
[2017.05.23-12.01.56:771][  0]LogSlate: SlateFontCache - WITH_FREETYPE: 1, WITH_HARFBUZZ: 1
[2017.05.23-12.01.57:061][  0]LogInit: Selected Device Profile: [Windows]
[2017.05.23-12.01.57:064][  0]LogContentStreaming: Texture pool size is 0.00 MB
[2017.05.23-12.01.57:443][  0]LogMeshUtilities: Using QuadricMeshReduction for automatic static mesh reduction
[2017.05.23-12.01.57:548][  0]LogSimplygon: Simplygon DLL not present - disabling.
[2017.05.23-12.01.57:662][  0]LogMeshUtilities: Using SimplygonSwarm for distributed automatic mesh merging
[2017.05.23-12.01.57:662][  0]LogMeshUtilities: No automatic skeletal mesh reduction module available
[2017.05.23-12.01.57:662][  0]LogMeshUtilities: No automatic mesh merging module available
[2017.05.23-12.01.58:312][  0]LogNetVersion: GetLocalNetworkVersion: CL: 3299760, ProjectName: robotizer808, ProjectVersion: , EngineNetworkVersion: 2, GameNetworkVersion: 0, NetworkChecksum: 3630192969
[2017.05.23-12.01.58:401][  0]LogAssetRegistry: FAssetRegistry took 0.0220 seconds to start up
[2017.05.23-12.01.58:469][  0]LogPackageLocalizationCache: Processed 3 localized package path(s) for 2 prioritized culture(s) in 0.025988 seconds
[2017.05.23-12.01.58:474][  0]LogUObjectArray: 32493 objects as part of root set at end of initial load.
[2017.05.23-12.01.58:474][  0]LogUObjectAllocator: 7077032 out of 0 bytes used by permanent object pool.
[2017.05.23-12.01.58:474][  0]LogUObjectArray: CloseDisregardForGC: 0/0 objects in disregard for GC pool
[2017.05.23-12.01.58:620][  0]LogInit: WinSock: version 1.1 (2.2), MaxSocks=32767, MaxUdp=65467
[2017.05.23-12.02.02:233][  0]LogTcpMessaging: Initializing TcpMessaging bridge
[2017.05.23-12.02.02:320][  0]LogUdpMessaging: Initializing bridge on interface 0.0.0.0:0 to multicast group 230.0.0.1:6666.
[2017.05.23-12.02.03:469][  0]LogMaterial: Uniform references updated for custom material expression Custom.
[2017.05.23-12.02.04:224][  0]SourceControl: Info Source control is disabled
[2017.05.23-12.02.04:312][  0]SourceControl: Info Source control is disabled
[2017.05.23-12.02.04:450][  0]SourceControl: Info Source control is disabled
[2017.05.23-12.02.04:564][  0]SourceControl: Info Source control is disabled
[2017.05.23-12.02.07:638][  0]LogEngine: Initializing Engine...
[2017.05.23-12.02.08:112][  0]LogHMD: Failed to initialize OpenVR with code 108
[2017.05.23-12.02.08:212][  0]LogStats: UGameplayTagsManager::ConstructGameplayTagTree: Construct from data asset -  0.000 s
[2017.05.23-12.02.08:212][  0]LogStats: UGameplayTagsManager::ConstructGameplayTagTree: GameplayTagTreeChangedEvent.Broadcast -  0.000 s
[2017.05.23-12.02.08:473][  0]LogAIModule: Creating AISystem for world Untitled
[2017.05.23-12.02.08:492][  0]LogInit: XAudio2 using 'EV2416W-8 (2- NVIDIA High Definition Audio)' : 2 channels at 48 kHz using 16 bits per sample (channel mask 0x3)
[2017.05.23-12.02.08:554][  0]LogInit: FAudioDevice initialized.
[2017.05.23-12.02.08:577][  0]LogDerivedDataCache: Saved boot cache 0.02s 50MB C:/Users/boris.ignjatovic/AppData/Local/UnrealEngine/4.15/DerivedDataCache/Boot.ddc.
[2017.05.23-12.02.08:581][  0]LogInit: Texture streaming: Enabled
[2017.05.23-12.02.08:870][  0]LogEngineSessionManager: EngineSessionManager initialized
[2017.05.23-12.02.09:083][  0]LogInit: Transaction tracking system initialized
[2017.05.23-12.02.09:856][  0]BlueprintLog: New page: Editor Load
[2017.05.23-12.02.12:217][  0]LocalizationService: Info Localization service is disabled
[2017.05.23-12.02.14:195][  0]LogConsoleResponse:Display: 
[2017.05.23-12.02.14:342][  0]LogCook:Display: Max memory allowance for cook 16384mb min free memory 0mb
[2017.05.23-12.02.14:342][  0]LogCook:Display: Mobile HDR setting 1
[2017.05.23-12.02.15:012][  0]LogFileCache: Scanning file cache for directory 'C:/LocalWork/UnrealTests/Robotizer808Repo/Robotizer808/Content/' took 0.02s
[2017.05.23-12.02.16:898][  0]SourceControl: Info Source control is disabled
[2017.05.23-12.02.16:898][  0]Cmd: MAP LOAD FILE="../../../../../../LocalWork/UnrealTests/Robotizer808Repo/Robotizer808/Content/SideScrollerBP/Maps/SideScrollerExampleMap.umap" TEMPLATE=0 SHOWPROGRESS=1 FEATURELEVEL=3
[2017.05.23-12.02.16:898][  0]LogEditorServer:Warning: Can't find file '../../../../../../LocalWork/UnrealTests/Robotizer808Repo/Robotizer808/Content/SideScrollerBP/Maps/SideScrollerExampleMap.umap'
[2017.05.23-12.02.16:898][  0]Cmd: MAP CHECKDEP NOCLEARLOG
[2017.05.23-12.02.16:970][  0]MapCheck: Info Map check complete: 0 Error(s), 0 Warning(s), took 71.386ms to complete.
[2017.05.23-12.02.16:970][  0]LogFileHelpers: Loading map 'SideScrollerExampleMap' took 0.072
[2017.05.23-12.02.17:045][  0]LogWindowsTextInputMethodSystem:Display: IME system now deactivated.
[2017.05.23-12.02.17:210][  0]LogCollectionManager: Loaded 0 collections in 0.001717 seconds
[2017.05.23-12.02.17:332][  0]LogFileCache: Scanning file cache for directory 'C:/LocalWork/UnrealTests/Robotizer808Repo/Robotizer808/Saved/Collections/' took 0.01s
[2017.05.23-12.02.17:332][  0]LogFileCache: Scanning file cache for directory 'C:/LocalWork/UnrealTests/Robotizer808Repo/Robotizer808/Content/Developers/borisignjatovic/Collections/' took 0.01s
[2017.05.23-12.02.17:332][  0]LogFileCache: Scanning file cache for directory 'C:/LocalWork/UnrealTests/Robotizer808Repo/Robotizer808/Content/Collections/' took 0.01s
[2017.05.23-12.02.17:332][  0]LogCollectionManager: Rebuilt the GUID cache for 0 collections in 0.000001 seconds
[2017.05.23-12.02.17:340][  0]LogContentBrowser: Native class hierarchy populated in 0.0079 seconds. Added 2245 classes and 453 folders.
[2017.05.23-12.02.17:464][  0]LogContentBrowser: Native class hierarchy updated for 'WidgetCarousel' in 0.0005 seconds. Added 0 classes and 0 folders.
[2017.05.23-12.02.17:540][  0]LogContentBrowser: Native class hierarchy updated for 'AddContentDialog' in 0.0006 seconds. Added 0 classes and 0 folders.
[2017.05.23-12.02.17:665][  0]LogContentBrowser: Native class hierarchy updated for 'SceneOutliner' in 0.0006 seconds. Added 1 classes and 2 folders.
[2017.05.23-12.02.17:793][  0]LogCrashTracker: Crashtracker disabled due to settings.
[2017.05.23-12.02.17:799][  0]LogUObjectGlobals:Warning: Failed to find object 'Class None.'
[2017.05.23-12.02.17:928][  0]LogContentBrowser: Native class hierarchy updated for 'HierarchicalLODOutliner' in 0.0006 seconds. Added 1 classes and 2 folders.
[2017.05.23-12.02.17:929][  0]LogLoad: (Engine Initialization) Total time: 31.01 seconds
[2017.05.23-12.02.17:929][  0]LogLoad: (Engine Initialization) Total Blueprint compile time: 0.08 seconds
[2017.05.23-12.02.17:929][  0]LogExternalProfiler: Found external profiler: VSPerf
[2017.05.23-12.02.17:929][  0]LogExternalProfiler: Using external profiler: VSPerf
[2017.05.23-12.02.17:939][  0]LogOcInput: OculusInput pre-init called
[2017.05.23-12.02.17:959][  0]LogContentStreaming: Texture pool size now 1000 MB
[2017.05.23-12.02.17:960][  0]LogSlate: Took 0.000338 seconds to synchronously load lazily loaded font '../../../Engine/Content/Slate/Fonts/Roboto-Regular.ttf' (155K)
[2017.05.23-12.02.17:963][  0]LogSlate: Took 0.000309 seconds to synchronously load lazily loaded font '../../../Engine/Content/Slate/Fonts/Roboto-Bold.ttf' (160K)
[2017.05.23-12.02.17:968][  0]LogSlate: Took 0.000298 seconds to synchronously load lazily loaded font '../../../Engine/Content/Editor/Slate/Fonts/FontAwesome.ttf' (139K)
[2017.05.23-12.02.18:081][  0]LogSlate: Took 0.000290 seconds to synchronously load lazily loaded font '../../../Engine/Content/Slate/Fonts/Roboto-Light.ttf' (159K)
[2017.05.23-12.02.18:120][  0]LogRenderer: Reallocating scene render targets to support 1172x660 NumSamples 1 (Frame:2).
[2017.05.23-12.02.18:169][  1]LogAssetRegistry: Asset discovery search completed in 19.7892 seconds
[2017.05.23-12.02.18:169][  1]LogCollectionManager: Rebuilt the object cache for 0 collections in 0.000003 seconds (found 0 objects)
[2017.05.23-12.02.18:169][  1]LogCollectionManager: Fixed up redirectors for 0 collections in 0.000023 seconds (updated 0 objects)
[2017.05.23-12.02.18:959][ 92]LogSlate: Took 0.000337 seconds to synchronously load lazily loaded font '../../../Engine/Content/Slate/Fonts/Roboto-Light.ttf' (159K)
[2017.05.23-12.02.29:836][394]LogSlate: Took 0.000258 seconds to synchronously load lazily loaded font '../../../Engine/Content/Slate/Fonts/Roboto-Light.ttf' (159K)
[2017.05.23-12.02.30:495][394]LogAIModule: Creating AISystem for world Level01
[2017.05.23-12.02.33:918][793]Cmd: MAP LOAD FILE="../../../../../../LocalWork/UnrealTests/Robotizer808Repo/Robotizer808/Content/SideScrollerBP/Maps/Level01.umap" TEMPLATE=0 SHOWPROGRESS=1 FEATURELEVEL=3
[2017.05.23-12.02.33:918][793]LightingResults: New page: Lighting Build
[2017.05.23-12.02.33:994][793]LogContentBrowser: Native class hierarchy updated for 'StatsViewer' in 0.0006 seconds. Added 5 classes and 0 folders.
[2017.05.23-12.02.33:995][793]LoadErrors: New page: Loading map: Level01.umap
[2017.05.23-12.02.33:996][793]MapCheck: New page: Map Check
[2017.05.23-12.02.33:996][793]LightingResults: New page: Lighting Build
[2017.05.23-12.02.34:075][793]LogEditorServer: Finished looking for orphan Actors (0.000 secs)
[2017.05.23-12.02.34:093][793]Cmd: MAP CHECKDEP NOCLEARLOG
[2017.05.23-12.02.34:184][793]MapCheck: Info Map check complete: 0 Error(s), 0 Warning(s), took 90.979ms to complete.
[2017.05.23-12.02.34:185][793]LogFileHelpers: Loading map 'Level01' took 0.269
[2017.05.23-12.03.01:557][227]LogEditorViewport: Clicking on Actor (LMB): Block_C (Block)
[2017.05.23-12.03.14:145][708]LogMetaData: Removing '/Game/SideScrollerBP/Maps/LevelBase.LevelBase_C' ref from Metadata '/Game/SideScrollerBP/Maps/Level01./Game/SideScrollerBP/Maps/Level01_BuiltData.PackageMetaData'
[2017.05.23-12.03.14:145][708]LogMetaData: Removing '/Game/SideScrollerBP/Maps/LevelBase.SKEL_LevelBase_C' ref from Metadata '/Game/SideScrollerBP/Maps/Level01./Game/SideScrollerBP/Maps/Level01_BuiltData.PackageMetaData'
[2017.05.23-12.03.14:465][708]LogSavePackage: Save=203.95ms
[2017.05.23-12.03.14:465][708]LogSavePackage: Moving '../../../../../../LocalWork/UnrealTests/Robotizer808Repo/Robotizer808/Saved/LevelBaseEBE2A42C4F4CE1F8CF6A11B9964F9241.tmp' to '../../../../../../LocalWork/UnrealTests/Robotizer808Repo/Robotizer808/Content/SideScrollerBP/Maps/LevelBase.umap'
[2017.05.23-12.03.14:469][708]LogSavePackage:Display: Finished SavePackage ../../../../../../LocalWork/UnrealTests/Robotizer808Repo/Robotizer808/Content/SideScrollerBP/Maps/LevelBase.umap
[2017.05.23-12.03.14:486][708]LogFileHelpers: Saving map 'LevelBase' took 0.324
[2017.05.23-12.03.17:758][ 88]LogUObjectGlobals:Warning: Failed to find object 'Object /Game/SideScrollerBP/Maps/Level01.Level01_BuiltData'
[2017.05.23-12.03.37:683][432]LogSpawn:Warning: UWorld::DestroyActor: World has no context! World: LevelBackup, Actor: /Game/SideScrollerBP/Maps/LevelBackup.LevelBackup:PersistentLevel.LevelBase_C_1
[2017.05.23-12.03.37:720][432]LogAIModule: Creating AISystem for world LevelBackup
[2017.05.23-12.03.41:447][846]LogSpawn:Warning: UWorld::DestroyActor: World has no context! World: LevelBackup, Actor: /Game/SideScrollerBP/Maps/LevelBackup.LevelBackup:PersistentLevel.LevelBackup_C_0
[2017.05.23-12.03.41:654][846]LogSavePackage: Save=208.08ms
[2017.05.23-12.03.41:654][846]LogSavePackage: Moving '../../../../../../LocalWork/UnrealTests/Robotizer808Repo/Robotizer808/Saved/LevelBackup250712BD43BAB7C32B3D1898A461283D.tmp' to '../../../../../../LocalWork/UnrealTests/Robotizer808Repo/Robotizer808/Content/SideScrollerBP/Maps/LevelBackup.umap'
[2017.05.23-12.03.41:657][846]LogSavePackage:Display: Finished SavePackage ../../../../../../LocalWork/UnrealTests/Robotizer808Repo/Robotizer808/Content/SideScrollerBP/Maps/LevelBackup.umap
[2017.05.23-12.03.41:668][846]LogFileHelpers: Saving map 'LevelBackup' took 0.341
[2017.05.23-12.03.58:542][197]LogSavePackage: Save=42.33ms
[2017.05.23-12.03.58:542][197]LogSavePackage: Moving '../../../../../../LocalWork/UnrealTests/Robotizer808Repo/Robotizer808/Saved/SideScrollerCharacter3AEBE8794BD1522B57046F8AC424FD36.tmp' to '../../../../../../LocalWork/UnrealTests/Robotizer808Repo/Robotizer808/Content/SideScrollerBP/Blueprints/SideScrollerCharacter.uasset'
[2017.05.23-12.03.58:546][197]LogSavePackage:Display: Finished SavePackage ../../../../../../LocalWork/UnrealTests/Robotizer808Repo/Robotizer808/Content/SideScrollerBP/Blueprints/SideScrollerCharacter.uasset
[2017.05.23-12.03.58:547][197]Cmd: OBJ SAVEPACKAGE PACKAGE="/Game/SideScrollerBP/Maps/Level01" FILE="../../../../../../LocalWork/UnrealTests/Robotizer808Repo/Robotizer808/Content/SideScrollerBP/Maps/Level01.umap" SILENT=true
[2017.05.23-12.03.58:796][197]LogStats: FPlatformStackWalk::StackWalkAndDump -  0.227 s
[2017.05.23-12.03.58:796][197]LogOutputDevice:Error: === Handled ensure: ===
[2017.05.23-12.03.58:796][197]LogOutputDevice:Error: 
[2017.05.23-12.03.58:796][197]LogOutputDevice:Error: Ensure condition failed: false [File:D:\Build\++UE4+Release-4.15+Compile\Sync\Engine\Source\Runtime\CoreUObject\Private\UObject\SavePackage.cpp] [Line: 4951]
[2017.05.23-12.03.58:796][197]LogOutputDevice:Error: Attempting to save a map package '/Game/SideScrollerBP/Maps/Level01' that does not contain a map object.
[2017.05.23-12.03.58:796][197]LogOutputDevice:Error: Stack: 
[2017.05.23-12.03.58:796][197]LogOutputDevice:Error: UE4Editor-Core.dll!0x00000000440095E6
[2017.05.23-12.03.58:796][197]LogOutputDevice:Error: UE4Editor-Core.dll!0x0000000043DB9B82
[2017.05.23-12.03.58:796][197]LogOutputDevice:Error: UE4Editor-Core.dll!0x0000000043DCB666
[2017.05.23-12.03.58:796][197]LogOutputDevice:Error: UE4Editor-CoreUObject.dll!0x000000004393B40E
[2017.05.23-12.03.58:796][197]LogOutputDevice:Error: UE4Editor-UnrealEd.dll!0x000000003E80F160
[2017.05.23-12.03.58:796][197]LogOutputDevice:Error: UE4Editor-UnrealEd.dll!0x000000003E80FA99
[2017.05.23-12.03.58:796][197]LogOutputDevice:Error: UE4Editor-UnrealEd.dll!0x000000003E84CB78
[2017.05.23-12.03.58:796][197]LogOutputDevice:Error: UE4Editor-UnrealEd.dll!0x000000003E849559
[2017.05.23-12.03.58:796][197]LogOutputDevice:Error: UE4Editor-UnrealEd.dll!0x000000003F03AA15
[2017.05.23-12.03.58:796][197]LogOutputDevice:Error: UE4Editor-UnrealEd.dll!0x000000003EACF858
[2017.05.23-12.03.58:796][197]LogOutputDevice:Error: UE4Editor-UnrealEd.dll!0x000000003EAFE064
[2017.05.23-12.03.58:796][197]LogOutputDevice:Error: UE4Editor-UnrealEd.dll!0x000000003EACFF88
[2017.05.23-12.03.58:796][197]LogOutputDevice:Error: UE4Editor-UnrealEd.dll!0x000000003EB0B8A3
[2017.05.23-12.03.58:796][197]LogOutputDevice:Error: UE4Editor-ContentBrowser.dll!0x0000000031B88C0A
[2017.05.23-12.03.58:796][197]LogOutputDevice:Error: UE4Editor-ContentBrowser.dll!0x0000000031C983C6
[2017.05.23-12.03.58:796][197]LogOutputDevice:Error: UE4Editor-ContentBrowser.dll!0x0000000031B97792
[2017.05.23-12.03.58:796][197]LogOutputDevice:Error: UE4Editor-ContentBrowser.dll!0x0000000031B9C589
[2017.05.23-12.03.58:796][197]LogOutputDevice:Error: UE4Editor-ContentBrowser.dll!0x0000000031C3B3E9
[2017.05.23-12.03.58:796][197]LogOutputDevice:Error: UE4Editor-Slate.dll!0x000000003FE3CF25
[2017.05.23-12.03.58:796][197]LogOutputDevice:Error: UE4Editor-Slate.dll!0x000000003FE6A4AE
[2017.05.23-12.03.58:796][197]LogOutputDevice:Error: UE4Editor-Slate.dll!0x000000003FC9411C
[2017.05.23-12.03.58:796][197]LogOutputDevice:Error: UE4Editor-Slate.dll!0x000000003FC647F5
[2017.05.23-12.03.58:796][197]LogOutputDevice:Error: UE4Editor-Slate.dll!0x000000003FD07193
[2017.05.23-12.03.58:796][197]LogOutputDevice:Error: UE4Editor-Slate.dll!0x000000003FCF1100
[2017.05.23-12.03.58:796][197]LogOutputDevice:Error: UE4Editor-Slate.dll!0x000000003FCE0211
[2017.05.23-12.03.58:796][197]LogOutputDevice:Error: UE4Editor-Core.dll!0x0000000043FFCDF9
[2017.05.23-12.03.58:796][197]LogOutputDevice:Error: UE4Editor-Core.dll!0x0000000043FE67C1
[2017.05.23-12.03.58:796][197]LogOutputDevice:Error: UE4Editor-Core.dll!0x0000000043FFEA1C
[2017.05.23-12.03.58:796][197]LogOutputDevice:Error: UE4Editor-Core.dll!0x0000000043FE26E9
[2017.05.23-12.03.58:796][197]LogOutputDevice:Error: USER32.dll!0x00000000937DBC50
[2017.05.23-12.03.58:796][197]LogOutputDevice:Error: USER32.dll!0x00000000937DB5CF
[2017.05.23-12.03.58:796][197]LogOutputDevice:Error: UE4Editor-Core.dll!0x0000000043FFF326
[2017.05.23-12.03.58:796][197]LogOutputDevice:Error: UE4Editor.exe!0x00000000FDE5D790
[2017.05.23-12.03.58:796][197]LogOutputDevice:Error: UE4Editor.exe!0x00000000FDE4EB40
[2017.05.23-12.03.58:796][197]LogOutputDevice:Error: UE4Editor.exe!0x00000000FDE4EBBA
[2017.05.23-12.03.58:796][197]LogOutputDevice:Error: UE4Editor.exe!0x00000000FDE60A29
[2017.05.23-12.03.58:796][197]LogOutputDevice:Error: UE4Editor.exe!0x00000000FDE622B6
[2017.05.23-12.03.58:796][197]LogOutputDevice:Error: KERNEL32.DLL!0x0000000094552774
[2017.05.23-12.03.58:796][197]LogOutputDevice:Error: ntdll.dll!0x0000000094720D61
[2017.05.23-12.03.58:796][197]LogOutputDevice:Error: 
[2017.05.23-12.03.58:797][197]LogStats:                SubmitErrorReport -  0.000 s
[2017.05.23-12.03.59:222][197]LogStats:                    SendNewReport -  0.425 s
[2017.05.23-12.03.59:222][197]LogStats:             FDebug::EnsureFailed -  0.654 s
[2017.05.23-12.03.59:222][197]LogSavePackage:Error: Attempting to save a map package '/Game/SideScrollerBP/Maps/Level01' that does not contain a map object.
[2017.05.23-12.03.59:223][197]LogSavePackage: Save=656.39ms
[2017.05.23-12.03.59:223][197]LogSavePackage:Display: Finished SavePackage ../../../../../../LocalWork/UnrealTests/Robotizer808Repo/Robotizer808/Content/SideScrollerBP/Maps/Level01.umap
[2017.05.23-12.04.02:587][197]LogSpawn:Warning: UWorld::DestroyActor: World has no context! World: LevelBackup, Actor: /Game/SideScrollerBP/Maps/LevelBackup.LevelBackup:PersistentLevel.LevelBackup_C_1
[2017.05.23-12.04.02:785][197]LogSavePackage: Save=199.38ms
[2017.05.23-12.04.02:785][197]LogSavePackage: Moving '../../../../../../LocalWork/UnrealTests/Robotizer808Repo/Robotizer808/Saved/LevelBackup70C5774E400D31849FF5EE9029C2CB6F.tmp' to '../../../../../../LocalWork/UnrealTests/Robotizer808Repo/Robotizer808/Content/SideScrollerBP/Maps/LevelBackup.umap'
[2017.05.23-12.04.02:789][197]LogSavePackage:Display: Finished SavePackage ../../../../../../LocalWork/UnrealTests/Robotizer808Repo/Robotizer808/Content/SideScrollerBP/Maps/LevelBackup.umap
[2017.05.23-12.04.02:800][197]LogFileHelpers: Saving map 'LevelBackup' took 0.350
[2017.05.23-12.04.02:803][197]EditorErrors: New page: Save Output
[2017.05.23-12.04.02:803][197]EditorErrors:Warning: Warning Attempting to save a map asset '../../../../../../LocalWork/UnrealTests/Robotizer808Repo/Robotizer808/Content/SideScrollerBP/Maps/Level01.umap' that does not contain a map object
[2017.05.23-12.04.16:136][613]LogTexture:Display: Building textures: icon_saw (AutoDXT, 1024X1024) - 153 MB total VRAM
[2017.05.23-12.04.16:278][613]LogMaterial: Missing cached shader map for material Icon_Saw_Material, compiling. 
[2017.05.23-12.04.16:279][613]LogTemp:Display: Added material ShaderMap 0x000001378A126780 with Material 0x0000013780737E80 to ShaderMapsBeingCompiled
[2017.05.23-12.04.16:286][613]LogTemp:Display: Kicking off shader compilation for Icon_Saw_Material, GameThreadShaderMap 0x000001378A126780
[2017.05.23-12.04.16:306][613]LogAIModule: Creating AISystem for world Level02_sic
[2017.05.23-12.04.16:993][686]LogTemp:Display: Finished compile of shader map 0x000001378A126780
[2017.05.23-12.04.16:993][686]LogTemp:Display: Shader map Icon_Saw_Material complete, GameThreadShaderMap 0x000001378A126780, marking material Icon_Saw_Material as finished
[2017.05.23-12.04.16:993][686]LogTemp:Display: Marking material as finished 0x0000013780737E80
[2017.05.23-12.04.26:287][329]Cmd: OBJ SAVEPACKAGE PACKAGE="/Game/SideScrollerBP/Maps/Level01" FILE="../../../../../../LocalWork/UnrealTests/Robotizer808Repo/Robotizer808/Content/SideScrollerBP/Maps/Level01.umap" SILENT=true
[2017.05.23-12.04.26:300][329]LogSavePackage:Error: Attempting to save a map package '/Game/SideScrollerBP/Maps/Level01' that does not contain a map object.
[2017.05.23-12.04.26:301][329]LogSavePackage: Save=2.13ms
[2017.05.23-12.04.26:301][329]LogSavePackage:Display: Finished SavePackage ../../../../../../LocalWork/UnrealTests/Robotizer808Repo/Robotizer808/Content/SideScrollerBP/Maps/Level01.umap
[2017.05.23-12.04.28:005][329]Cmd: OBJ SAVEPACKAGE PACKAGE="/Game/SideScrollerBP/Maps/Level01" FILE="../../../../../../LocalWork/UnrealTests/Robotizer808Repo/Robotizer808/Content/SideScrollerBP/Maps/Level01.umap" SILENT=true
[2017.05.23-12.04.28:019][329]LogSavePackage:Error: Attempting to save a map package '/Game/SideScrollerBP/Maps/Level01' that does not contain a map object.
[2017.05.23-12.04.28:019][329]LogSavePackage: Save=1.84ms
[2017.05.23-12.04.28:019][329]LogSavePackage:Display: Finished SavePackage ../../../../../../LocalWork/UnrealTests/Robotizer808Repo/Robotizer808/Content/SideScrollerBP/Maps/Level01.umap
[2017.05.23-12.04.28:524][329]Cmd: OBJ SAVEPACKAGE PACKAGE="/Game/SideScrollerBP/Maps/Level01" FILE="../../../../../../LocalWork/UnrealTests/Robotizer808Repo/Robotizer808/Content/SideScrollerBP/Maps/Level01.umap" SILENT=true
[2017.05.23-12.04.28:537][329]LogSavePackage:Error: Attempting to save a map package '/Game/SideScrollerBP/Maps/Level01' that does not contain a map object.
[2017.05.23-12.04.28:537][329]LogSavePackage: Save=1.76ms
[2017.05.23-12.04.28:537][329]LogSavePackage:Display: Finished SavePackage ../../../../../../LocalWork/UnrealTests/Robotizer808Repo/Robotizer808/Content/SideScrollerBP/Maps/Level01.umap
[2017.05.23-12.04.29:324][329]LogSpawn:Warning: UWorld::DestroyActor: World has no context! World: LevelBackup, Actor: /Game/SideScrollerBP/Maps/LevelBackup.LevelBackup:PersistentLevel.LevelBackup_C_0
[2017.05.23-12.04.29:524][329]LogSavePackage: Save=200.43ms
[2017.05.23-12.04.29:524][329]LogSavePackage: Moving '../../../../../../LocalWork/UnrealTests/Robotizer808Repo/Robotizer808/Saved/LevelBackup4AE40D014A09D4B751929F94D64FF4E8.tmp' to '../../../../../../LocalWork/UnrealTests/Robotizer808Repo/Robotizer808/Content/SideScrollerBP/Maps/LevelBackup.umap'
[2017.05.23-12.04.29:529][329]LogSavePackage:Display: Finished SavePackage ../../../../../../LocalWork/UnrealTests/Robotizer808Repo/Robotizer808/Content/SideScrollerBP/Maps/LevelBackup.umap
[2017.05.23-12.04.29:540][329]LogFileHelpers: Saving map 'LevelBackup' took 0.350
[2017.05.23-12.04.29:543][329]EditorErrors: New page: Save Output
[2017.05.23-12.04.29:543][329]EditorErrors:Warning: Warning Attempting to save a map asset '../../../../../../LocalWork/UnrealTests/Robotizer808Repo/Robotizer808/Content/SideScrollerBP/Maps/Level01.umap' that does not contain a map object
[2017.05.23-12.04.29:543][329]EditorErrors:Warning: Warning Attempting to save a map asset '../../../../../../LocalWork/UnrealTests/Robotizer808Repo/Robotizer808/Content/SideScrollerBP/Maps/Level01.umap' that does not contain a map object
[2017.05.23-12.04.29:543][329]EditorErrors:Warning: Warning Attempting to save a map asset '../../../../../../LocalWork/UnrealTests/Robotizer808Repo/Robotizer808/Content/SideScrollerBP/Maps/Level01.umap' that does not contain a map object
[2017.05.23-12.04.30:549][329]LogWindowsTextInputMethodSystem:Display: IME system now deactivated.
[2017.05.23-12.04.30:719][330]Cmd: QUIT_EDITOR
[2017.05.23-12.04.30:769][330]LogExit: Preparing to exit.
[2017.05.23-12.04.31:484][330]LogDirectoryWatcher: A directory notification failed for 'C:/LocalWork/UnrealTests/Robotizer808Repo/Robotizer808/Content/', and we were unable to create a new request.
[2017.05.23-12.04.31:504][330]LogExit: Editor shut down
[2017.05.23-12.04.31:504][330]LogExit: Transaction tracking system shut down
[2017.05.23-12.04.31:571][330]LogObj: Freed 0b from 0 cluster array pools.
[2017.05.23-12.04.31:571][330]LogExit: Object subsystem successfully closed.
[2017.05.23-12.04.31:582][330]LogD3D11RHI: Shutdown
[2017.05.23-12.04.31:582][330]LogD3D11RHI: CleanupD3DDevice
[2017.05.23-12.04.31:638][330]LogD3D11RHI: ~FD3D11DynamicRHI
[2017.05.23-12.04.31:660][330]LogModuleManager: Shutting down and abandoning module StatsViewer (498)
[2017.05.23-12.04.31:660][330]LogModuleManager: Shutting down and abandoning module HierarchicalLODOutliner (496)
[2017.05.23-12.04.31:660][330]LogModuleManager: Shutting down and abandoning module CrashTracker (494)
[2017.05.23-12.04.31:660][330]LogModuleManager: Shutting down and abandoning module SceneOutliner (492)
[2017.05.23-12.04.31:660][330]LogModuleManager: Shutting down and abandoning module AddContentDialog (490)
[2017.05.23-12.04.31:660][330]LogDirectoryWatcher: A directory notification for 'C:/Program Files/Epic Games/UE_4.15/FeaturePacks/' was aborted.
[2017.05.23-12.04.31:661][330]LogModuleManager: Shutting down and abandoning module WidgetCarousel (489)
[2017.05.23-12.04.31:661][330]LogModuleManager: Shutting down and abandoning module EditorWidgets (486)
[2017.05.23-12.04.31:661][330]LogModuleManager: Shutting down and abandoning module CollectionManager (484)
[2017.05.23-12.04.31:661][330]LogDirectoryWatcher: A directory notification for 'C:/LocalWork/UnrealTests/Robotizer808Repo/Robotizer808/Content/Collections/' was aborted.
[2017.05.23-12.04.31:661][330]LogDirectoryWatcher: A directory notification for 'C:/LocalWork/UnrealTests/Robotizer808Repo/Robotizer808/Content/Developers/borisignjatovic/Collections/' was aborted.
[2017.05.23-12.04.31:661][330]LogDirectoryWatcher: A directory notification for 'C:/LocalWork/UnrealTests/Robotizer808Repo/Robotizer808/Saved/Collections/' was aborted.
[2017.05.23-12.04.31:661][330]LogModuleManager: Shutting down and abandoning module FoliageEdit (482)
[2017.05.23-12.04.31:661][330]LogModuleManager: Shutting down and abandoning module LandscapeEditor (480)
[2017.05.23-12.04.31:662][330]LogModuleManager: Shutting down and abandoning module SceneDepthPickerMode (478)
[2017.05.23-12.04.31:662][330]LogModuleManager: Shutting down and abandoning module ActorPickerMode (476)
[2017.05.23-12.04.31:662][330]LogModuleManager: Shutting down and abandoning module GeometryMode (474)
[2017.05.23-12.04.31:662][330]LogModuleManager: Shutting down and abandoning module TextureAlignMode (472)
[2017.05.23-12.04.31:662][330]LogModuleManager: Shutting down and abandoning module BspMode (470)
[2017.05.23-12.04.31:662][330]LogModuleManager: Shutting down and abandoning module HardwareSurvey (468)
[2017.05.23-12.04.31:662][330]LogModuleManager: Shutting down and abandoning module SequenceRecorderSections (466)
[2017.05.23-12.04.31:662][330]LogModuleManager: Shutting down and abandoning module AutomationWorker (464)
[2017.05.23-12.04.31:662][330]LogModuleManager: Shutting down and abandoning module MatineeToLevelSequence (462)
[2017.05.23-12.04.31:662][330]LogModuleManager: Shutting down and abandoning module LevelSequenceEditor (460)
[2017.05.23-12.04.31:662][330]LogModuleManager: Shutting down and abandoning module PlacementMode (459)
[2017.05.23-12.04.31:662][330]LogModuleManager: Shutting down and abandoning module WmfMediaFactory (456)
[2017.05.23-12.04.31:662][330]LogModuleManager: Shutting down and abandoning module WmfMediaEditor (454)
[2017.05.23-12.04.31:662][330]LogModuleManager: Shutting down and abandoning module MfMediaFactory (452)
[2017.05.23-12.04.31:662][330]LogModuleManager: Shutting down and abandoning module MfMediaEditor (450)
[2017.05.23-12.04.31:662][330]LogModuleManager: Shutting down and abandoning module AvfMediaFactory (448)
[2017.05.23-12.04.31:662][330]LogModuleManager: Shutting down and abandoning module AvfMediaEditor (446)
[2017.05.23-12.04.31:662][330]LogModuleManager: Shutting down and abandoning module AndroidMediaFactory (444)
[2017.05.23-12.04.31:662][330]LogModuleManager: Shutting down and abandoning module Media (443)
[2017.05.23-12.04.31:662][330]LogModuleManager: Shutting down and abandoning module AndroidMediaEditor (440)
[2017.05.23-12.04.31:662][330]LogModuleManager: Shutting down and abandoning module CharacterAI (438)
[2017.05.23-12.04.31:662][330]LogModuleManager: Shutting down and abandoning module AudioCapture (436)
[2017.05.23-12.04.31:662][330]LogModuleManager: Shutting down and abandoning module SequenceRecorder (435)
[2017.05.23-12.04.31:662][330]LogModuleManager: Shutting down and abandoning module SmartSnapping (432)
[2017.05.23-12.04.31:662][330]LogModuleManager: Shutting down and abandoning module SessionServices (430)
[2017.05.23-12.04.31:662][330]LogModuleManager: Shutting down and abandoning module ViewportSnapping (428)
[2017.05.23-12.04.31:662][330]LogModuleManager: Shutting down and abandoning module ViewportInteraction (426)
[2017.05.23-12.04.31:662][330]LogModuleManager: Shutting down and abandoning module LogVisualizer (424)
[2017.05.23-12.04.31:662][330]LogModuleManager: Shutting down and abandoning module IntroTutorials (422)
[2017.05.23-12.04.31:662][330]LogModuleManager: Shutting down and abandoning module GameProjectGeneration (421)
[2017.05.23-12.04.31:662][330]LogModuleManager: Shutting down and abandoning module EditorLiveStreaming (418)
[2017.05.23-12.04.31:662][330]LogModuleManager: Shutting down and abandoning module IOSPlatformEditor (416)
[2017.05.23-12.04.31:662][330]LogModuleManager: Shutting down and abandoning module HTML5PlatformEditor (414)
[2017.05.23-12.04.31:662][330]LogModuleManager: Shutting down and abandoning module AndroidPlatformEditor (412)
[2017.05.23-12.04.31:662][330]LogModuleManager: Shutting down and abandoning module AndroidDeviceDetection (411)
[2017.05.23-12.04.32:248][330]LogModuleManager: Shutting down and abandoning module IOSRuntimeSettings (408)
[2017.05.23-12.04.32:248][330]LogModuleManager: Shutting down and abandoning module AndroidRuntimeSettings (406)
[2017.05.23-12.04.32:248][330]LogModuleManager: Shutting down and abandoning module InputBindingEditor (404)
[2017.05.23-12.04.32:248][330]LogModuleManager: Shutting down and abandoning module NiagaraEditor (402)
[2017.05.23-12.04.32:248][330]LogModuleManager: Shutting down and abandoning module MergeActors (400)
[2017.05.23-12.04.32:248][330]LogModuleManager: Shutting down and abandoning module SizeMap (398)
[2017.05.23-12.04.32:248][330]LogModuleManager: Shutting down and abandoning module TreeMap (396)
[2017.05.23-12.04.32:248][330]LogModuleManager: Shutting down and abandoning module ReferenceViewer (394)
[2017.05.23-12.04.32:248][330]LogModuleManager: Shutting down and abandoning module LocalizationDashboard (392)
[2017.05.23-12.04.32:248][330]LogModuleManager: Shutting down and abandoning module LocalizationService (391)
[2017.05.23-12.04.32:248][330]LogModuleManager: Shutting down and abandoning module HardwareTargeting (388)
[2017.05.23-12.04.32:248][330]LogModuleManager: Shutting down and abandoning module DeviceProfileEditor (386)
[2017.05.23-12.04.32:248][330]LogModuleManager: Shutting down and abandoning module UndoHistory (384)
[2017.05.23-12.04.32:248][330]LogModuleManager: Shutting down and abandoning module UserFeedback (382)
[2017.05.23-12.04.32:248][330]LogModuleManager: Shutting down and abandoning module XmlParser (380)
[2017.05.23-12.04.32:248][330]LogModuleManager: Shutting down and abandoning module Blutility (378)
[2017.05.23-12.04.32:248][330]LogModuleManager: Shutting down and abandoning module ProjectSettingsViewer (376)
[2017.05.23-12.04.32:248][330]LogModuleManager: Shutting down and abandoning module ProjectTargetPlatformEditor (375)
[2017.05.23-12.04.32:248][330]LogModuleManager: Shutting down and abandoning module EditorSettingsViewer (372)
[2017.05.23-12.04.32:248][330]LogModuleManager: Shutting down and abandoning module SettingsEditor (370)
[2017.05.23-12.04.32:248][330]LogModuleManager: Shutting down and abandoning module ProjectLauncher (368)
[2017.05.23-12.04.32:248][330]LogModuleManager: Shutting down and abandoning module SessionFrontend (366)
[2017.05.23-12.04.32:248][330]LogModuleManager: Shutting down and abandoning module ProfilerClient (364)
[2017.05.23-12.04.32:248][330]LogModuleManager: Shutting down and abandoning module DeviceManager (362)
[2017.05.23-12.04.32:248][330]LogModuleManager: Shutting down and abandoning module TargetDeviceServices (361)
[2017.05.23-12.04.32:281][330]LogModuleManager: Shutting down and abandoning module AutomationController (358)
[2017.05.23-12.04.32:281][330]LogModuleManager: Shutting down and abandoning module AutomationWindow (356)
[2017.05.23-12.04.32:281][330]LogModuleManager: Shutting down and abandoning module Layers (354)
[2017.05.23-12.04.32:281][330]LogModuleManager: Shutting down and abandoning module ComponentVisualizers (352)
[2017.05.23-12.04.32:281][330]LogModuleManager: Shutting down and abandoning module DetailCustomizations (350)
[2017.05.23-12.04.32:281][330]LogModuleManager: Shutting down and abandoning module PackagesDialog (348)
[2017.05.23-12.04.32:281][330]LogModuleManager: Shutting down and abandoning module Persona (346)
[2017.05.23-12.04.32:281][330]LogModuleManager: Shutting down and abandoning module AnimGraph (345)
[2017.05.23-12.04.32:281][330]LogModuleManager: Shutting down and abandoning module Kismet (342)
[2017.05.23-12.04.32:282][330]LogModuleManager: Shutting down and abandoning module GraphEditor (340)
[2017.05.23-12.04.32:282][330]LogModuleManager: Shutting down and abandoning module ClassViewer (338)
[2017.05.23-12.04.32:282][330]LogModuleManager: Shutting down and abandoning module Toolbox (336)
[2017.05.23-12.04.32:282][330]LogModuleManager: Shutting down and abandoning module ModuleUI (334)
[2017.05.23-12.04.32:282][330]LogModuleManager: Shutting down and abandoning module MovieSceneTools (332)
[2017.05.23-12.04.32:282][330]LogModuleManager: Shutting down and abandoning module OutputLog (330)
[2017.05.23-12.04.32:282][330]LogModuleManager: Shutting down and abandoning module GammaUI (328)
[2017.05.23-12.04.32:282][330]LogModuleManager: Shutting down and abandoning module Documentation (326)
[2017.05.23-12.04.32:282][330]LogModuleManager: Shutting down and abandoning module Niagara (324)
[2017.05.23-12.04.32:282][330]LogModuleManager: Shutting down and abandoning module StreamingPauseRendering (322)
[2017.05.23-12.04.32:282][330]LogModuleManager: Shutting down and abandoning module AnalyticsET (320)
[2017.05.23-12.04.32:282][330]LogModuleManager: Shutting down and abandoning module PortalServices (318)
[2017.05.23-12.04.32:282][330]LogModuleManager: Shutting down and abandoning module PortalRpc (316)
[2017.05.23-12.04.32:282][330]LogModuleManager: Shutting down and abandoning module MessagingRpc (314)
[2017.05.23-12.04.32:282][330]LogModuleManager: Shutting down and abandoning module AIModule (312)
[2017.05.23-12.04.32:282][330]LogModuleManager: Shutting down and abandoning module GameplayDebugger (311)
[2017.05.23-12.04.32:282][330]LogModuleManager: Shutting down and abandoning module AITestSuite (309)
[2017.05.23-12.04.32:282][330]LogModuleManager: Shutting down and abandoning module ProfilerService (306)
[2017.05.23-12.04.32:506][330]LogModuleManager: Shutting down and abandoning module TaskGraph (304)
[2017.05.23-12.04.32:506][330]LogModuleManager: Shutting down and abandoning module SteamVRController (302)
[2017.05.23-12.04.32:506][330]LogModuleManager: Shutting down and abandoning module SteamVR (300)
[2017.05.23-12.04.32:506][330]LogModuleManager: Shutting down and abandoning module ProceduralMeshComponentEditor (298)
[2017.05.23-12.04.32:506][330]LogModuleManager: Shutting down and abandoning module ProceduralMeshComponent (296)
[2017.05.23-12.04.32:506][330]LogModuleManager: Shutting down and abandoning module OculusLibrary (294)
[2017.05.23-12.04.32:506][330]LogModuleManager: Shutting down and abandoning module OculusInput (292)
[2017.05.23-12.04.32:506][330]LogModuleManager: Shutting down and abandoning module MobilePatchingUtils (290)
[2017.05.23-12.04.32:506][330]LogModuleManager: Shutting down and abandoning module CustomMeshComponent (288)
[2017.05.23-12.04.32:506][330]LogModuleManager: Shutting down and abandoning module CableComponent (286)
[2017.05.23-12.04.32:506][330]LogModuleManager: Shutting down and abandoning module ArchVisCharacter (284)
[2017.05.23-12.04.32:506][330]LogModuleManager: Shutting down and abandoning module MediaPlayerEditor (280)
[2017.05.23-12.04.32:506][330]LogModuleManager: Shutting down and abandoning module HTML5Networking (278)
[2017.05.23-12.04.32:506][330]LogModuleManager: Shutting down and abandoning module AlembicImporter (276)
[2017.05.23-12.04.32:506][330]LogModuleManager: Shutting down and abandoning module AlembicLibrary (275)
[2017.05.23-12.04.32:506][330]LogModuleManager: Shutting down and abandoning module GeometryCache (274)
[2017.05.23-12.04.32:506][330]LogModuleManager: Shutting down and abandoning module GeometryCacheEd (273)
[2017.05.23-12.04.32:506][330]LogModuleManager: Shutting down and abandoning module SuperSearchEditor (268)
[2017.05.23-12.04.32:506][330]LogModuleManager: Shutting down and abandoning module SuperSearch (267)
[2017.05.23-12.04.32:506][330]LogModuleManager: Shutting down and abandoning module SpeedTreeImporter (264)
[2017.05.23-12.04.32:506][330]LogModuleManager: Shutting down and abandoning module PluginBrowser (262)
[2017.05.23-12.04.32:506][330]LogModuleManager: Shutting down and abandoning module MobileLauncherProfileWizard (260)
[2017.05.23-12.04.32:506][330]LogModuleManager: Shutting down and abandoning module EpicSurvey (258)
[2017.05.23-12.04.32:506][330]LogModuleManager: Shutting down and abandoning module VisualStudioSourceCodeAccess (256)
[2017.05.23-12.04.32:506][330]LogModuleManager: Shutting down and abandoning module DesktopPlatform (255)
[2017.05.23-12.04.32:506][330]LogModuleManager: Shutting down and abandoning module UObjectPlugin (252)
[2017.05.23-12.04.32:506][330]LogModuleManager: Shutting down and abandoning module SubversionSourceControl (250)
[2017.05.23-12.04.32:506][330]LogModuleManager: Shutting down and abandoning module PerforceSourceControl (248)
[2017.05.23-12.04.32:506][330]LogModuleManager: Shutting down and abandoning module GitSourceControl (246)
[2017.05.23-12.04.32:506][330]LogModuleManager: Shutting down and abandoning module SourceControl (245)
[2017.05.23-12.04.32:506][330]LogModuleManager: Shutting down and abandoning module LightPropagationVolumeEditor (242)
[2017.05.23-12.04.32:506][330]LogModuleManager: Shutting down and abandoning module PaperTiledImporter (240)
[2017.05.23-12.04.32:506][330]LogModuleManager: Shutting down and abandoning module PaperSpriteSheetImporter (238)
[2017.05.23-12.04.32:506][330]LogModuleManager: Shutting down and abandoning module Paper2DEditor (236)
[2017.05.23-12.04.32:506][330]LogModuleManager: Shutting down and abandoning module MeshPaint (235)
[2017.05.23-12.04.32:506][330]LogModuleManager: Shutting down and abandoning module LevelEditor (233)
[2017.05.23-12.04.32:507][330]LogModuleManager: Shutting down and abandoning module PixelInspectorModule (232)
[2017.05.23-12.04.32:507][330]LogModuleManager: Shutting down and abandoning module MainFrame (230)
[2017.05.23-12.04.32:507][330]LogModuleManager: Shutting down and abandoning module HotReload (229)
[2017.05.23-12.04.32:508][330]LogModuleManager: Shutting down and abandoning module ContentBrowser (225)
[2017.05.23-12.04.32:508][330]LogModuleManager: Shutting down and abandoning module PhysXVehiclesEditor (222)
[2017.05.23-12.04.32:508][330]LogModuleManager: Shutting down and abandoning module PhysXVehicles (220)
[2017.05.23-12.04.32:508][330]LogModuleManager: Shutting down and abandoning module LocationServicesBPLibrary (218)
[2017.05.23-12.04.32:508][330]LogModuleManager: Shutting down and abandoning module UdpMessaging (216)
[2017.05.23-12.04.32:609][330]LogModuleManager: Shutting down and abandoning module TcpMessaging (214)
[2017.05.23-12.04.32:711][330]LogModuleManager: Shutting down and abandoning module GameplayTagsEditor (212)
[2017.05.23-12.04.32:711][330]LogModuleManager: Shutting down and abandoning module FacialAnimationEditor (210)
[2017.05.23-12.04.32:711][330]LogModuleManager: Shutting down and abandoning module FacialAnimation (208)
[2017.05.23-12.04.32:711][330]LogModuleManager: Shutting down and abandoning module LightPropagationVolumeRuntime (206)
[2017.05.23-12.04.32:711][330]LogModuleManager: Shutting down and abandoning module Paper2D (204)
[2017.05.23-12.04.32:711][330]LogModuleManager: Shutting down and abandoning module WindowsMoviePlayer (202)
[2017.05.23-12.04.32:711][330]LogModuleManager: Shutting down and abandoning module WmfMedia (200)
[2017.05.23-12.04.32:711][330]LogModuleManager: Shutting down and abandoning module MfMedia (198)
[2017.05.23-12.04.32:711][330]LogModuleManager: Shutting down and abandoning module MediaAssets (196)
[2017.05.23-12.04.32:711][330]LogModuleManager: Shutting down and abandoning module GameLiveStreaming (194)
[2017.05.23-12.04.32:711][330]LogModuleManager: Shutting down and abandoning module VREditor (192)
[2017.05.23-12.04.32:711][330]LogModuleManager: Shutting down and abandoning module GameplayTasksEditor (190)
[2017.05.23-12.04.32:711][330]LogModuleManager: Shutting down and abandoning module BehaviorTreeEditor (188)
[2017.05.23-12.04.32:711][330]LogModuleManager: Shutting down and abandoning module FunctionalTesting (186)
[2017.05.23-12.04.32:711][330]LogModuleManager: Shutting down and abandoning module CollisionAnalyzer (184)
[2017.05.23-12.04.32:711][330]LogModuleManager: Shutting down and abandoning module UMG (182)
[2017.05.23-12.04.32:711][330]LogModuleManager: Shutting down and abandoning module UMGEditor (181)
[2017.05.23-12.04.32:711][330]LogModuleManager: Shutting down and abandoning module Sequencer (180)
[2017.05.23-12.04.32:711][330]LogModuleManager: Shutting down and abandoning module AssetTools (178)
[2017.05.23-12.04.32:711][330]LogModuleManager: Shutting down and abandoning module MessageLog (177)
[2017.05.23-12.04.32:711][330]LogModuleManager: Shutting down and abandoning module WorkspaceMenuStructure (176)
[2017.05.23-12.04.32:711][330]LogModuleManager: Shutting down and abandoning module SlateReflector (170)
[2017.05.23-12.04.32:711][330]LogModuleManager: Shutting down and abandoning module Slate (168)
[2017.05.23-12.04.32:711][330]LogModuleManager: Shutting down and abandoning module EditorStyle (166)
[2017.05.23-12.04.32:714][330]LogModuleManager: Shutting down and abandoning module SourceCodeAccess (164)
[2017.05.23-12.04.32:714][330]LogModuleManager: Shutting down and abandoning module HeadMountedDisplay (162)
[2017.05.23-12.04.32:714][330]LogModuleManager: Shutting down and abandoning module XAudio2 (160)
[2017.05.23-12.04.32:714][330]LogModuleManager: Shutting down and abandoning module Networking (158)
[2017.05.23-12.04.32:714][330]LogModuleManager: Shutting down and abandoning module Core (154)
[2017.05.23-12.04.32:714][330]LogModuleManager: Shutting down and abandoning module AssetRegistry (152)
[2017.05.23-12.04.32:931][330]LogDirectoryWatcher: A directory notification for '../../../Engine/Content/' was aborted.
[2017.05.23-12.04.32:931][330]LogDirectoryWatcher: A directory notification for '../../../../../../LocalWork/UnrealTests/Robotizer808Repo/Robotizer808/Content/' was aborted.
[2017.05.23-12.04.32:932][330]LogDirectoryWatcher: A directory notification for '../../../Engine/Plugins/2D/Paper2D/Content/' was aborted.
[2017.05.23-12.04.32:932][330]LogModuleManager: Shutting down and abandoning module DirectoryWatcher (151)
[2017.05.23-12.04.32:932][330]LogModuleManager: Shutting down and abandoning module KismetCompiler (148)
[2017.05.23-12.04.32:932][330]LogModuleManager: Shutting down and abandoning module PhysXFormats (146)
[2017.05.23-12.04.32:932][330]LogModuleManager: Shutting down and abandoning module MeshUtilities (144)
[2017.05.23-12.04.32:932][330]LogModuleManager: Shutting down and abandoning module SimplygonSwarm (143)
[2017.05.23-12.04.32:932][330]LogModuleManager: Shutting down and abandoning module SimplygonMeshReduction (141)
[2017.05.23-12.04.32:932][330]LogModuleManager: Shutting down and abandoning module QuadricMeshReduction (139)
[2017.05.23-12.04.32:932][330]LogModuleManager: Shutting down and abandoning module PropertyEditor (137)
[2017.05.23-12.04.32:932][330]LogModuleManager: Shutting down and abandoning module DerivedDataCache (134)
[2017.05.23-12.04.32:960][330]LogDerivedDataCache: Shutdown
[2017.05.23-12.04.32:960][330]LogModuleManager: Shutting down and abandoning module TargetPlatform (132)
[2017.05.23-12.04.32:960][330]LogModuleManager: Shutting down and abandoning module VulkanShaderFormat (131)
[2017.05.23-12.04.32:960][330]LogModuleManager: Shutting down and abandoning module ShaderFormatOpenGL (129)
[2017.05.23-12.04.32:960][330]LogModuleManager: Shutting down and abandoning module ShaderFormatD3D (127)
[2017.05.23-12.04.32:960][330]LogModuleManager: Shutting down and abandoning module MetalShaderFormat (125)
[2017.05.23-12.04.32:960][330]LogModuleManager: Shutting down and abandoning module TextureFormatUncompressed (123)
[2017.05.23-12.04.32:960][330]LogModuleManager: Shutting down and abandoning module TextureFormatPVR (121)
[2017.05.23-12.04.32:960][330]LogModuleManager: Shutting down and abandoning module TextureFormatDXT (119)
[2017.05.23-12.04.32:960][330]LogModuleManager: Shutting down and abandoning module TextureFormatIntelISPCTexComp (117)
[2017.05.23-12.04.32:960][330]LogModuleManager: Shutting down and abandoning module TextureFormatASTC (115)
[2017.05.23-12.04.32:960][330]LogModuleManager: Shutting down and abandoning module ImageWrapper (114)
[2017.05.23-12.04.32:960][330]LogModuleManager: Shutting down and abandoning module TextureFormatAndroid (111)
[2017.05.23-12.04.32:960][330]LogModuleManager: Shutting down and abandoning module AudioFormatOpus (109)
[2017.05.23-12.04.32:960][330]LogModuleManager: Shutting down and abandoning module AudioFormatOgg (107)
[2017.05.23-12.04.32:960][330]LogModuleManager: Shutting down and abandoning module AudioFormatADPCM (105)
[2017.05.23-12.04.32:960][330]LogModuleManager: Shutting down and abandoning module LinuxTargetPlatform (103)
[2017.05.23-12.04.32:960][330]LogModuleManager: Shutting down and abandoning module LinuxServerTargetPlatform (101)
[2017.05.23-12.04.32:960][330]LogModuleManager: Shutting down and abandoning module LinuxNoEditorTargetPlatform (99)
[2017.05.23-12.04.32:960][330]LogModuleManager: Shutting down and abandoning module LinuxClientTargetPlatform (97)
[2017.05.23-12.04.32:960][330]LogModuleManager: Shutting down and abandoning module TVOSTargetPlatform (95)
[2017.05.23-12.04.32:960][330]LogModuleManager: Shutting down and abandoning module Messaging (93)
[2017.05.23-12.04.32:960][330]LogModuleManager: Shutting down and abandoning module IOSTargetPlatform (91)
[2017.05.23-12.04.32:960][330]LogModuleManager: Shutting down and abandoning module HTML5TargetPlatform (89)
[2017.05.23-12.04.32:960][330]LogModuleManager: Shutting down and abandoning module Android_PVRTCTargetPlatform (87)
[2017.05.23-12.04.32:960][330]LogModuleManager: Shutting down and abandoning module Android_MultiTargetPlatform (85)
[2017.05.23-12.04.32:960][330]LogModuleManager: Shutting down and abandoning module Android_ETC2TargetPlatform (83)
[2017.05.23-12.04.32:960][330]LogModuleManager: Shutting down and abandoning module Android_ETC1TargetPlatform (81)
[2017.05.23-12.04.32:960][330]LogModuleManager: Shutting down and abandoning module Android_DXTTargetPlatform (79)
[2017.05.23-12.04.32:960][330]LogModuleManager: Shutting down and abandoning module Android_ATCTargetPlatform (77)
[2017.05.23-12.04.32:960][330]LogModuleManager: Shutting down and abandoning module Android_ASTCTargetPlatform (75)
[2017.05.23-12.04.32:960][330]LogModuleManager: Shutting down and abandoning module AndroidTargetPlatform (73)
[2017.05.23-12.04.32:960][330]LogModuleManager: Shutting down and abandoning module WindowsTargetPlatform (71)
[2017.05.23-12.04.32:960][330]LogModuleManager: Shutting down and abandoning module WindowsServerTargetPlatform (69)
[2017.05.23-12.04.32:960][330]LogModuleManager: Shutting down and abandoning module WindowsNoEditorTargetPlatform (67)
[2017.05.23-12.04.32:960][330]LogModuleManager: Shutting down and abandoning module WindowsClientTargetPlatform (65)
[2017.05.23-12.04.32:960][330]LogModuleManager: Shutting down and abandoning module MacTargetPlatform (63)
[2017.05.23-12.04.32:961][330]LogModuleManager: Shutting down and abandoning module MacServerTargetPlatform (61)
[2017.05.23-12.04.32:961][330]LogModuleManager: Shutting down and abandoning module MacNoEditorTargetPlatform (59)
[2017.05.23-12.04.32:961][330]LogModuleManager: Shutting down and abandoning module MacClientTargetPlatform (57)
[2017.05.23-12.04.32:961][330]LogModuleManager: Shutting down and abandoning module AllDesktopTargetPlatform (55)
[2017.05.23-12.04.32:961][330]LogModuleManager: Shutting down and abandoning module InputCore (52)
[2017.05.23-12.04.32:961][330]LogModuleManager: Shutting down and abandoning module Settings (50)
[2017.05.23-12.04.32:961][330]LogModuleManager: Shutting down and abandoning module OculusRift (48)
[2017.05.23-12.04.32:961][330]LogModuleManager: Shutting down and abandoning module GearVR (46)
[2017.05.23-12.04.32:961][330]LogModuleManager: Shutting down and abandoning module ExampleDeviceProfileSelector (44)
[2017.05.23-12.04.32:961][330]LogModuleManager: Shutting down and abandoning module OnlineBlueprintSupport (42)
[2017.05.23-12.04.32:961][330]LogModuleManager: Shutting down and abandoning module OnlineSubsystem (38)
[2017.05.23-12.04.32:961][330]LogOnline:Display: Unloading online subsystem: NULL
[2017.05.23-12.04.32:961][330]LogModuleManager: Shutting down and abandoning module XMPP (37)
[2017.05.23-12.04.32:961][330]LogModuleManager: Shutting down and abandoning module HTTP (35)
[2017.05.23-12.04.32:961][330]LogHttp:Display: Http module shutting down, but needs to wait on 1 outstanding Http requests:
[2017.05.23-12.04.32:961][330]LogHttp:Display: 	verb=[POST] url=[https://datarouter.ol.epicgames.com/datarouter/api/v1/public/data?SessionID=%7BC3C8DA97-40F3-8093-1183-319C55325B39%7D&AppID=UEEditor.Rocket.Release&AppVersion=4.15.2-3416026%2B%2B%2BUE4%2BRelease-4.15&UserID=d0f72eec4cbe3402dde69c9f4c378211%7Cd8c01e605c644d598bce0b1bf4d706be%7Cce62e621-3e28-4fc5-b34c-513586aff0e1&AppEnvironment=datacollector-binary&UploadType=eteventstream] status=Processing
[2017.05.23-12.04.32:973][330]LogModuleManager: Shutting down and abandoning module SSL (34)
[2017.05.23-12.04.32:975][330]LogModuleManager: Shutting down and abandoning module AudioEditor (30)
[2017.05.23-12.04.32:975][330]LogModuleManager: Shutting down and abandoning module TextureCompressor (28)
[2017.05.23-12.04.32:975][330]LogModuleManager: Shutting down and abandoning module ShaderCore (26)
[2017.05.23-12.04.32:975][330]LogModuleManager: Shutting down and abandoning module Landscape (24)
[2017.05.23-12.04.32:975][330]LogModuleManager: Shutting down and abandoning module SlateRHIRenderer (22)
[2017.05.23-12.04.32:976][330]LogModuleManager: Shutting down and abandoning module OpenGLDrv (20)
[2017.05.23-12.04.32:976][330]LogModuleManager: Shutting down and abandoning module D3D11RHI (18)
[2017.05.23-12.04.32:976][330]LogModuleManager: Shutting down and abandoning module AnimGraphRuntime (16)
[2017.05.23-12.04.32:976][330]LogModuleManager: Shutting down and abandoning module Renderer (14)
[2017.05.23-12.04.32:976][330]LogModuleManager: Shutting down and abandoning module Engine (12)
[2017.05.23-12.04.32:976][330]LogModuleManager: Shutting down and abandoning module CoreUObject (10)
[2017.05.23-12.04.32:976][330]LogModuleManager: Shutting down and abandoning module NetworkFile (8)
[2017.05.23-12.04.32:976][330]LogModuleManager: Shutting down and abandoning module StreamingFile (6)
[2017.05.23-12.04.32:976][330]LogModuleManager: Shutting down and abandoning module SandboxFile (4)
[2017.05.23-12.04.32:976][330]LogModuleManager: Shutting down and abandoning module PakFile (2)
[2017.05.23-12.04.32:977][330]LogExit: Exiting.
[2017.05.23-12.04.32:986][330]Log file closed, 05/23/17 14:04:32
